2021-06-03 14:58:56,622:INFO:PyCaret Supervised Module
2021-06-03 14:58:56,623:INFO:ML Usecase: regression
2021-06-03 14:58:56,623:INFO:version 2.3.0
2021-06-03 14:58:56,623:INFO:Initializing setup()
2021-06-03 14:58:56,624:INFO:setup(target=sentiment, ml_usecase=regression, available_plots={'parameter': 'Hyperparameters', 'residuals': 'Residuals', 'error': 'Prediction Error', 'cooks': 'Cooks Distance', 'rfe': 'Feature Selection', 'learning': 'Learning Curve', 'manifold': 'Manifold Learning', 'vc': 'Validation Curve', 'feature': 'Feature Importance', 'feature_all': 'Feature Importance (All)', 'tree': 'Decision Tree', 'residuals_interactive': 'Interactive Residuals'}, train_size=0.7, test_data=None, preprocess=True, imputation_type=simple, iterative_imputation_iters=5, categorical_features=None, categorical_imputation=constant, categorical_iterative_imputer=lightgbm, ordinal_features=None, high_cardinality_features=None, high_cardinality_method=frequency, numeric_features=None, numeric_imputation=mean, numeric_iterative_imputer=lightgbm, date_features=None, ignore_features=None, normalize=False, normalize_method=zscore, transformation=False, transformation_method=yeo-johnson, handle_unknown_categorical=True, unknown_categorical_method=least_frequent, pca=False, pca_method=linear, pca_components=None, ignore_low_variance=False, combine_rare_levels=False, rare_level_threshold=0.1, bin_numeric_features=None, remove_outliers=False, outliers_threshold=0.05, remove_multicollinearity=False, multicollinearity_threshold=0.9, remove_perfect_collinearity=True, create_clusters=False, cluster_iter=20, polynomial_features=False, polynomial_degree=2, trigonometry_features=False, polynomial_threshold=0.1, group_features=None, group_names=None, feature_selection=False, feature_selection_threshold=0.8, feature_selection_method=classic, feature_interaction=False, feature_ratio=False, interaction_threshold=0.01, fix_imbalance=False, fix_imbalance_method=None, transform_target=False, transform_target_method=box-cox, data_split_shuffle=True, data_split_stratify=False, fold_strategy=kfold, fold=10, fold_shuffle=False, fold_groups=None, n_jobs=-1, use_gpu=False, custom_pipeline=None, html=True, session_id=None, log_experiment=False, experiment_name=None, log_plots=False, log_profile=False, log_data=False, silent=False, verbose=True, profile=False, profile_kwargs=None, display=None)
2021-06-03 14:58:56,625:INFO:Checking environment
2021-06-03 14:58:56,625:INFO:python_version: 3.8.5
2021-06-03 14:58:56,625:INFO:python_build: ('default', 'Sep  3 2020 21:29:08')
2021-06-03 14:58:56,625:INFO:machine: AMD64
2021-06-03 14:58:56,626:INFO:platform: Windows-10-10.0.18362-SP0
2021-06-03 14:58:56,626:INFO:Memory: svmem(total=12761948160, available=5638410240, percent=55.8, used=7123537920, free=5638410240)
2021-06-03 14:58:56,626:INFO:Physical Core: 4
2021-06-03 14:58:56,626:INFO:Logical Core: 8
2021-06-03 14:58:56,627:INFO:Checking libraries
2021-06-03 14:58:56,627:INFO:pd==1.1.3
2021-06-03 14:58:56,627:INFO:numpy==1.19.5
2021-06-03 14:58:56,627:INFO:sklearn==0.23.2
2021-06-03 14:58:56,627:INFO:lightgbm==3.2.1
2021-06-03 14:58:58,944:INFO:catboost==0.25.1
2021-06-03 14:58:59,521:INFO:xgboost==1.3.3
2021-06-03 14:59:01,535:INFO:mlflow==1.15.0
2021-06-03 14:59:01,536:INFO:Checking Exceptions
2021-06-03 14:59:01,536:INFO:Declaring global variables
2021-06-03 14:59:01,536:INFO:USI: 8d38
2021-06-03 14:59:01,536:INFO:pycaret_globals: {'create_model_container', 'fold_generator', 'logging_param', 'USI', 'transform_target_method_param', '_all_models', '_all_models_internal', 'iterative_imputation_iters_param', 'imputation_classifier', '_all_metrics', 'target_param', 'fold_shuffle_param', 'experiment__', 'X', 'data_before_preprocess', '_ml_usecase', 'fold_param', 'y_test', 'y', 'n_jobs_param', 'exp_name_log', 'fold_groups_param', 'fix_imbalance_method_param', '_available_plots', 'y_train', 'prep_pipe', '_gpu_n_jobs_param', '_internal_pipeline', 'transform_target_param', 'pycaret_globals', 'imputation_regressor', 'X_test', 'display_container', 'seed', 'stratify_param', 'X_train', 'html_param', 'fix_imbalance_param', 'gpu_param', 'log_plots_param', 'master_model_container'}
2021-06-03 14:59:01,536:INFO:Preparing display monitor
2021-06-03 14:59:01,536:INFO:Preparing display monitor
2021-06-03 14:59:01,548:INFO:Importing libraries
2021-06-03 14:59:01,548:INFO:Copying data for preprocessing
2021-06-03 14:59:01,555:INFO:Declaring preprocessing parameters
2021-06-03 14:59:01,556:INFO:Creating preprocessing pipeline
2021-06-03 14:59:01,560:INFO:Preprocessing pipeline created successfully
2021-06-03 14:59:01,560:ERROR:(Process Exit): setup has been interupted with user command 'quit'. setup must rerun.
2021-06-03 14:59:01,560:INFO:Creating global containers
2021-06-03 14:59:01,601:INFO:Internal pipeline: Pipeline(memory=None, steps=[('empty_step', 'passthrough')], verbose=False)
2021-06-03 14:59:04,348:INFO:Creating grid variables
2021-06-03 14:59:04,396:INFO:create_model_container: 0
2021-06-03 14:59:04,396:INFO:master_model_container: 0
2021-06-03 14:59:04,396:INFO:display_container: 1
2021-06-03 14:59:04,401:INFO:Pipeline(memory=None,
         steps=[('dtypes',
                 DataTypes_Auto_infer(categorical_features=[],
                                      display_types=True, features_todrop=[],
                                      id_columns=[], ml_usecase='regression',
                                      numerical_features=[], target='sentiment',
                                      time_features=[])),
                ('imputer',
                 Simple_Imputer(categorical_strategy='not_available',
                                fill_value_categorical=None,
                                fill_value_numerical=None,
                                numeric_strate...
                ('scaling', 'passthrough'), ('P_transform', 'passthrough'),
                ('binn', 'passthrough'), ('rem_outliers', 'passthrough'),
                ('cluster_all', 'passthrough'),
                ('dummy', Dummify(target='sentiment')),
                ('fix_perfect', Remove_100(target='sentiment')),
                ('clean_names', Clean_Colum_Names()),
                ('feature_select', 'passthrough'), ('fix_multi', 'passthrough'),
                ('dfs', 'passthrough'), ('pca', 'passthrough')],
         verbose=False)
2021-06-03 14:59:04,401:INFO:setup() succesfully completed......................................
2021-06-03 14:59:42,367:INFO:Initializing compare_models()
2021-06-03 14:59:42,367:INFO:compare_models(include=None, fold=None, round=4, cross_validation=True, sort=R2, n_select=1, budget_time=None, turbo=True, errors=ignore, fit_kwargs=None, groups=None, verbose=True, display=None, exclude=None)
2021-06-03 14:59:42,367:INFO:Checking exceptions
2021-06-03 14:59:42,367:INFO:Preparing display monitor
2021-06-03 14:59:42,368:INFO:Preparing display monitor
2021-06-03 14:59:42,401:INFO:Initializing Linear Regression
2021-06-03 14:59:42,401:INFO:Total runtime is 0.0 minutes
2021-06-03 14:59:42,411:INFO:SubProcess create_model() called ==================================
2021-06-03 14:59:42,412:INFO:Initializing create_model()
2021-06-03 14:59:42,412:INFO:create_model(estimator=lr, fold=KFold(n_splits=10, random_state=None, shuffle=False), round=4, cross_validation=True, predict=True, fit_kwargs={}, groups=None, refit=False, verbose=False, system=False, metrics=None, display=<pycaret.internal.Display.Display object at 0x00000223BD8D6790>, kwargs={})
2021-06-03 14:59:42,412:INFO:Checking exceptions
2021-06-03 14:59:42,412:INFO:Importing libraries
2021-06-03 14:59:42,412:INFO:Copying training dataset
2021-06-03 14:59:42,414:INFO:Defining folds
2021-06-03 14:59:42,414:INFO:Declaring metric variables
2021-06-03 14:59:42,423:INFO:Importing untrained model
2021-06-03 14:59:42,434:INFO:Linear Regression Imported succesfully
2021-06-03 14:59:42,454:INFO:Starting cross validation
2021-06-03 14:59:42,617:INFO:Cross validating with KFold(n_splits=10, random_state=None, shuffle=False), n_jobs=-1
2021-06-03 15:00:04,445:INFO:Calculating mean and std
2021-06-03 15:00:04,446:INFO:Creating metrics dataframe
2021-06-03 15:00:04,450:INFO:Uploading results into container
2021-06-03 15:00:04,450:INFO:Uploading model into container now
2021-06-03 15:00:04,450:INFO:create_model_container: 1
2021-06-03 15:00:04,450:INFO:master_model_container: 1
2021-06-03 15:00:04,450:INFO:display_container: 2
2021-06-03 15:00:04,451:INFO:LinearRegression(copy_X=True, fit_intercept=True, n_jobs=-1, normalize=False)
2021-06-03 15:00:04,451:INFO:create_model() succesfully completed......................................
2021-06-03 15:00:04,529:INFO:SubProcess create_model() end ==================================
2021-06-03 15:00:04,530:INFO:Creating metrics dataframe
2021-06-03 15:00:04,549:INFO:Initializing Lasso Regression
2021-06-03 15:00:04,549:INFO:Total runtime is 0.36914115746816 minutes
2021-06-03 15:00:04,558:INFO:SubProcess create_model() called ==================================
2021-06-03 15:00:04,559:INFO:Initializing create_model()
2021-06-03 15:00:04,559:INFO:create_model(estimator=lasso, fold=KFold(n_splits=10, random_state=None, shuffle=False), round=4, cross_validation=True, predict=True, fit_kwargs={}, groups=None, refit=False, verbose=False, system=False, metrics=None, display=<pycaret.internal.Display.Display object at 0x00000223BD8D6790>, kwargs={})
2021-06-03 15:00:04,559:INFO:Checking exceptions
2021-06-03 15:00:04,559:INFO:Importing libraries
2021-06-03 15:00:04,559:INFO:Copying training dataset
2021-06-03 15:00:04,564:INFO:Defining folds
2021-06-03 15:00:04,564:INFO:Declaring metric variables
2021-06-03 15:00:04,574:INFO:Importing untrained model
2021-06-03 15:00:04,587:INFO:Lasso Regression Imported succesfully
2021-06-03 15:00:04,613:INFO:Starting cross validation
2021-06-03 15:00:04,614:INFO:Cross validating with KFold(n_splits=10, random_state=None, shuffle=False), n_jobs=-1
2021-06-03 15:00:04,836:INFO:Calculating mean and std
2021-06-03 15:00:04,837:INFO:Creating metrics dataframe
2021-06-03 15:00:04,841:INFO:Uploading results into container
2021-06-03 15:00:04,842:INFO:Uploading model into container now
2021-06-03 15:00:04,842:INFO:create_model_container: 2
2021-06-03 15:00:04,842:INFO:master_model_container: 2
2021-06-03 15:00:04,842:INFO:display_container: 2
2021-06-03 15:00:04,842:INFO:Lasso(alpha=1.0, copy_X=True, fit_intercept=True, max_iter=1000,
      normalize=False, positive=False, precompute=False, random_state=6658,
      selection='cyclic', tol=0.0001, warm_start=False)
2021-06-03 15:00:04,842:INFO:create_model() succesfully completed......................................
2021-06-03 15:00:04,909:INFO:SubProcess create_model() end ==================================
2021-06-03 15:00:04,909:INFO:Creating metrics dataframe
2021-06-03 15:00:04,927:INFO:Initializing Ridge Regression
2021-06-03 15:00:04,927:INFO:Total runtime is 0.37544414202372234 minutes
2021-06-03 15:00:04,937:INFO:SubProcess create_model() called ==================================
2021-06-03 15:00:04,937:INFO:Initializing create_model()
2021-06-03 15:00:04,937:INFO:create_model(estimator=ridge, fold=KFold(n_splits=10, random_state=None, shuffle=False), round=4, cross_validation=True, predict=True, fit_kwargs={}, groups=None, refit=False, verbose=False, system=False, metrics=None, display=<pycaret.internal.Display.Display object at 0x00000223BD8D6790>, kwargs={})
2021-06-03 15:00:04,938:INFO:Checking exceptions
2021-06-03 15:00:04,938:INFO:Importing libraries
2021-06-03 15:00:04,938:INFO:Copying training dataset
2021-06-03 15:00:04,940:INFO:Defining folds
2021-06-03 15:00:04,940:INFO:Declaring metric variables
2021-06-03 15:00:04,953:INFO:Importing untrained model
2021-06-03 15:00:04,967:INFO:Ridge Regression Imported succesfully
2021-06-03 15:00:04,991:INFO:Starting cross validation
2021-06-03 15:00:04,992:INFO:Cross validating with KFold(n_splits=10, random_state=None, shuffle=False), n_jobs=-1
2021-06-03 15:00:05,296:INFO:Calculating mean and std
2021-06-03 15:00:05,297:INFO:Creating metrics dataframe
2021-06-03 15:00:05,304:INFO:Uploading results into container
2021-06-03 15:00:05,305:INFO:Uploading model into container now
2021-06-03 15:00:05,305:INFO:create_model_container: 3
2021-06-03 15:00:05,305:INFO:master_model_container: 3
2021-06-03 15:00:05,305:INFO:display_container: 2
2021-06-03 15:00:05,305:INFO:Ridge(alpha=1.0, copy_X=True, fit_intercept=True, max_iter=None,
      normalize=False, random_state=6658, solver='auto', tol=0.001)
2021-06-03 15:00:05,306:INFO:create_model() succesfully completed......................................
2021-06-03 15:00:05,385:INFO:SubProcess create_model() end ==================================
2021-06-03 15:00:05,385:INFO:Creating metrics dataframe
2021-06-03 15:00:05,404:INFO:Initializing Elastic Net
2021-06-03 15:00:05,404:INFO:Total runtime is 0.38338577349980674 minutes
2021-06-03 15:00:05,414:INFO:SubProcess create_model() called ==================================
2021-06-03 15:00:05,414:INFO:Initializing create_model()
2021-06-03 15:00:05,414:INFO:create_model(estimator=en, fold=KFold(n_splits=10, random_state=None, shuffle=False), round=4, cross_validation=True, predict=True, fit_kwargs={}, groups=None, refit=False, verbose=False, system=False, metrics=None, display=<pycaret.internal.Display.Display object at 0x00000223BD8D6790>, kwargs={})
2021-06-03 15:00:05,415:INFO:Checking exceptions
2021-06-03 15:00:05,415:INFO:Importing libraries
2021-06-03 15:00:05,415:INFO:Copying training dataset
2021-06-03 15:00:05,417:INFO:Defining folds
2021-06-03 15:00:05,417:INFO:Declaring metric variables
2021-06-03 15:00:05,427:INFO:Importing untrained model
2021-06-03 15:00:05,439:INFO:Elastic Net Imported succesfully
2021-06-03 15:00:05,462:INFO:Starting cross validation
2021-06-03 15:00:05,463:INFO:Cross validating with KFold(n_splits=10, random_state=None, shuffle=False), n_jobs=-1
2021-06-03 15:00:05,702:INFO:Calculating mean and std
2021-06-03 15:00:05,703:INFO:Creating metrics dataframe
2021-06-03 15:00:05,709:INFO:Uploading results into container
2021-06-03 15:00:05,709:INFO:Uploading model into container now
2021-06-03 15:00:05,709:INFO:create_model_container: 4
2021-06-03 15:00:05,709:INFO:master_model_container: 4
2021-06-03 15:00:05,709:INFO:display_container: 2
2021-06-03 15:00:05,710:INFO:ElasticNet(alpha=1.0, copy_X=True, fit_intercept=True, l1_ratio=0.5,
           max_iter=1000, normalize=False, positive=False, precompute=False,
           random_state=6658, selection='cyclic', tol=0.0001, warm_start=False)
2021-06-03 15:00:05,710:INFO:create_model() succesfully completed......................................
2021-06-03 15:00:05,779:INFO:SubProcess create_model() end ==================================
2021-06-03 15:00:05,780:INFO:Creating metrics dataframe
2021-06-03 15:00:05,798:INFO:Initializing Least Angle Regression
2021-06-03 15:00:05,799:INFO:Total runtime is 0.3899747649828593 minutes
2021-06-03 15:00:05,808:INFO:SubProcess create_model() called ==================================
2021-06-03 15:00:05,808:INFO:Initializing create_model()
2021-06-03 15:00:05,809:INFO:create_model(estimator=lar, fold=KFold(n_splits=10, random_state=None, shuffle=False), round=4, cross_validation=True, predict=True, fit_kwargs={}, groups=None, refit=False, verbose=False, system=False, metrics=None, display=<pycaret.internal.Display.Display object at 0x00000223BD8D6790>, kwargs={})
2021-06-03 15:00:05,809:INFO:Checking exceptions
2021-06-03 15:00:05,809:INFO:Importing libraries
2021-06-03 15:00:05,809:INFO:Copying training dataset
2021-06-03 15:00:05,811:INFO:Defining folds
2021-06-03 15:00:05,811:INFO:Declaring metric variables
2021-06-03 15:00:05,824:INFO:Importing untrained model
2021-06-03 15:00:05,836:INFO:Least Angle Regression Imported succesfully
2021-06-03 15:00:05,858:INFO:Starting cross validation
2021-06-03 15:00:05,859:INFO:Cross validating with KFold(n_splits=10, random_state=None, shuffle=False), n_jobs=-1
2021-06-03 15:00:07,167:INFO:Calculating mean and std
2021-06-03 15:00:07,168:INFO:Creating metrics dataframe
2021-06-03 15:00:07,175:INFO:Uploading results into container
2021-06-03 15:00:07,175:INFO:Uploading model into container now
2021-06-03 15:00:07,175:INFO:create_model_container: 5
2021-06-03 15:00:07,175:INFO:master_model_container: 5
2021-06-03 15:00:07,175:INFO:display_container: 2
2021-06-03 15:00:07,176:INFO:Lars(copy_X=True, eps=2.220446049250313e-16, fit_intercept=True, fit_path=True,
     jitter=None, n_nonzero_coefs=500, normalize=True, precompute='auto',
     random_state=6658, verbose=False)
2021-06-03 15:00:07,176:INFO:create_model() succesfully completed......................................
2021-06-03 15:00:07,254:INFO:SubProcess create_model() end ==================================
2021-06-03 15:00:07,254:INFO:Creating metrics dataframe
2021-06-03 15:00:07,279:INFO:Initializing Lasso Least Angle Regression
2021-06-03 15:00:07,279:INFO:Total runtime is 0.4146475195884705 minutes
2021-06-03 15:00:07,292:INFO:SubProcess create_model() called ==================================
2021-06-03 15:00:07,293:INFO:Initializing create_model()
2021-06-03 15:00:07,293:INFO:create_model(estimator=llar, fold=KFold(n_splits=10, random_state=None, shuffle=False), round=4, cross_validation=True, predict=True, fit_kwargs={}, groups=None, refit=False, verbose=False, system=False, metrics=None, display=<pycaret.internal.Display.Display object at 0x00000223BD8D6790>, kwargs={})
2021-06-03 15:00:07,293:INFO:Checking exceptions
2021-06-03 15:00:07,293:INFO:Importing libraries
2021-06-03 15:00:07,293:INFO:Copying training dataset
2021-06-03 15:00:07,295:INFO:Defining folds
2021-06-03 15:00:07,296:INFO:Declaring metric variables
2021-06-03 15:00:07,309:INFO:Importing untrained model
2021-06-03 15:00:07,321:INFO:Lasso Least Angle Regression Imported succesfully
2021-06-03 15:00:07,348:INFO:Starting cross validation
2021-06-03 15:00:07,349:INFO:Cross validating with KFold(n_splits=10, random_state=None, shuffle=False), n_jobs=-1
2021-06-03 15:00:07,612:INFO:Calculating mean and std
2021-06-03 15:00:07,613:INFO:Creating metrics dataframe
2021-06-03 15:00:07,619:INFO:Uploading results into container
2021-06-03 15:00:07,619:INFO:Uploading model into container now
2021-06-03 15:00:07,619:INFO:create_model_container: 6
2021-06-03 15:00:07,619:INFO:master_model_container: 6
2021-06-03 15:00:07,619:INFO:display_container: 2
2021-06-03 15:00:07,620:INFO:LassoLars(alpha=1.0, copy_X=True, eps=2.220446049250313e-16, fit_intercept=True,
          fit_path=True, jitter=None, max_iter=500, normalize=True,
          positive=False, precompute='auto', random_state=6658, verbose=False)
2021-06-03 15:00:07,620:INFO:create_model() succesfully completed......................................
2021-06-03 15:00:07,692:INFO:SubProcess create_model() end ==================================
2021-06-03 15:00:07,693:INFO:Creating metrics dataframe
2021-06-03 15:00:07,732:INFO:Initializing Orthogonal Matching Pursuit
2021-06-03 15:00:07,732:INFO:Total runtime is 0.4221974809964498 minutes
2021-06-03 15:00:07,749:INFO:SubProcess create_model() called ==================================
2021-06-03 15:00:07,750:INFO:Initializing create_model()
2021-06-03 15:00:07,750:INFO:create_model(estimator=omp, fold=KFold(n_splits=10, random_state=None, shuffle=False), round=4, cross_validation=True, predict=True, fit_kwargs={}, groups=None, refit=False, verbose=False, system=False, metrics=None, display=<pycaret.internal.Display.Display object at 0x00000223BD8D6790>, kwargs={})
2021-06-03 15:00:07,750:INFO:Checking exceptions
2021-06-03 15:00:07,750:INFO:Importing libraries
2021-06-03 15:00:07,751:INFO:Copying training dataset
2021-06-03 15:00:07,754:INFO:Defining folds
2021-06-03 15:00:07,755:INFO:Declaring metric variables
2021-06-03 15:00:07,773:INFO:Importing untrained model
2021-06-03 15:00:07,795:INFO:Orthogonal Matching Pursuit Imported succesfully
2021-06-03 15:00:07,830:INFO:Starting cross validation
2021-06-03 15:00:07,831:INFO:Cross validating with KFold(n_splits=10, random_state=None, shuffle=False), n_jobs=-1
2021-06-03 15:00:08,110:INFO:Calculating mean and std
2021-06-03 15:00:08,111:INFO:Creating metrics dataframe
2021-06-03 15:00:08,118:INFO:Uploading results into container
2021-06-03 15:00:08,118:INFO:Uploading model into container now
2021-06-03 15:00:08,118:INFO:create_model_container: 7
2021-06-03 15:00:08,118:INFO:master_model_container: 7
2021-06-03 15:00:08,119:INFO:display_container: 2
2021-06-03 15:00:08,119:INFO:OrthogonalMatchingPursuit(fit_intercept=True, n_nonzero_coefs=None,
                          normalize=True, precompute='auto', tol=None)
2021-06-03 15:00:08,119:INFO:create_model() succesfully completed......................................
2021-06-03 15:00:08,210:INFO:SubProcess create_model() end ==================================
2021-06-03 15:00:08,210:INFO:Creating metrics dataframe
2021-06-03 15:00:08,257:INFO:Initializing Bayesian Ridge
2021-06-03 15:00:08,257:INFO:Total runtime is 0.4309431950251262 minutes
2021-06-03 15:00:08,270:INFO:SubProcess create_model() called ==================================
2021-06-03 15:00:08,271:INFO:Initializing create_model()
2021-06-03 15:00:08,271:INFO:create_model(estimator=br, fold=KFold(n_splits=10, random_state=None, shuffle=False), round=4, cross_validation=True, predict=True, fit_kwargs={}, groups=None, refit=False, verbose=False, system=False, metrics=None, display=<pycaret.internal.Display.Display object at 0x00000223BD8D6790>, kwargs={})
2021-06-03 15:00:08,271:INFO:Checking exceptions
2021-06-03 15:00:08,271:INFO:Importing libraries
2021-06-03 15:00:08,271:INFO:Copying training dataset
2021-06-03 15:00:08,274:INFO:Defining folds
2021-06-03 15:00:08,274:INFO:Declaring metric variables
2021-06-03 15:00:08,285:INFO:Importing untrained model
2021-06-03 15:00:08,296:INFO:Bayesian Ridge Imported succesfully
2021-06-03 15:00:08,317:INFO:Starting cross validation
2021-06-03 15:00:08,318:INFO:Cross validating with KFold(n_splits=10, random_state=None, shuffle=False), n_jobs=-1
2021-06-03 15:00:35,548:INFO:Calculating mean and std
2021-06-03 15:00:35,549:INFO:Creating metrics dataframe
2021-06-03 15:00:35,553:INFO:Uploading results into container
2021-06-03 15:00:35,553:INFO:Uploading model into container now
2021-06-03 15:00:35,553:INFO:create_model_container: 8
2021-06-03 15:00:35,553:INFO:master_model_container: 8
2021-06-03 15:00:35,553:INFO:display_container: 2
2021-06-03 15:00:35,554:INFO:BayesianRidge(alpha_1=1e-06, alpha_2=1e-06, alpha_init=None,
              compute_score=False, copy_X=True, fit_intercept=True,
              lambda_1=1e-06, lambda_2=1e-06, lambda_init=None, n_iter=300,
              normalize=False, tol=0.001, verbose=False)
2021-06-03 15:00:35,554:INFO:create_model() succesfully completed......................................
2021-06-03 15:00:35,620:INFO:SubProcess create_model() end ==================================
2021-06-03 15:00:35,620:INFO:Creating metrics dataframe
2021-06-03 15:00:35,647:INFO:Initializing Passive Aggressive Regressor
2021-06-03 15:00:35,647:INFO:Total runtime is 0.8874419411023458 minutes
2021-06-03 15:00:35,658:INFO:SubProcess create_model() called ==================================
2021-06-03 15:00:35,658:INFO:Initializing create_model()
2021-06-03 15:00:35,658:INFO:create_model(estimator=par, fold=KFold(n_splits=10, random_state=None, shuffle=False), round=4, cross_validation=True, predict=True, fit_kwargs={}, groups=None, refit=False, verbose=False, system=False, metrics=None, display=<pycaret.internal.Display.Display object at 0x00000223BD8D6790>, kwargs={})
2021-06-03 15:00:35,658:INFO:Checking exceptions
2021-06-03 15:00:35,658:INFO:Importing libraries
2021-06-03 15:00:35,659:INFO:Copying training dataset
2021-06-03 15:00:35,661:INFO:Defining folds
2021-06-03 15:00:35,661:INFO:Declaring metric variables
2021-06-03 15:00:35,670:INFO:Importing untrained model
2021-06-03 15:00:35,679:INFO:Passive Aggressive Regressor Imported succesfully
2021-06-03 15:00:35,704:INFO:Starting cross validation
2021-06-03 15:00:35,705:INFO:Cross validating with KFold(n_splits=10, random_state=None, shuffle=False), n_jobs=-1
2021-06-03 15:00:36,264:INFO:Calculating mean and std
2021-06-03 15:00:36,265:INFO:Creating metrics dataframe
2021-06-03 15:00:36,268:INFO:Uploading results into container
2021-06-03 15:00:36,268:INFO:Uploading model into container now
2021-06-03 15:00:36,268:INFO:create_model_container: 9
2021-06-03 15:00:36,268:INFO:master_model_container: 9
2021-06-03 15:00:36,269:INFO:display_container: 2
2021-06-03 15:00:36,269:INFO:PassiveAggressiveRegressor(C=1.0, average=False, early_stopping=False,
                           epsilon=0.1, fit_intercept=True,
                           loss='epsilon_insensitive', max_iter=1000,
                           n_iter_no_change=5, random_state=6658, shuffle=True,
                           tol=0.001, validation_fraction=0.1, verbose=0,
                           warm_start=False)
2021-06-03 15:00:36,269:INFO:create_model() succesfully completed......................................
2021-06-03 15:00:36,330:INFO:SubProcess create_model() end ==================================
2021-06-03 15:00:36,331:INFO:Creating metrics dataframe
2021-06-03 15:00:36,350:INFO:Initializing Huber Regressor
2021-06-03 15:00:36,350:INFO:Total runtime is 0.8991507252057394 minutes
2021-06-03 15:00:36,359:INFO:SubProcess create_model() called ==================================
2021-06-03 15:00:36,359:INFO:Initializing create_model()
2021-06-03 15:00:36,359:INFO:create_model(estimator=huber, fold=KFold(n_splits=10, random_state=None, shuffle=False), round=4, cross_validation=True, predict=True, fit_kwargs={}, groups=None, refit=False, verbose=False, system=False, metrics=None, display=<pycaret.internal.Display.Display object at 0x00000223BD8D6790>, kwargs={})
2021-06-03 15:00:36,359:INFO:Checking exceptions
2021-06-03 15:00:36,359:INFO:Importing libraries
2021-06-03 15:00:36,359:INFO:Copying training dataset
2021-06-03 15:00:36,361:INFO:Defining folds
2021-06-03 15:00:36,362:INFO:Declaring metric variables
2021-06-03 15:00:36,369:INFO:Importing untrained model
2021-06-03 15:00:36,380:INFO:Huber Regressor Imported succesfully
2021-06-03 15:00:36,399:INFO:Starting cross validation
2021-06-03 15:00:36,400:INFO:Cross validating with KFold(n_splits=10, random_state=None, shuffle=False), n_jobs=-1
2021-06-03 15:00:40,630:INFO:Calculating mean and std
2021-06-03 15:00:40,631:INFO:Creating metrics dataframe
2021-06-03 15:00:40,635:INFO:Uploading results into container
2021-06-03 15:00:40,635:INFO:Uploading model into container now
2021-06-03 15:00:40,635:INFO:create_model_container: 10
2021-06-03 15:00:40,635:INFO:master_model_container: 10
2021-06-03 15:00:40,635:INFO:display_container: 2
2021-06-03 15:00:40,636:INFO:HuberRegressor(alpha=0.0001, epsilon=1.35, fit_intercept=True, max_iter=100,
               tol=1e-05, warm_start=False)
2021-06-03 15:00:40,636:INFO:create_model() succesfully completed......................................
2021-06-03 15:00:40,700:INFO:SubProcess create_model() end ==================================
2021-06-03 15:00:40,700:INFO:Creating metrics dataframe
2021-06-03 15:00:40,718:INFO:Initializing K Neighbors Regressor
2021-06-03 15:00:40,718:INFO:Total runtime is 0.9719512661298116 minutes
2021-06-03 15:00:40,727:INFO:SubProcess create_model() called ==================================
2021-06-03 15:00:40,727:INFO:Initializing create_model()
2021-06-03 15:00:40,727:INFO:create_model(estimator=knn, fold=KFold(n_splits=10, random_state=None, shuffle=False), round=4, cross_validation=True, predict=True, fit_kwargs={}, groups=None, refit=False, verbose=False, system=False, metrics=None, display=<pycaret.internal.Display.Display object at 0x00000223BD8D6790>, kwargs={})
2021-06-03 15:00:40,727:INFO:Checking exceptions
2021-06-03 15:00:40,727:INFO:Importing libraries
2021-06-03 15:00:40,727:INFO:Copying training dataset
2021-06-03 15:00:40,729:INFO:Defining folds
2021-06-03 15:00:40,729:INFO:Declaring metric variables
2021-06-03 15:00:40,737:INFO:Importing untrained model
2021-06-03 15:00:40,748:INFO:K Neighbors Regressor Imported succesfully
2021-06-03 15:00:40,769:INFO:Starting cross validation
2021-06-03 15:00:40,769:INFO:Cross validating with KFold(n_splits=10, random_state=None, shuffle=False), n_jobs=-1
2021-06-03 15:00:41,462:WARNING:create_model() for knn raised an exception or returned all 0.0, trying without fit_kwargs:
2021-06-03 15:00:41,521:WARNING:joblib.externals.loky.process_executor._RemoteTraceback: 
"""
Traceback (most recent call last):
  File "D:\Anaconda\lib\site-packages\sklearn\metrics\_scorer.py", line 56, in _cached_call
    return cache[method]
KeyError: 'predict'

During handling of the above exception, another exception occurred:

Traceback (most recent call last):
  File "D:\Anaconda\lib\site-packages\joblib\externals\loky\process_executor.py", line 431, in _process_worker
    r = call_item()
  File "D:\Anaconda\lib\site-packages\joblib\externals\loky\process_executor.py", line 285, in __call__
    return self.fn(*self.args, **self.kwargs)
  File "D:\Anaconda\lib\site-packages\joblib\_parallel_backends.py", line 595, in __call__
    return self.func(*args, **kwargs)
  File "D:\Anaconda\lib\site-packages\joblib\parallel.py", line 262, in __call__
    return [func(*args, **kwargs)
  File "D:\Anaconda\lib\site-packages\joblib\parallel.py", line 262, in <listcomp>
    return [func(*args, **kwargs)
  File "D:\Anaconda\lib\site-packages\sklearn\model_selection\_validation.py", line 560, in _fit_and_score
    test_scores = _score(estimator, X_test, y_test, scorer)
  File "D:\Anaconda\lib\site-packages\sklearn\model_selection\_validation.py", line 607, in _score
    scores = scorer(estimator, X_test, y_test)
  File "D:\Anaconda\lib\site-packages\sklearn\metrics\_scorer.py", line 87, in __call__
    score = scorer._score(cached_call, estimator,
  File "D:\Anaconda\lib\site-packages\sklearn\metrics\_scorer.py", line 206, in _score
    y_pred = method_caller(estimator, "predict", X)
  File "D:\Anaconda\lib\site-packages\sklearn\metrics\_scorer.py", line 58, in _cached_call
    result = getattr(estimator, method)(*args, **kwargs)
  File "D:\Anaconda\lib\site-packages\pycaret\internal\pipeline.py", line 114, in predict
    result = super().predict(X, **predict_params)
  File "D:\Anaconda\lib\site-packages\sklearn\utils\metaestimators.py", line 119, in <lambda>
    out = lambda *args, **kwargs: self.fn(obj, *args, **kwargs)
  File "D:\Anaconda\lib\site-packages\sklearn\pipeline.py", line 408, in predict
    return self.steps[-1][-1].predict(Xt, **predict_params)
  File "D:\Anaconda\lib\site-packages\sklearn\neighbors\_regression.py", line 185, in predict
    y_pred = np.mean(_y[neigh_ind], axis=1)
  File "<__array_function__ internals>", line 5, in mean
  File "D:\Anaconda\lib\site-packages\numpy\core\fromnumeric.py", line 3372, in mean
    return _methods._mean(a, axis=axis, dtype=dtype,
  File "D:\Anaconda\lib\site-packages\numpy\core\_methods.py", line 162, in _mean
    ret = um.true_divide(
TypeError: unsupported operand type(s) for /: 'str' and 'int'
"""

The above exception was the direct cause of the following exception:

Traceback (most recent call last):
  File "D:\Anaconda\lib\site-packages\pycaret\internal\tabular.py", line 2163, in compare_models
    model, model_fit_time = create_model_supervised(
  File "D:\Anaconda\lib\site-packages\pycaret\internal\tabular.py", line 3112, in create_model_supervised
    scores = cross_validate(
  File "D:\Anaconda\lib\site-packages\sklearn\utils\validation.py", line 72, in inner_f
    return f(**kwargs)
  File "D:\Anaconda\lib\site-packages\sklearn\model_selection\_validation.py", line 242, in cross_validate
    scores = parallel(
  File "D:\Anaconda\lib\site-packages\joblib\parallel.py", line 1061, in __call__
    self.retrieve()
  File "D:\Anaconda\lib\site-packages\joblib\parallel.py", line 940, in retrieve
    self._output.extend(job.get(timeout=self.timeout))
  File "D:\Anaconda\lib\site-packages\joblib\_parallel_backends.py", line 542, in wrap_future_result
    return future.result(timeout=timeout)
  File "D:\Anaconda\lib\concurrent\futures\_base.py", line 439, in result
    return self.__get_result()
  File "D:\Anaconda\lib\concurrent\futures\_base.py", line 388, in __get_result
    raise self._exception
TypeError: unsupported operand type(s) for /: 'str' and 'int'

2021-06-03 15:00:41,521:INFO:Initializing create_model()
2021-06-03 15:00:41,522:INFO:create_model(estimator=knn, fold=KFold(n_splits=10, random_state=None, shuffle=False), round=4, cross_validation=True, predict=True, fit_kwargs=None, groups=None, refit=False, verbose=False, system=False, metrics=None, display=<pycaret.internal.Display.Display object at 0x00000223BD8D6790>, kwargs={})
2021-06-03 15:00:41,522:INFO:Checking exceptions
2021-06-03 15:00:41,522:INFO:Importing libraries
2021-06-03 15:00:41,522:INFO:Copying training dataset
2021-06-03 15:00:41,524:INFO:Defining folds
2021-06-03 15:00:41,524:INFO:Declaring metric variables
2021-06-03 15:00:41,532:INFO:Importing untrained model
2021-06-03 15:00:41,541:INFO:K Neighbors Regressor Imported succesfully
2021-06-03 15:00:41,560:INFO:Starting cross validation
2021-06-03 15:00:41,561:INFO:Cross validating with KFold(n_splits=10, random_state=None, shuffle=False), n_jobs=-1
2021-06-03 15:00:59,733:ERROR:create_model() for knn raised an exception:
2021-06-03 15:00:59,737:ERROR:joblib.externals.loky.process_executor._RemoteTraceback: 
"""
Traceback (most recent call last):
  File "D:\Anaconda\lib\site-packages\sklearn\metrics\_scorer.py", line 56, in _cached_call
    return cache[method]
KeyError: 'predict'

During handling of the above exception, another exception occurred:

Traceback (most recent call last):
  File "D:\Anaconda\lib\site-packages\joblib\externals\loky\process_executor.py", line 431, in _process_worker
    r = call_item()
  File "D:\Anaconda\lib\site-packages\joblib\externals\loky\process_executor.py", line 285, in __call__
    return self.fn(*self.args, **self.kwargs)
  File "D:\Anaconda\lib\site-packages\joblib\_parallel_backends.py", line 595, in __call__
    return self.func(*args, **kwargs)
  File "D:\Anaconda\lib\site-packages\joblib\parallel.py", line 262, in __call__
    return [func(*args, **kwargs)
  File "D:\Anaconda\lib\site-packages\joblib\parallel.py", line 262, in <listcomp>
    return [func(*args, **kwargs)
  File "D:\Anaconda\lib\site-packages\sklearn\model_selection\_validation.py", line 560, in _fit_and_score
    test_scores = _score(estimator, X_test, y_test, scorer)
  File "D:\Anaconda\lib\site-packages\sklearn\model_selection\_validation.py", line 607, in _score
    scores = scorer(estimator, X_test, y_test)
  File "D:\Anaconda\lib\site-packages\sklearn\metrics\_scorer.py", line 87, in __call__
    score = scorer._score(cached_call, estimator,
  File "D:\Anaconda\lib\site-packages\sklearn\metrics\_scorer.py", line 206, in _score
    y_pred = method_caller(estimator, "predict", X)
  File "D:\Anaconda\lib\site-packages\sklearn\metrics\_scorer.py", line 58, in _cached_call
    result = getattr(estimator, method)(*args, **kwargs)
  File "D:\Anaconda\lib\site-packages\pycaret\internal\pipeline.py", line 114, in predict
    result = super().predict(X, **predict_params)
  File "D:\Anaconda\lib\site-packages\sklearn\utils\metaestimators.py", line 119, in <lambda>
    out = lambda *args, **kwargs: self.fn(obj, *args, **kwargs)
  File "D:\Anaconda\lib\site-packages\sklearn\pipeline.py", line 408, in predict
    return self.steps[-1][-1].predict(Xt, **predict_params)
  File "D:\Anaconda\lib\site-packages\sklearn\neighbors\_regression.py", line 185, in predict
    y_pred = np.mean(_y[neigh_ind], axis=1)
  File "<__array_function__ internals>", line 5, in mean
  File "D:\Anaconda\lib\site-packages\numpy\core\fromnumeric.py", line 3372, in mean
    return _methods._mean(a, axis=axis, dtype=dtype,
  File "D:\Anaconda\lib\site-packages\numpy\core\_methods.py", line 162, in _mean
    ret = um.true_divide(
TypeError: unsupported operand type(s) for /: 'str' and 'int'
"""

The above exception was the direct cause of the following exception:

Traceback (most recent call last):
  File "D:\Anaconda\lib\site-packages\pycaret\internal\tabular.py", line 2183, in compare_models
    model, model_fit_time = create_model_supervised(
  File "D:\Anaconda\lib\site-packages\pycaret\internal\tabular.py", line 3112, in create_model_supervised
    scores = cross_validate(
  File "D:\Anaconda\lib\site-packages\sklearn\utils\validation.py", line 72, in inner_f
    return f(**kwargs)
  File "D:\Anaconda\lib\site-packages\sklearn\model_selection\_validation.py", line 242, in cross_validate
    scores = parallel(
  File "D:\Anaconda\lib\site-packages\joblib\parallel.py", line 1061, in __call__
    self.retrieve()
  File "D:\Anaconda\lib\site-packages\joblib\parallel.py", line 940, in retrieve
    self._output.extend(job.get(timeout=self.timeout))
  File "D:\Anaconda\lib\site-packages\joblib\_parallel_backends.py", line 542, in wrap_future_result
    return future.result(timeout=timeout)
  File "D:\Anaconda\lib\concurrent\futures\_base.py", line 439, in result
    return self.__get_result()
  File "D:\Anaconda\lib\concurrent\futures\_base.py", line 388, in __get_result
    raise self._exception
TypeError: unsupported operand type(s) for /: 'str' and 'int'

2021-06-03 15:00:59,737:INFO:Initializing Decision Tree Regressor
2021-06-03 15:00:59,737:INFO:Total runtime is 1.2889390071233113 minutes
2021-06-03 15:00:59,750:INFO:SubProcess create_model() called ==================================
2021-06-03 15:00:59,751:INFO:Initializing create_model()
2021-06-03 15:00:59,751:INFO:create_model(estimator=dt, fold=KFold(n_splits=10, random_state=None, shuffle=False), round=4, cross_validation=True, predict=True, fit_kwargs={}, groups=None, refit=False, verbose=False, system=False, metrics=None, display=<pycaret.internal.Display.Display object at 0x00000223BD8D6790>, kwargs={})
2021-06-03 15:00:59,751:INFO:Checking exceptions
2021-06-03 15:00:59,752:INFO:Importing libraries
2021-06-03 15:00:59,752:INFO:Copying training dataset
2021-06-03 15:00:59,754:INFO:Defining folds
2021-06-03 15:00:59,755:INFO:Declaring metric variables
2021-06-03 15:00:59,765:INFO:Importing untrained model
2021-06-03 15:00:59,789:INFO:Decision Tree Regressor Imported succesfully
2021-06-03 15:00:59,817:INFO:Starting cross validation
2021-06-03 15:00:59,818:INFO:Cross validating with KFold(n_splits=10, random_state=None, shuffle=False), n_jobs=-1
2021-06-03 15:01:19,510:INFO:Calculating mean and std
2021-06-03 15:01:19,511:INFO:Creating metrics dataframe
2021-06-03 15:01:19,516:INFO:Uploading results into container
2021-06-03 15:01:19,516:INFO:Uploading model into container now
2021-06-03 15:01:19,516:INFO:create_model_container: 11
2021-06-03 15:01:19,516:INFO:master_model_container: 11
2021-06-03 15:01:19,516:INFO:display_container: 2
2021-06-03 15:01:19,517:INFO:DecisionTreeRegressor(ccp_alpha=0.0, criterion='mse', max_depth=None,
                      max_features=None, max_leaf_nodes=None,
                      min_impurity_decrease=0.0, min_impurity_split=None,
                      min_samples_leaf=1, min_samples_split=2,
                      min_weight_fraction_leaf=0.0, presort='deprecated',
                      random_state=6658, splitter='best')
2021-06-03 15:01:19,517:INFO:create_model() succesfully completed......................................
2021-06-03 15:01:19,591:INFO:SubProcess create_model() end ==================================
2021-06-03 15:01:19,591:INFO:Creating metrics dataframe
2021-06-03 15:01:19,612:INFO:Initializing Random Forest Regressor
2021-06-03 15:01:19,612:INFO:Total runtime is 1.6201963384946187 minutes
2021-06-03 15:01:19,621:INFO:SubProcess create_model() called ==================================
2021-06-03 15:01:19,621:INFO:Initializing create_model()
2021-06-03 15:01:19,621:INFO:create_model(estimator=rf, fold=KFold(n_splits=10, random_state=None, shuffle=False), round=4, cross_validation=True, predict=True, fit_kwargs={}, groups=None, refit=False, verbose=False, system=False, metrics=None, display=<pycaret.internal.Display.Display object at 0x00000223BD8D6790>, kwargs={})
2021-06-03 15:01:19,622:INFO:Checking exceptions
2021-06-03 15:01:19,622:INFO:Importing libraries
2021-06-03 15:01:19,622:INFO:Copying training dataset
2021-06-03 15:01:19,624:INFO:Defining folds
2021-06-03 15:01:19,624:INFO:Declaring metric variables
2021-06-03 15:01:19,633:INFO:Importing untrained model
2021-06-03 15:01:19,644:INFO:Random Forest Regressor Imported succesfully
2021-06-03 15:01:19,669:INFO:Starting cross validation
2021-06-03 15:01:19,670:INFO:Cross validating with KFold(n_splits=10, random_state=None, shuffle=False), n_jobs=-1
2021-06-03 15:01:50,336:INFO:Calculating mean and std
2021-06-03 15:01:50,338:INFO:Creating metrics dataframe
2021-06-03 15:01:50,346:INFO:Uploading results into container
2021-06-03 15:01:50,346:INFO:Uploading model into container now
2021-06-03 15:01:50,346:INFO:create_model_container: 12
2021-06-03 15:01:50,346:INFO:master_model_container: 12
2021-06-03 15:01:50,346:INFO:display_container: 2
2021-06-03 15:01:50,347:INFO:RandomForestRegressor(bootstrap=True, ccp_alpha=0.0, criterion='mse',
                      max_depth=None, max_features='auto', max_leaf_nodes=None,
                      max_samples=None, min_impurity_decrease=0.0,
                      min_impurity_split=None, min_samples_leaf=1,
                      min_samples_split=2, min_weight_fraction_leaf=0.0,
                      n_estimators=100, n_jobs=-1, oob_score=False,
                      random_state=6658, verbose=0, warm_start=False)
2021-06-03 15:01:50,347:INFO:create_model() succesfully completed......................................
2021-06-03 15:01:50,428:INFO:SubProcess create_model() end ==================================
2021-06-03 15:01:50,428:INFO:Creating metrics dataframe
2021-06-03 15:01:50,455:INFO:Initializing Extra Trees Regressor
2021-06-03 15:01:50,455:INFO:Total runtime is 2.134246377150218 minutes
2021-06-03 15:01:50,466:INFO:SubProcess create_model() called ==================================
2021-06-03 15:01:50,467:INFO:Initializing create_model()
2021-06-03 15:01:50,467:INFO:create_model(estimator=et, fold=KFold(n_splits=10, random_state=None, shuffle=False), round=4, cross_validation=True, predict=True, fit_kwargs={}, groups=None, refit=False, verbose=False, system=False, metrics=None, display=<pycaret.internal.Display.Display object at 0x00000223BD8D6790>, kwargs={})
2021-06-03 15:01:50,467:INFO:Checking exceptions
2021-06-03 15:01:50,468:INFO:Importing libraries
2021-06-03 15:01:50,468:INFO:Copying training dataset
2021-06-03 15:01:50,470:INFO:Defining folds
2021-06-03 15:01:50,470:INFO:Declaring metric variables
2021-06-03 15:01:50,483:INFO:Importing untrained model
2021-06-03 15:01:50,498:INFO:Extra Trees Regressor Imported succesfully
2021-06-03 15:01:50,531:INFO:Starting cross validation
2021-06-03 15:01:50,532:INFO:Cross validating with KFold(n_splits=10, random_state=None, shuffle=False), n_jobs=-1
2021-06-03 15:03:20,315:INFO:Calculating mean and std
2021-06-03 15:03:20,316:INFO:Creating metrics dataframe
2021-06-03 15:03:20,322:INFO:Uploading results into container
2021-06-03 15:03:20,322:INFO:Uploading model into container now
2021-06-03 15:03:20,322:INFO:create_model_container: 13
2021-06-03 15:03:20,322:INFO:master_model_container: 13
2021-06-03 15:03:20,322:INFO:display_container: 2
2021-06-03 15:03:20,323:INFO:ExtraTreesRegressor(bootstrap=False, ccp_alpha=0.0, criterion='mse',
                    max_depth=None, max_features='auto', max_leaf_nodes=None,
                    max_samples=None, min_impurity_decrease=0.0,
                    min_impurity_split=None, min_samples_leaf=1,
                    min_samples_split=2, min_weight_fraction_leaf=0.0,
                    n_estimators=100, n_jobs=-1, oob_score=False,
                    random_state=6658, verbose=0, warm_start=False)
2021-06-03 15:03:20,323:INFO:create_model() succesfully completed......................................
2021-06-03 15:03:20,396:INFO:SubProcess create_model() end ==================================
2021-06-03 15:03:20,396:INFO:Creating metrics dataframe
2021-06-03 15:03:20,420:INFO:Initializing AdaBoost Regressor
2021-06-03 15:03:20,420:INFO:Total runtime is 3.6336517492930094 minutes
2021-06-03 15:03:20,430:INFO:SubProcess create_model() called ==================================
2021-06-03 15:03:20,431:INFO:Initializing create_model()
2021-06-03 15:03:20,431:INFO:create_model(estimator=ada, fold=KFold(n_splits=10, random_state=None, shuffle=False), round=4, cross_validation=True, predict=True, fit_kwargs={}, groups=None, refit=False, verbose=False, system=False, metrics=None, display=<pycaret.internal.Display.Display object at 0x00000223BD8D6790>, kwargs={})
2021-06-03 15:03:20,432:INFO:Checking exceptions
2021-06-03 15:03:20,432:INFO:Importing libraries
2021-06-03 15:03:20,432:INFO:Copying training dataset
2021-06-03 15:03:20,434:INFO:Defining folds
2021-06-03 15:03:20,434:INFO:Declaring metric variables
2021-06-03 15:03:20,444:INFO:Importing untrained model
2021-06-03 15:03:20,453:INFO:AdaBoost Regressor Imported succesfully
2021-06-03 15:03:20,477:INFO:Starting cross validation
2021-06-03 15:03:20,478:INFO:Cross validating with KFold(n_splits=10, random_state=None, shuffle=False), n_jobs=-1
2021-06-03 15:03:20,740:INFO:Calculating mean and std
2021-06-03 15:03:20,742:INFO:Creating metrics dataframe
2021-06-03 15:03:20,745:INFO:Uploading results into container
2021-06-03 15:03:20,746:INFO:Uploading model into container now
2021-06-03 15:03:20,746:INFO:create_model_container: 14
2021-06-03 15:03:20,746:INFO:master_model_container: 14
2021-06-03 15:03:20,746:INFO:display_container: 2
2021-06-03 15:03:20,746:INFO:AdaBoostRegressor(base_estimator=None, learning_rate=1.0, loss='linear',
                  n_estimators=50, random_state=6658)
2021-06-03 15:03:20,746:INFO:create_model() succesfully completed......................................
2021-06-03 15:03:20,811:INFO:SubProcess create_model() end ==================================
2021-06-03 15:03:20,811:INFO:Creating metrics dataframe
2021-06-03 15:03:20,836:INFO:Initializing Gradient Boosting Regressor
2021-06-03 15:03:20,836:INFO:Total runtime is 3.6405932426452634 minutes
2021-06-03 15:03:20,844:INFO:SubProcess create_model() called ==================================
2021-06-03 15:03:20,845:INFO:Initializing create_model()
2021-06-03 15:03:20,845:INFO:create_model(estimator=gbr, fold=KFold(n_splits=10, random_state=None, shuffle=False), round=4, cross_validation=True, predict=True, fit_kwargs={}, groups=None, refit=False, verbose=False, system=False, metrics=None, display=<pycaret.internal.Display.Display object at 0x00000223BD8D6790>, kwargs={})
2021-06-03 15:03:20,845:INFO:Checking exceptions
2021-06-03 15:03:20,845:INFO:Importing libraries
2021-06-03 15:03:20,845:INFO:Copying training dataset
2021-06-03 15:03:20,847:INFO:Defining folds
2021-06-03 15:03:20,847:INFO:Declaring metric variables
2021-06-03 15:03:20,857:INFO:Importing untrained model
2021-06-03 15:03:20,870:INFO:Gradient Boosting Regressor Imported succesfully
2021-06-03 15:03:20,891:INFO:Starting cross validation
2021-06-03 15:03:20,892:INFO:Cross validating with KFold(n_splits=10, random_state=None, shuffle=False), n_jobs=-1
2021-06-03 15:03:23,236:INFO:Calculating mean and std
2021-06-03 15:03:23,237:INFO:Creating metrics dataframe
2021-06-03 15:03:23,240:INFO:Uploading results into container
2021-06-03 15:03:23,240:INFO:Uploading model into container now
2021-06-03 15:03:23,240:INFO:create_model_container: 15
2021-06-03 15:03:23,240:INFO:master_model_container: 15
2021-06-03 15:03:23,240:INFO:display_container: 2
2021-06-03 15:03:23,241:INFO:GradientBoostingRegressor(alpha=0.9, ccp_alpha=0.0, criterion='friedman_mse',
                          init=None, learning_rate=0.1, loss='ls', max_depth=3,
                          max_features=None, max_leaf_nodes=None,
                          min_impurity_decrease=0.0, min_impurity_split=None,
                          min_samples_leaf=1, min_samples_split=2,
                          min_weight_fraction_leaf=0.0, n_estimators=100,
                          n_iter_no_change=None, presort='deprecated',
                          random_state=6658, subsample=1.0, tol=0.0001,
                          validation_fraction=0.1, verbose=0, warm_start=False)
2021-06-03 15:03:23,241:INFO:create_model() succesfully completed......................................
2021-06-03 15:03:23,304:INFO:SubProcess create_model() end ==================================
2021-06-03 15:03:23,304:INFO:Creating metrics dataframe
2021-06-03 15:03:23,325:INFO:Initializing Extreme Gradient Boosting
2021-06-03 15:03:23,325:INFO:Total runtime is 3.6820743401845295 minutes
2021-06-03 15:03:23,333:INFO:SubProcess create_model() called ==================================
2021-06-03 15:03:23,333:INFO:Initializing create_model()
2021-06-03 15:03:23,333:INFO:create_model(estimator=xgboost, fold=KFold(n_splits=10, random_state=None, shuffle=False), round=4, cross_validation=True, predict=True, fit_kwargs={}, groups=None, refit=False, verbose=False, system=False, metrics=None, display=<pycaret.internal.Display.Display object at 0x00000223BD8D6790>, kwargs={})
2021-06-03 15:03:23,334:INFO:Checking exceptions
2021-06-03 15:03:23,334:INFO:Importing libraries
2021-06-03 15:03:23,334:INFO:Copying training dataset
2021-06-03 15:03:23,335:INFO:Defining folds
2021-06-03 15:03:23,336:INFO:Declaring metric variables
2021-06-03 15:03:23,344:INFO:Importing untrained model
2021-06-03 15:03:23,357:INFO:Extreme Gradient Boosting Imported succesfully
2021-06-03 15:03:23,376:INFO:Starting cross validation
2021-06-03 15:03:23,378:INFO:Cross validating with KFold(n_splits=10, random_state=None, shuffle=False), n_jobs=-1
2021-06-03 15:03:31,179:INFO:Calculating mean and std
2021-06-03 15:03:31,180:INFO:Creating metrics dataframe
2021-06-03 15:03:31,186:INFO:Uploading results into container
2021-06-03 15:03:31,186:INFO:Uploading model into container now
2021-06-03 15:03:31,186:INFO:create_model_container: 16
2021-06-03 15:03:31,186:INFO:master_model_container: 16
2021-06-03 15:03:31,186:INFO:display_container: 2
2021-06-03 15:03:31,187:INFO:XGBRegressor(base_score=None, booster='gbtree', colsample_bylevel=None,
             colsample_bynode=None, colsample_bytree=None, gamma=None,
             gpu_id=None, importance_type='gain', interaction_constraints=None,
             learning_rate=None, max_delta_step=None, max_depth=None,
             min_child_weight=None, missing=nan, monotone_constraints=None,
             n_estimators=100, n_jobs=-1, num_parallel_tree=None,
             objective='reg:squarederror', random_state=6658, reg_alpha=None,
             reg_lambda=None, scale_pos_weight=None, subsample=None,
             tree_method='auto', validate_parameters=None, verbosity=0)
2021-06-03 15:03:31,187:INFO:create_model() succesfully completed......................................
2021-06-03 15:03:31,263:INFO:SubProcess create_model() end ==================================
2021-06-03 15:03:31,263:INFO:Creating metrics dataframe
2021-06-03 15:03:31,293:INFO:Initializing Light Gradient Boosting Machine
2021-06-03 15:03:31,293:INFO:Total runtime is 3.8148685495058694 minutes
2021-06-03 15:03:31,304:INFO:SubProcess create_model() called ==================================
2021-06-03 15:03:31,305:INFO:Initializing create_model()
2021-06-03 15:03:31,305:INFO:create_model(estimator=lightgbm, fold=KFold(n_splits=10, random_state=None, shuffle=False), round=4, cross_validation=True, predict=True, fit_kwargs={}, groups=None, refit=False, verbose=False, system=False, metrics=None, display=<pycaret.internal.Display.Display object at 0x00000223BD8D6790>, kwargs={})
2021-06-03 15:03:31,305:INFO:Checking exceptions
2021-06-03 15:03:31,305:INFO:Importing libraries
2021-06-03 15:03:31,305:INFO:Copying training dataset
2021-06-03 15:03:31,307:INFO:Defining folds
2021-06-03 15:03:31,307:INFO:Declaring metric variables
2021-06-03 15:03:31,316:INFO:Importing untrained model
2021-06-03 15:03:31,331:INFO:Light Gradient Boosting Machine Imported succesfully
2021-06-03 15:03:31,355:INFO:Starting cross validation
2021-06-03 15:03:31,356:INFO:Cross validating with KFold(n_splits=10, random_state=None, shuffle=False), n_jobs=-1
2021-06-03 15:03:33,281:INFO:Calculating mean and std
2021-06-03 15:03:33,282:INFO:Creating metrics dataframe
2021-06-03 15:03:33,289:INFO:Uploading results into container
2021-06-03 15:03:33,289:INFO:Uploading model into container now
2021-06-03 15:03:33,289:INFO:create_model_container: 17
2021-06-03 15:03:33,290:INFO:master_model_container: 17
2021-06-03 15:03:33,290:INFO:display_container: 2
2021-06-03 15:03:33,290:INFO:LGBMRegressor(boosting_type='gbdt', class_weight=None, colsample_bytree=1.0,
              importance_type='split', learning_rate=0.1, max_depth=-1,
              min_child_samples=20, min_child_weight=0.001, min_split_gain=0.0,
              n_estimators=100, n_jobs=-1, num_leaves=31, objective=None,
              random_state=6658, reg_alpha=0.0, reg_lambda=0.0, silent=True,
              subsample=1.0, subsample_for_bin=200000, subsample_freq=0)
2021-06-03 15:03:33,290:INFO:create_model() succesfully completed......................................
2021-06-03 15:03:33,365:WARNING:create_model() for LGBMRegressor(boosting_type='gbdt', class_weight=None, colsample_bytree=1.0,
              importance_type='split', learning_rate=0.1, max_depth=-1,
              min_child_samples=20, min_child_weight=0.001, min_split_gain=0.0,
              n_estimators=100, n_jobs=-1, num_leaves=31, objective=None,
              random_state=6658, reg_alpha=0.0, reg_lambda=0.0, silent=True,
              subsample=1.0, subsample_for_bin=200000, subsample_freq=0) raised an exception or returned all 0.0, trying without fit_kwargs:
2021-06-03 15:03:33,366:WARNING:Traceback (most recent call last):
  File "D:\Anaconda\lib\site-packages\pycaret\internal\tabular.py", line 2176, in compare_models
    assert np.sum(model_results.iloc[0]) != 0.0
AssertionError

2021-06-03 15:03:33,367:INFO:Initializing create_model()
2021-06-03 15:03:33,367:INFO:create_model(estimator=LGBMRegressor(boosting_type='gbdt', class_weight=None, colsample_bytree=1.0,
              importance_type='split', learning_rate=0.1, max_depth=-1,
              min_child_samples=20, min_child_weight=0.001, min_split_gain=0.0,
              n_estimators=100, n_jobs=-1, num_leaves=31, objective=None,
              random_state=6658, reg_alpha=0.0, reg_lambda=0.0, silent=True,
              subsample=1.0, subsample_for_bin=200000, subsample_freq=0), fold=KFold(n_splits=10, random_state=None, shuffle=False), round=4, cross_validation=True, predict=True, fit_kwargs=None, groups=None, refit=False, verbose=False, system=False, metrics=None, display=<pycaret.internal.Display.Display object at 0x00000223BD8D6790>, kwargs={})
2021-06-03 15:03:33,367:INFO:Checking exceptions
2021-06-03 15:03:33,367:INFO:Importing libraries
2021-06-03 15:03:33,367:INFO:Copying training dataset
2021-06-03 15:03:33,370:INFO:Defining folds
2021-06-03 15:03:33,370:INFO:Declaring metric variables
2021-06-03 15:03:33,380:INFO:Importing untrained model
2021-06-03 15:03:33,380:INFO:Declaring custom model
2021-06-03 15:03:33,389:INFO:Light Gradient Boosting Machine Imported succesfully
2021-06-03 15:03:33,412:INFO:Starting cross validation
2021-06-03 15:03:33,413:INFO:Cross validating with KFold(n_splits=10, random_state=None, shuffle=False), n_jobs=-1
2021-06-03 15:03:33,660:INFO:Calculating mean and std
2021-06-03 15:03:33,661:INFO:Creating metrics dataframe
2021-06-03 15:03:33,666:INFO:Uploading results into container
2021-06-03 15:03:33,666:INFO:Uploading model into container now
2021-06-03 15:03:33,666:INFO:create_model_container: 18
2021-06-03 15:03:33,666:INFO:master_model_container: 18
2021-06-03 15:03:33,666:INFO:display_container: 2
2021-06-03 15:03:33,667:INFO:LGBMRegressor(boosting_type='gbdt', class_weight=None, colsample_bytree=1.0,
              importance_type='split', learning_rate=0.1, max_depth=-1,
              min_child_samples=20, min_child_weight=0.001, min_split_gain=0.0,
              n_estimators=100, n_jobs=-1, num_leaves=31, objective=None,
              random_state=6658, reg_alpha=0.0, reg_lambda=0.0, silent=True,
              subsample=1.0, subsample_for_bin=200000, subsample_freq=0)
2021-06-03 15:03:33,667:INFO:create_model() succesfully completed......................................
2021-06-03 15:03:33,740:INFO:SubProcess create_model() end ==================================
2021-06-03 15:03:33,741:INFO:Creating metrics dataframe
2021-06-03 15:03:33,770:INFO:Initializing CatBoost Regressor
2021-06-03 15:03:33,770:INFO:Total runtime is 3.856163954734802 minutes
2021-06-03 15:03:33,780:INFO:SubProcess create_model() called ==================================
2021-06-03 15:03:33,780:INFO:Initializing create_model()
2021-06-03 15:03:33,781:INFO:create_model(estimator=catboost, fold=KFold(n_splits=10, random_state=None, shuffle=False), round=4, cross_validation=True, predict=True, fit_kwargs={}, groups=None, refit=False, verbose=False, system=False, metrics=None, display=<pycaret.internal.Display.Display object at 0x00000223BD8D6790>, kwargs={})
2021-06-03 15:03:33,781:INFO:Checking exceptions
2021-06-03 15:03:33,781:INFO:Importing libraries
2021-06-03 15:03:33,781:INFO:Copying training dataset
2021-06-03 15:03:33,783:INFO:Defining folds
2021-06-03 15:03:33,783:INFO:Declaring metric variables
2021-06-03 15:03:33,793:INFO:Importing untrained model
2021-06-03 15:03:33,904:INFO:CatBoost Regressor Imported succesfully
2021-06-03 15:03:33,921:INFO:Starting cross validation
2021-06-03 15:03:33,944:INFO:Cross validating with KFold(n_splits=10, random_state=None, shuffle=False), n_jobs=-1
2021-06-03 15:03:43,514:INFO:Calculating mean and std
2021-06-03 15:03:43,514:INFO:Creating metrics dataframe
2021-06-03 15:03:43,518:INFO:Uploading results into container
2021-06-03 15:03:43,518:INFO:Uploading model into container now
2021-06-03 15:03:43,518:INFO:create_model_container: 19
2021-06-03 15:03:43,518:INFO:master_model_container: 19
2021-06-03 15:03:43,518:INFO:display_container: 2
2021-06-03 15:03:43,518:INFO:<catboost.core.CatBoostRegressor object at 0x00000223BDD4C730>
2021-06-03 15:03:43,519:INFO:create_model() succesfully completed......................................
2021-06-03 15:03:43,595:WARNING:create_model() for <catboost.core.CatBoostRegressor object at 0x00000223BDD4C730> raised an exception or returned all 0.0, trying without fit_kwargs:
2021-06-03 15:03:43,596:WARNING:Traceback (most recent call last):
  File "D:\Anaconda\lib\site-packages\pycaret\internal\tabular.py", line 2176, in compare_models
    assert np.sum(model_results.iloc[0]) != 0.0
AssertionError

2021-06-03 15:03:43,596:INFO:Initializing create_model()
2021-06-03 15:03:43,596:INFO:create_model(estimator=<catboost.core.CatBoostRegressor object at 0x00000223BDD4C730>, fold=KFold(n_splits=10, random_state=None, shuffle=False), round=4, cross_validation=True, predict=True, fit_kwargs=None, groups=None, refit=False, verbose=False, system=False, metrics=None, display=<pycaret.internal.Display.Display object at 0x00000223BD8D6790>, kwargs={})
2021-06-03 15:03:43,596:INFO:Checking exceptions
2021-06-03 15:03:43,597:INFO:Importing libraries
2021-06-03 15:03:43,597:INFO:Copying training dataset
2021-06-03 15:03:43,598:INFO:Defining folds
2021-06-03 15:03:43,598:INFO:Declaring metric variables
2021-06-03 15:03:43,607:INFO:Importing untrained model
2021-06-03 15:03:43,607:INFO:Declaring custom model
2021-06-03 15:03:43,617:INFO:CatBoost Regressor Imported succesfully
2021-06-03 15:03:43,637:INFO:Starting cross validation
2021-06-03 15:03:43,638:INFO:Cross validating with KFold(n_splits=10, random_state=None, shuffle=False), n_jobs=-1
2021-06-03 15:04:08,493:INFO:Calculating mean and std
2021-06-03 15:04:08,493:INFO:Creating metrics dataframe
2021-06-03 15:04:08,497:INFO:Uploading results into container
2021-06-03 15:04:08,497:INFO:Uploading model into container now
2021-06-03 15:04:08,497:INFO:create_model_container: 20
2021-06-03 15:04:08,497:INFO:master_model_container: 20
2021-06-03 15:04:08,498:INFO:display_container: 2
2021-06-03 15:04:08,498:INFO:<catboost.core.CatBoostRegressor object at 0x00000223BDD33B50>
2021-06-03 15:04:08,498:INFO:create_model() succesfully completed......................................
2021-06-03 15:04:08,564:INFO:SubProcess create_model() end ==================================
2021-06-03 15:04:08,564:INFO:Creating metrics dataframe
2021-06-03 15:04:08,612:INFO:Initializing create_model()
2021-06-03 15:04:08,612:INFO:create_model(estimator=LGBMRegressor(boosting_type='gbdt', class_weight=None, colsample_bytree=1.0,
              importance_type='split', learning_rate=0.1, max_depth=-1,
              min_child_samples=20, min_child_weight=0.001, min_split_gain=0.0,
              n_estimators=100, n_jobs=-1, num_leaves=31, objective=None,
              random_state=6658, reg_alpha=0.0, reg_lambda=0.0, silent=True,
              subsample=1.0, subsample_for_bin=200000, subsample_freq=0), fold=KFold(n_splits=10, random_state=None, shuffle=False), round=4, cross_validation=False, predict=False, fit_kwargs={}, groups=None, refit=True, verbose=False, system=False, metrics=None, display=None, kwargs={})
2021-06-03 15:04:08,612:INFO:Checking exceptions
2021-06-03 15:04:08,612:INFO:Importing libraries
2021-06-03 15:04:08,612:INFO:Copying training dataset
2021-06-03 15:04:08,614:INFO:Defining folds
2021-06-03 15:04:08,614:INFO:Declaring metric variables
2021-06-03 15:04:08,614:INFO:Importing untrained model
2021-06-03 15:04:08,614:INFO:Declaring custom model
2021-06-03 15:04:08,616:INFO:Light Gradient Boosting Machine Imported succesfully
2021-06-03 15:04:08,616:INFO:Cross validation set to False
2021-06-03 15:04:08,616:INFO:Fitting Model
2021-06-03 15:06:31,487:INFO:Initializing compare_models()
2021-06-03 15:06:31,487:INFO:compare_models(include=None, fold=None, round=4, cross_validation=True, sort=R2, n_select=1, budget_time=None, turbo=True, errors=ignore, fit_kwargs=None, groups=None, verbose=True, display=None, exclude=None)
2021-06-03 15:06:31,487:INFO:Checking exceptions
2021-06-03 15:06:31,487:INFO:Preparing display monitor
2021-06-03 15:06:31,488:INFO:Preparing display monitor
2021-06-03 15:06:31,517:INFO:Initializing Linear Regression
2021-06-03 15:06:31,517:INFO:Total runtime is 0.0 minutes
2021-06-03 15:06:31,527:INFO:SubProcess create_model() called ==================================
2021-06-03 15:06:31,528:INFO:Initializing create_model()
2021-06-03 15:06:31,528:INFO:create_model(estimator=lr, fold=KFold(n_splits=10, random_state=None, shuffle=False), round=4, cross_validation=True, predict=True, fit_kwargs={}, groups=None, refit=False, verbose=False, system=False, metrics=None, display=<pycaret.internal.Display.Display object at 0x00000223BD850670>, kwargs={})
2021-06-03 15:06:31,528:INFO:Checking exceptions
2021-06-03 15:06:31,528:INFO:Importing libraries
2021-06-03 15:06:31,529:INFO:Copying training dataset
2021-06-03 15:06:31,531:INFO:Defining folds
2021-06-03 15:06:31,532:INFO:Declaring metric variables
2021-06-03 15:06:31,543:INFO:Importing untrained model
2021-06-03 15:06:31,553:INFO:Linear Regression Imported succesfully
2021-06-03 15:06:31,574:INFO:Starting cross validation
2021-06-03 15:06:31,574:INFO:Cross validating with KFold(n_splits=10, random_state=None, shuffle=False), n_jobs=-1
2021-06-03 15:06:31,972:INFO:Calculating mean and std
2021-06-03 15:06:31,973:INFO:Creating metrics dataframe
2021-06-03 15:06:31,977:INFO:Uploading results into container
2021-06-03 15:06:31,977:INFO:Uploading model into container now
2021-06-03 15:06:31,977:INFO:create_model_container: 21
2021-06-03 15:06:31,977:INFO:master_model_container: 21
2021-06-03 15:06:31,977:INFO:display_container: 2
2021-06-03 15:06:31,977:INFO:LinearRegression(copy_X=True, fit_intercept=True, n_jobs=-1, normalize=False)
2021-06-03 15:06:31,977:INFO:create_model() succesfully completed......................................
2021-06-03 15:06:32,045:INFO:SubProcess create_model() end ==================================
2021-06-03 15:06:32,046:INFO:Creating metrics dataframe
2021-06-03 15:06:32,059:INFO:Initializing Lasso Regression
2021-06-03 15:06:32,059:INFO:Total runtime is 0.009035499890645345 minutes
2021-06-03 15:06:32,067:INFO:SubProcess create_model() called ==================================
2021-06-03 15:06:32,067:INFO:Initializing create_model()
2021-06-03 15:06:32,067:INFO:create_model(estimator=lasso, fold=KFold(n_splits=10, random_state=None, shuffle=False), round=4, cross_validation=True, predict=True, fit_kwargs={}, groups=None, refit=False, verbose=False, system=False, metrics=None, display=<pycaret.internal.Display.Display object at 0x00000223BD850670>, kwargs={})
2021-06-03 15:06:32,067:INFO:Checking exceptions
2021-06-03 15:06:32,067:INFO:Importing libraries
2021-06-03 15:06:32,067:INFO:Copying training dataset
2021-06-03 15:06:32,069:INFO:Defining folds
2021-06-03 15:06:32,069:INFO:Declaring metric variables
2021-06-03 15:06:32,076:INFO:Importing untrained model
2021-06-03 15:06:32,085:INFO:Lasso Regression Imported succesfully
2021-06-03 15:06:32,105:INFO:Starting cross validation
2021-06-03 15:06:32,105:INFO:Cross validating with KFold(n_splits=10, random_state=None, shuffle=False), n_jobs=-1
2021-06-03 15:06:32,312:INFO:Calculating mean and std
2021-06-03 15:06:32,313:INFO:Creating metrics dataframe
2021-06-03 15:06:32,317:INFO:Uploading results into container
2021-06-03 15:06:32,317:INFO:Uploading model into container now
2021-06-03 15:06:32,317:INFO:create_model_container: 22
2021-06-03 15:06:32,317:INFO:master_model_container: 22
2021-06-03 15:06:32,318:INFO:display_container: 2
2021-06-03 15:06:32,318:INFO:Lasso(alpha=1.0, copy_X=True, fit_intercept=True, max_iter=1000,
      normalize=False, positive=False, precompute=False, random_state=6658,
      selection='cyclic', tol=0.0001, warm_start=False)
2021-06-03 15:06:32,318:INFO:create_model() succesfully completed......................................
2021-06-03 15:06:32,388:INFO:SubProcess create_model() end ==================================
2021-06-03 15:06:32,388:INFO:Creating metrics dataframe
2021-06-03 15:06:32,404:INFO:Initializing Ridge Regression
2021-06-03 15:06:32,404:INFO:Total runtime is 0.014787002404530843 minutes
2021-06-03 15:06:32,412:INFO:SubProcess create_model() called ==================================
2021-06-03 15:06:32,413:INFO:Initializing create_model()
2021-06-03 15:06:32,413:INFO:create_model(estimator=ridge, fold=KFold(n_splits=10, random_state=None, shuffle=False), round=4, cross_validation=True, predict=True, fit_kwargs={}, groups=None, refit=False, verbose=False, system=False, metrics=None, display=<pycaret.internal.Display.Display object at 0x00000223BD850670>, kwargs={})
2021-06-03 15:06:32,413:INFO:Checking exceptions
2021-06-03 15:06:32,413:INFO:Importing libraries
2021-06-03 15:06:32,413:INFO:Copying training dataset
2021-06-03 15:06:32,415:INFO:Defining folds
2021-06-03 15:06:32,415:INFO:Declaring metric variables
2021-06-03 15:06:32,425:INFO:Importing untrained model
2021-06-03 15:06:32,435:INFO:Ridge Regression Imported succesfully
2021-06-03 15:06:32,454:INFO:Starting cross validation
2021-06-03 15:06:32,455:INFO:Cross validating with KFold(n_splits=10, random_state=None, shuffle=False), n_jobs=-1
2021-06-03 15:06:32,675:INFO:Calculating mean and std
2021-06-03 15:06:32,676:INFO:Creating metrics dataframe
2021-06-03 15:06:32,680:INFO:Uploading results into container
2021-06-03 15:06:32,680:INFO:Uploading model into container now
2021-06-03 15:06:32,680:INFO:create_model_container: 23
2021-06-03 15:06:32,680:INFO:master_model_container: 23
2021-06-03 15:06:32,680:INFO:display_container: 2
2021-06-03 15:06:32,680:INFO:Ridge(alpha=1.0, copy_X=True, fit_intercept=True, max_iter=None,
      normalize=False, random_state=6658, solver='auto', tol=0.001)
2021-06-03 15:06:32,680:INFO:create_model() succesfully completed......................................
2021-06-03 15:06:32,745:INFO:SubProcess create_model() end ==================================
2021-06-03 15:06:32,745:INFO:Creating metrics dataframe
2021-06-03 15:06:32,760:INFO:Initializing Elastic Net
2021-06-03 15:06:32,760:INFO:Total runtime is 0.020721864700317384 minutes
2021-06-03 15:06:32,772:INFO:SubProcess create_model() called ==================================
2021-06-03 15:06:32,772:INFO:Initializing create_model()
2021-06-03 15:06:32,772:INFO:create_model(estimator=en, fold=KFold(n_splits=10, random_state=None, shuffle=False), round=4, cross_validation=True, predict=True, fit_kwargs={}, groups=None, refit=False, verbose=False, system=False, metrics=None, display=<pycaret.internal.Display.Display object at 0x00000223BD850670>, kwargs={})
2021-06-03 15:06:32,772:INFO:Checking exceptions
2021-06-03 15:06:32,772:INFO:Importing libraries
2021-06-03 15:06:32,772:INFO:Copying training dataset
2021-06-03 15:06:32,774:INFO:Defining folds
2021-06-03 15:06:32,774:INFO:Declaring metric variables
2021-06-03 15:06:32,782:INFO:Importing untrained model
2021-06-03 15:06:32,791:INFO:Elastic Net Imported succesfully
2021-06-03 15:06:32,812:INFO:Starting cross validation
2021-06-03 15:06:32,813:INFO:Cross validating with KFold(n_splits=10, random_state=None, shuffle=False), n_jobs=-1
2021-06-03 15:06:33,024:INFO:Calculating mean and std
2021-06-03 15:06:33,025:INFO:Creating metrics dataframe
2021-06-03 15:06:33,028:INFO:Uploading results into container
2021-06-03 15:06:33,028:INFO:Uploading model into container now
2021-06-03 15:06:33,028:INFO:create_model_container: 24
2021-06-03 15:06:33,028:INFO:master_model_container: 24
2021-06-03 15:06:33,029:INFO:display_container: 2
2021-06-03 15:06:33,029:INFO:ElasticNet(alpha=1.0, copy_X=True, fit_intercept=True, l1_ratio=0.5,
           max_iter=1000, normalize=False, positive=False, precompute=False,
           random_state=6658, selection='cyclic', tol=0.0001, warm_start=False)
2021-06-03 15:06:33,029:INFO:create_model() succesfully completed......................................
2021-06-03 15:06:33,092:INFO:SubProcess create_model() end ==================================
2021-06-03 15:06:33,092:INFO:Creating metrics dataframe
2021-06-03 15:06:33,108:INFO:Initializing Least Angle Regression
2021-06-03 15:06:33,109:INFO:Total runtime is 0.026545600096384684 minutes
2021-06-03 15:06:33,117:INFO:SubProcess create_model() called ==================================
2021-06-03 15:06:33,118:INFO:Initializing create_model()
2021-06-03 15:06:33,118:INFO:create_model(estimator=lar, fold=KFold(n_splits=10, random_state=None, shuffle=False), round=4, cross_validation=True, predict=True, fit_kwargs={}, groups=None, refit=False, verbose=False, system=False, metrics=None, display=<pycaret.internal.Display.Display object at 0x00000223BD850670>, kwargs={})
2021-06-03 15:06:33,118:INFO:Checking exceptions
2021-06-03 15:06:33,118:INFO:Importing libraries
2021-06-03 15:06:33,118:INFO:Copying training dataset
2021-06-03 15:06:33,120:INFO:Defining folds
2021-06-03 15:06:33,120:INFO:Declaring metric variables
2021-06-03 15:06:33,128:INFO:Importing untrained model
2021-06-03 15:06:33,137:INFO:Least Angle Regression Imported succesfully
2021-06-03 15:06:33,164:INFO:Starting cross validation
2021-06-03 15:06:33,164:INFO:Cross validating with KFold(n_splits=10, random_state=None, shuffle=False), n_jobs=-1
2021-06-03 15:06:34,221:INFO:Calculating mean and std
2021-06-03 15:06:34,222:INFO:Creating metrics dataframe
2021-06-03 15:06:34,225:INFO:Uploading results into container
2021-06-03 15:06:34,225:INFO:Uploading model into container now
2021-06-03 15:06:34,225:INFO:create_model_container: 25
2021-06-03 15:06:34,226:INFO:master_model_container: 25
2021-06-03 15:06:34,226:INFO:display_container: 2
2021-06-03 15:06:34,226:INFO:Lars(copy_X=True, eps=2.220446049250313e-16, fit_intercept=True, fit_path=True,
     jitter=None, n_nonzero_coefs=500, normalize=True, precompute='auto',
     random_state=6658, verbose=False)
2021-06-03 15:06:34,226:INFO:create_model() succesfully completed......................................
2021-06-03 15:06:34,289:INFO:SubProcess create_model() end ==================================
2021-06-03 15:06:34,289:INFO:Creating metrics dataframe
2021-06-03 15:06:34,307:INFO:Initializing Lasso Least Angle Regression
2021-06-03 15:06:34,307:INFO:Total runtime is 0.04650233586629232 minutes
2021-06-03 15:06:34,315:INFO:SubProcess create_model() called ==================================
2021-06-03 15:06:34,316:INFO:Initializing create_model()
2021-06-03 15:06:34,316:INFO:create_model(estimator=llar, fold=KFold(n_splits=10, random_state=None, shuffle=False), round=4, cross_validation=True, predict=True, fit_kwargs={}, groups=None, refit=False, verbose=False, system=False, metrics=None, display=<pycaret.internal.Display.Display object at 0x00000223BD850670>, kwargs={})
2021-06-03 15:06:34,316:INFO:Checking exceptions
2021-06-03 15:06:34,316:INFO:Importing libraries
2021-06-03 15:06:34,316:INFO:Copying training dataset
2021-06-03 15:06:34,318:INFO:Defining folds
2021-06-03 15:06:34,318:INFO:Declaring metric variables
2021-06-03 15:06:34,326:INFO:Importing untrained model
2021-06-03 15:06:34,339:INFO:Lasso Least Angle Regression Imported succesfully
2021-06-03 15:06:34,359:INFO:Starting cross validation
2021-06-03 15:06:34,359:INFO:Cross validating with KFold(n_splits=10, random_state=None, shuffle=False), n_jobs=-1
2021-06-03 15:06:34,561:INFO:Calculating mean and std
2021-06-03 15:06:34,562:INFO:Creating metrics dataframe
2021-06-03 15:06:34,565:INFO:Uploading results into container
2021-06-03 15:06:34,565:INFO:Uploading model into container now
2021-06-03 15:06:34,565:INFO:create_model_container: 26
2021-06-03 15:06:34,565:INFO:master_model_container: 26
2021-06-03 15:06:34,565:INFO:display_container: 2
2021-06-03 15:06:34,566:INFO:LassoLars(alpha=1.0, copy_X=True, eps=2.220446049250313e-16, fit_intercept=True,
          fit_path=True, jitter=None, max_iter=500, normalize=True,
          positive=False, precompute='auto', random_state=6658, verbose=False)
2021-06-03 15:06:34,566:INFO:create_model() succesfully completed......................................
2021-06-03 15:06:34,628:INFO:SubProcess create_model() end ==================================
2021-06-03 15:06:34,628:INFO:Creating metrics dataframe
2021-06-03 15:06:34,646:INFO:Initializing Orthogonal Matching Pursuit
2021-06-03 15:06:34,646:INFO:Total runtime is 0.05214830239613851 minutes
2021-06-03 15:06:34,654:INFO:SubProcess create_model() called ==================================
2021-06-03 15:06:34,654:INFO:Initializing create_model()
2021-06-03 15:06:34,654:INFO:create_model(estimator=omp, fold=KFold(n_splits=10, random_state=None, shuffle=False), round=4, cross_validation=True, predict=True, fit_kwargs={}, groups=None, refit=False, verbose=False, system=False, metrics=None, display=<pycaret.internal.Display.Display object at 0x00000223BD850670>, kwargs={})
2021-06-03 15:06:34,654:INFO:Checking exceptions
2021-06-03 15:06:34,654:INFO:Importing libraries
2021-06-03 15:06:34,654:INFO:Copying training dataset
2021-06-03 15:06:34,656:INFO:Defining folds
2021-06-03 15:06:34,656:INFO:Declaring metric variables
2021-06-03 15:06:34,664:INFO:Importing untrained model
2021-06-03 15:06:34,673:INFO:Orthogonal Matching Pursuit Imported succesfully
2021-06-03 15:06:34,691:INFO:Starting cross validation
2021-06-03 15:06:34,692:INFO:Cross validating with KFold(n_splits=10, random_state=None, shuffle=False), n_jobs=-1
2021-06-03 15:06:34,919:INFO:Calculating mean and std
2021-06-03 15:06:34,920:INFO:Creating metrics dataframe
2021-06-03 15:06:34,923:INFO:Uploading results into container
2021-06-03 15:06:34,923:INFO:Uploading model into container now
2021-06-03 15:06:34,923:INFO:create_model_container: 27
2021-06-03 15:06:34,923:INFO:master_model_container: 27
2021-06-03 15:06:34,923:INFO:display_container: 2
2021-06-03 15:06:34,923:INFO:OrthogonalMatchingPursuit(fit_intercept=True, n_nonzero_coefs=None,
                          normalize=True, precompute='auto', tol=None)
2021-06-03 15:06:34,923:INFO:create_model() succesfully completed......................................
2021-06-03 15:06:34,986:INFO:SubProcess create_model() end ==================================
2021-06-03 15:06:34,986:INFO:Creating metrics dataframe
2021-06-03 15:06:35,003:INFO:Initializing Bayesian Ridge
2021-06-03 15:06:35,003:INFO:Total runtime is 0.058109756310780844 minutes
2021-06-03 15:06:35,012:INFO:SubProcess create_model() called ==================================
2021-06-03 15:06:35,013:INFO:Initializing create_model()
2021-06-03 15:06:35,013:INFO:create_model(estimator=br, fold=KFold(n_splits=10, random_state=None, shuffle=False), round=4, cross_validation=True, predict=True, fit_kwargs={}, groups=None, refit=False, verbose=False, system=False, metrics=None, display=<pycaret.internal.Display.Display object at 0x00000223BD850670>, kwargs={})
2021-06-03 15:06:35,013:INFO:Checking exceptions
2021-06-03 15:06:35,013:INFO:Importing libraries
2021-06-03 15:06:35,013:INFO:Copying training dataset
2021-06-03 15:06:35,014:INFO:Defining folds
2021-06-03 15:06:35,015:INFO:Declaring metric variables
2021-06-03 15:06:35,023:INFO:Importing untrained model
2021-06-03 15:06:35,035:INFO:Bayesian Ridge Imported succesfully
2021-06-03 15:06:35,054:INFO:Starting cross validation
2021-06-03 15:06:35,054:INFO:Cross validating with KFold(n_splits=10, random_state=None, shuffle=False), n_jobs=-1
2021-06-03 15:07:00,209:INFO:Calculating mean and std
2021-06-03 15:07:00,210:INFO:Creating metrics dataframe
2021-06-03 15:07:00,215:INFO:Uploading results into container
2021-06-03 15:07:00,215:INFO:Uploading model into container now
2021-06-03 15:07:00,215:INFO:create_model_container: 28
2021-06-03 15:07:00,215:INFO:master_model_container: 28
2021-06-03 15:07:00,215:INFO:display_container: 2
2021-06-03 15:07:00,216:INFO:BayesianRidge(alpha_1=1e-06, alpha_2=1e-06, alpha_init=None,
              compute_score=False, copy_X=True, fit_intercept=True,
              lambda_1=1e-06, lambda_2=1e-06, lambda_init=None, n_iter=300,
              normalize=False, tol=0.001, verbose=False)
2021-06-03 15:07:00,216:INFO:create_model() succesfully completed......................................
2021-06-03 15:07:00,288:INFO:SubProcess create_model() end ==================================
2021-06-03 15:07:00,288:INFO:Creating metrics dataframe
2021-06-03 15:07:00,314:INFO:Initializing Passive Aggressive Regressor
2021-06-03 15:07:00,314:INFO:Total runtime is 0.47994705041249597 minutes
2021-06-03 15:07:00,326:INFO:SubProcess create_model() called ==================================
2021-06-03 15:07:00,327:INFO:Initializing create_model()
2021-06-03 15:07:00,327:INFO:create_model(estimator=par, fold=KFold(n_splits=10, random_state=None, shuffle=False), round=4, cross_validation=True, predict=True, fit_kwargs={}, groups=None, refit=False, verbose=False, system=False, metrics=None, display=<pycaret.internal.Display.Display object at 0x00000223BD850670>, kwargs={})
2021-06-03 15:07:00,327:INFO:Checking exceptions
2021-06-03 15:07:00,327:INFO:Importing libraries
2021-06-03 15:07:00,327:INFO:Copying training dataset
2021-06-03 15:07:00,330:INFO:Defining folds
2021-06-03 15:07:00,331:INFO:Declaring metric variables
2021-06-03 15:07:00,347:INFO:Importing untrained model
2021-06-03 15:07:00,368:INFO:Passive Aggressive Regressor Imported succesfully
2021-06-03 15:07:00,399:INFO:Starting cross validation
2021-06-03 15:07:00,400:INFO:Cross validating with KFold(n_splits=10, random_state=None, shuffle=False), n_jobs=-1
2021-06-03 15:07:00,712:INFO:Calculating mean and std
2021-06-03 15:07:00,713:INFO:Creating metrics dataframe
2021-06-03 15:07:00,717:INFO:Uploading results into container
2021-06-03 15:07:00,717:INFO:Uploading model into container now
2021-06-03 15:07:00,718:INFO:create_model_container: 29
2021-06-03 15:07:00,718:INFO:master_model_container: 29
2021-06-03 15:07:00,718:INFO:display_container: 2
2021-06-03 15:07:00,718:INFO:PassiveAggressiveRegressor(C=1.0, average=False, early_stopping=False,
                           epsilon=0.1, fit_intercept=True,
                           loss='epsilon_insensitive', max_iter=1000,
                           n_iter_no_change=5, random_state=6658, shuffle=True,
                           tol=0.001, validation_fraction=0.1, verbose=0,
                           warm_start=False)
2021-06-03 15:07:00,718:INFO:create_model() succesfully completed......................................
2021-06-03 15:07:00,788:INFO:SubProcess create_model() end ==================================
2021-06-03 15:07:00,788:INFO:Creating metrics dataframe
2021-06-03 15:07:00,815:INFO:Initializing Huber Regressor
2021-06-03 15:07:00,815:INFO:Total runtime is 0.48830854495366416 minutes
2021-06-03 15:07:00,828:INFO:SubProcess create_model() called ==================================
2021-06-03 15:07:00,828:INFO:Initializing create_model()
2021-06-03 15:07:00,828:INFO:create_model(estimator=huber, fold=KFold(n_splits=10, random_state=None, shuffle=False), round=4, cross_validation=True, predict=True, fit_kwargs={}, groups=None, refit=False, verbose=False, system=False, metrics=None, display=<pycaret.internal.Display.Display object at 0x00000223BD850670>, kwargs={})
2021-06-03 15:07:00,828:INFO:Checking exceptions
2021-06-03 15:07:00,828:INFO:Importing libraries
2021-06-03 15:07:00,829:INFO:Copying training dataset
2021-06-03 15:07:00,831:INFO:Defining folds
2021-06-03 15:07:00,831:INFO:Declaring metric variables
2021-06-03 15:07:00,843:INFO:Importing untrained model
2021-06-03 15:07:00,857:INFO:Huber Regressor Imported succesfully
2021-06-03 15:07:00,882:INFO:Starting cross validation
2021-06-03 15:07:00,883:INFO:Cross validating with KFold(n_splits=10, random_state=None, shuffle=False), n_jobs=-1
2021-06-03 15:07:05,291:INFO:Calculating mean and std
2021-06-03 15:07:05,292:INFO:Creating metrics dataframe
2021-06-03 15:07:05,296:INFO:Uploading results into container
2021-06-03 15:07:05,296:INFO:Uploading model into container now
2021-06-03 15:07:05,296:INFO:create_model_container: 30
2021-06-03 15:07:05,296:INFO:master_model_container: 30
2021-06-03 15:07:05,296:INFO:display_container: 2
2021-06-03 15:07:05,297:INFO:HuberRegressor(alpha=0.0001, epsilon=1.35, fit_intercept=True, max_iter=100,
               tol=1e-05, warm_start=False)
2021-06-03 15:07:05,297:INFO:create_model() succesfully completed......................................
2021-06-03 15:07:05,367:INFO:SubProcess create_model() end ==================================
2021-06-03 15:07:05,367:INFO:Creating metrics dataframe
2021-06-03 15:07:05,387:INFO:Initializing K Neighbors Regressor
2021-06-03 15:07:05,387:INFO:Total runtime is 0.5645119667053222 minutes
2021-06-03 15:07:05,397:INFO:SubProcess create_model() called ==================================
2021-06-03 15:07:05,397:INFO:Initializing create_model()
2021-06-03 15:07:05,397:INFO:create_model(estimator=knn, fold=KFold(n_splits=10, random_state=None, shuffle=False), round=4, cross_validation=True, predict=True, fit_kwargs={}, groups=None, refit=False, verbose=False, system=False, metrics=None, display=<pycaret.internal.Display.Display object at 0x00000223BD850670>, kwargs={})
2021-06-03 15:07:05,398:INFO:Checking exceptions
2021-06-03 15:07:05,398:INFO:Importing libraries
2021-06-03 15:07:05,398:INFO:Copying training dataset
2021-06-03 15:07:05,400:INFO:Defining folds
2021-06-03 15:07:05,400:INFO:Declaring metric variables
2021-06-03 15:07:05,408:INFO:Importing untrained model
2021-06-03 15:07:05,423:INFO:K Neighbors Regressor Imported succesfully
2021-06-03 15:07:05,447:INFO:Starting cross validation
2021-06-03 15:07:05,448:INFO:Cross validating with KFold(n_splits=10, random_state=None, shuffle=False), n_jobs=-1
2021-06-03 15:07:06,153:WARNING:create_model() for knn raised an exception or returned all 0.0, trying without fit_kwargs:
2021-06-03 15:07:06,156:WARNING:Traceback (most recent call last):
  File "D:\Anaconda\lib\site-packages\pycaret\internal\tabular.py", line 2163, in compare_models
    model, model_fit_time = create_model_supervised(
  File "D:\Anaconda\lib\site-packages\pycaret\internal\tabular.py", line 3112, in create_model_supervised
    scores = cross_validate(
  File "D:\Anaconda\lib\site-packages\sklearn\utils\validation.py", line 72, in inner_f
    return f(**kwargs)
  File "D:\Anaconda\lib\site-packages\sklearn\model_selection\_validation.py", line 242, in cross_validate
    scores = parallel(
  File "D:\Anaconda\lib\site-packages\joblib\parallel.py", line 1061, in __call__
    self.retrieve()
  File "D:\Anaconda\lib\site-packages\joblib\parallel.py", line 940, in retrieve
    self._output.extend(job.get(timeout=self.timeout))
  File "D:\Anaconda\lib\site-packages\joblib\_parallel_backends.py", line 542, in wrap_future_result
    return future.result(timeout=timeout)
  File "D:\Anaconda\lib\concurrent\futures\_base.py", line 439, in result
    return self.__get_result()
  File "D:\Anaconda\lib\concurrent\futures\_base.py", line 388, in __get_result
    raise self._exception
TypeError: unsupported operand type(s) for /: 'str' and 'int'

2021-06-03 15:07:06,156:INFO:Initializing create_model()
2021-06-03 15:07:06,156:INFO:create_model(estimator=knn, fold=KFold(n_splits=10, random_state=None, shuffle=False), round=4, cross_validation=True, predict=True, fit_kwargs=None, groups=None, refit=False, verbose=False, system=False, metrics=None, display=<pycaret.internal.Display.Display object at 0x00000223BD850670>, kwargs={})
2021-06-03 15:07:06,156:INFO:Checking exceptions
2021-06-03 15:07:06,156:INFO:Importing libraries
2021-06-03 15:07:06,157:INFO:Copying training dataset
2021-06-03 15:07:06,159:INFO:Defining folds
2021-06-03 15:07:06,159:INFO:Declaring metric variables
2021-06-03 15:07:06,169:INFO:Importing untrained model
2021-06-03 15:07:06,180:INFO:K Neighbors Regressor Imported succesfully
2021-06-03 15:07:06,203:INFO:Starting cross validation
2021-06-03 15:07:06,204:INFO:Cross validating with KFold(n_splits=10, random_state=None, shuffle=False), n_jobs=-1
2021-06-03 15:07:24,566:ERROR:create_model() for knn raised an exception:
2021-06-03 15:07:24,571:ERROR:joblib.externals.loky.process_executor._RemoteTraceback: 
"""
Traceback (most recent call last):
  File "D:\Anaconda\lib\site-packages\sklearn\metrics\_scorer.py", line 56, in _cached_call
    return cache[method]
KeyError: 'predict'

During handling of the above exception, another exception occurred:

Traceback (most recent call last):
  File "D:\Anaconda\lib\site-packages\joblib\externals\loky\process_executor.py", line 431, in _process_worker
    r = call_item()
  File "D:\Anaconda\lib\site-packages\joblib\externals\loky\process_executor.py", line 285, in __call__
    return self.fn(*self.args, **self.kwargs)
  File "D:\Anaconda\lib\site-packages\joblib\_parallel_backends.py", line 595, in __call__
    return self.func(*args, **kwargs)
  File "D:\Anaconda\lib\site-packages\joblib\parallel.py", line 262, in __call__
    return [func(*args, **kwargs)
  File "D:\Anaconda\lib\site-packages\joblib\parallel.py", line 262, in <listcomp>
    return [func(*args, **kwargs)
  File "D:\Anaconda\lib\site-packages\sklearn\model_selection\_validation.py", line 560, in _fit_and_score
    test_scores = _score(estimator, X_test, y_test, scorer)
  File "D:\Anaconda\lib\site-packages\sklearn\model_selection\_validation.py", line 607, in _score
    scores = scorer(estimator, X_test, y_test)
  File "D:\Anaconda\lib\site-packages\sklearn\metrics\_scorer.py", line 87, in __call__
    score = scorer._score(cached_call, estimator,
  File "D:\Anaconda\lib\site-packages\sklearn\metrics\_scorer.py", line 206, in _score
    y_pred = method_caller(estimator, "predict", X)
  File "D:\Anaconda\lib\site-packages\sklearn\metrics\_scorer.py", line 58, in _cached_call
    result = getattr(estimator, method)(*args, **kwargs)
  File "D:\Anaconda\lib\site-packages\pycaret\internal\pipeline.py", line 114, in predict
    result = super().predict(X, **predict_params)
  File "D:\Anaconda\lib\site-packages\sklearn\utils\metaestimators.py", line 119, in <lambda>
    out = lambda *args, **kwargs: self.fn(obj, *args, **kwargs)
  File "D:\Anaconda\lib\site-packages\sklearn\pipeline.py", line 408, in predict
    return self.steps[-1][-1].predict(Xt, **predict_params)
  File "D:\Anaconda\lib\site-packages\sklearn\neighbors\_regression.py", line 185, in predict
    y_pred = np.mean(_y[neigh_ind], axis=1)
  File "<__array_function__ internals>", line 5, in mean
  File "D:\Anaconda\lib\site-packages\numpy\core\fromnumeric.py", line 3372, in mean
    return _methods._mean(a, axis=axis, dtype=dtype,
  File "D:\Anaconda\lib\site-packages\numpy\core\_methods.py", line 162, in _mean
    ret = um.true_divide(
TypeError: unsupported operand type(s) for /: 'str' and 'int'
"""

The above exception was the direct cause of the following exception:

Traceback (most recent call last):
  File "D:\Anaconda\lib\site-packages\pycaret\internal\tabular.py", line 2183, in compare_models
    model, model_fit_time = create_model_supervised(
  File "D:\Anaconda\lib\site-packages\pycaret\internal\tabular.py", line 3112, in create_model_supervised
    scores = cross_validate(
  File "D:\Anaconda\lib\site-packages\sklearn\utils\validation.py", line 72, in inner_f
    return f(**kwargs)
  File "D:\Anaconda\lib\site-packages\sklearn\model_selection\_validation.py", line 242, in cross_validate
    scores = parallel(
  File "D:\Anaconda\lib\site-packages\joblib\parallel.py", line 1061, in __call__
    self.retrieve()
  File "D:\Anaconda\lib\site-packages\joblib\parallel.py", line 940, in retrieve
    self._output.extend(job.get(timeout=self.timeout))
  File "D:\Anaconda\lib\site-packages\joblib\_parallel_backends.py", line 542, in wrap_future_result
    return future.result(timeout=timeout)
  File "D:\Anaconda\lib\concurrent\futures\_base.py", line 439, in result
    return self.__get_result()
  File "D:\Anaconda\lib\concurrent\futures\_base.py", line 388, in __get_result
    raise self._exception
TypeError: unsupported operand type(s) for /: 'str' and 'int'

2021-06-03 15:07:24,571:INFO:Initializing Decision Tree Regressor
2021-06-03 15:07:24,571:INFO:Total runtime is 0.8842305183410644 minutes
2021-06-03 15:07:24,582:INFO:SubProcess create_model() called ==================================
2021-06-03 15:07:24,583:INFO:Initializing create_model()
2021-06-03 15:07:24,583:INFO:create_model(estimator=dt, fold=KFold(n_splits=10, random_state=None, shuffle=False), round=4, cross_validation=True, predict=True, fit_kwargs={}, groups=None, refit=False, verbose=False, system=False, metrics=None, display=<pycaret.internal.Display.Display object at 0x00000223BD850670>, kwargs={})
2021-06-03 15:07:24,583:INFO:Checking exceptions
2021-06-03 15:07:24,583:INFO:Importing libraries
2021-06-03 15:07:24,583:INFO:Copying training dataset
2021-06-03 15:07:24,585:INFO:Defining folds
2021-06-03 15:07:24,585:INFO:Declaring metric variables
2021-06-03 15:07:24,596:INFO:Importing untrained model
2021-06-03 15:07:24,607:INFO:Decision Tree Regressor Imported succesfully
2021-06-03 15:07:24,629:INFO:Starting cross validation
2021-06-03 15:07:24,630:INFO:Cross validating with KFold(n_splits=10, random_state=None, shuffle=False), n_jobs=-1
2021-06-03 15:07:43,260:INFO:Calculating mean and std
2021-06-03 15:07:43,261:INFO:Creating metrics dataframe
2021-06-03 15:07:43,264:INFO:Uploading results into container
2021-06-03 15:07:43,264:INFO:Uploading model into container now
2021-06-03 15:07:43,265:INFO:create_model_container: 31
2021-06-03 15:07:43,265:INFO:master_model_container: 31
2021-06-03 15:07:43,265:INFO:display_container: 2
2021-06-03 15:07:43,265:INFO:DecisionTreeRegressor(ccp_alpha=0.0, criterion='mse', max_depth=None,
                      max_features=None, max_leaf_nodes=None,
                      min_impurity_decrease=0.0, min_impurity_split=None,
                      min_samples_leaf=1, min_samples_split=2,
                      min_weight_fraction_leaf=0.0, presort='deprecated',
                      random_state=6658, splitter='best')
2021-06-03 15:07:43,265:INFO:create_model() succesfully completed......................................
2021-06-03 15:07:43,335:INFO:SubProcess create_model() end ==================================
2021-06-03 15:07:43,335:INFO:Creating metrics dataframe
2021-06-03 15:07:43,355:INFO:Initializing Random Forest Regressor
2021-06-03 15:07:43,355:INFO:Total runtime is 1.1973036646842956 minutes
2021-06-03 15:07:43,363:INFO:SubProcess create_model() called ==================================
2021-06-03 15:07:43,364:INFO:Initializing create_model()
2021-06-03 15:07:43,364:INFO:create_model(estimator=rf, fold=KFold(n_splits=10, random_state=None, shuffle=False), round=4, cross_validation=True, predict=True, fit_kwargs={}, groups=None, refit=False, verbose=False, system=False, metrics=None, display=<pycaret.internal.Display.Display object at 0x00000223BD850670>, kwargs={})
2021-06-03 15:07:43,364:INFO:Checking exceptions
2021-06-03 15:07:43,364:INFO:Importing libraries
2021-06-03 15:07:43,364:INFO:Copying training dataset
2021-06-03 15:07:43,366:INFO:Defining folds
2021-06-03 15:07:43,366:INFO:Declaring metric variables
2021-06-03 15:07:43,375:INFO:Importing untrained model
2021-06-03 15:07:43,386:INFO:Random Forest Regressor Imported succesfully
2021-06-03 15:07:43,410:INFO:Starting cross validation
2021-06-03 15:07:43,411:INFO:Cross validating with KFold(n_splits=10, random_state=None, shuffle=False), n_jobs=-1
2021-06-03 15:08:11,802:INFO:Calculating mean and std
2021-06-03 15:08:11,803:INFO:Creating metrics dataframe
2021-06-03 15:08:11,810:INFO:Uploading results into container
2021-06-03 15:08:11,810:INFO:Uploading model into container now
2021-06-03 15:08:11,810:INFO:create_model_container: 32
2021-06-03 15:08:11,810:INFO:master_model_container: 32
2021-06-03 15:08:11,810:INFO:display_container: 2
2021-06-03 15:08:11,811:INFO:RandomForestRegressor(bootstrap=True, ccp_alpha=0.0, criterion='mse',
                      max_depth=None, max_features='auto', max_leaf_nodes=None,
                      max_samples=None, min_impurity_decrease=0.0,
                      min_impurity_split=None, min_samples_leaf=1,
                      min_samples_split=2, min_weight_fraction_leaf=0.0,
                      n_estimators=100, n_jobs=-1, oob_score=False,
                      random_state=6658, verbose=0, warm_start=False)
2021-06-03 15:08:11,811:INFO:create_model() succesfully completed......................................
2021-06-03 15:08:11,883:INFO:SubProcess create_model() end ==================================
2021-06-03 15:08:11,883:INFO:Creating metrics dataframe
2021-06-03 15:08:11,905:INFO:Initializing Extra Trees Regressor
2021-06-03 15:08:11,905:INFO:Total runtime is 1.6731354991594949 minutes
2021-06-03 15:08:11,915:INFO:SubProcess create_model() called ==================================
2021-06-03 15:08:11,915:INFO:Initializing create_model()
2021-06-03 15:08:11,915:INFO:create_model(estimator=et, fold=KFold(n_splits=10, random_state=None, shuffle=False), round=4, cross_validation=True, predict=True, fit_kwargs={}, groups=None, refit=False, verbose=False, system=False, metrics=None, display=<pycaret.internal.Display.Display object at 0x00000223BD850670>, kwargs={})
2021-06-03 15:08:11,915:INFO:Checking exceptions
2021-06-03 15:08:11,915:INFO:Importing libraries
2021-06-03 15:08:11,915:INFO:Copying training dataset
2021-06-03 15:08:11,918:INFO:Defining folds
2021-06-03 15:08:11,918:INFO:Declaring metric variables
2021-06-03 15:08:11,930:INFO:Importing untrained model
2021-06-03 15:08:11,944:INFO:Extra Trees Regressor Imported succesfully
2021-06-03 15:08:11,971:INFO:Starting cross validation
2021-06-03 15:08:11,972:INFO:Cross validating with KFold(n_splits=10, random_state=None, shuffle=False), n_jobs=-1
2021-06-03 15:09:34,732:INFO:Calculating mean and std
2021-06-03 15:09:34,733:INFO:Creating metrics dataframe
2021-06-03 15:09:34,737:INFO:Uploading results into container
2021-06-03 15:09:34,737:INFO:Uploading model into container now
2021-06-03 15:09:34,737:INFO:create_model_container: 33
2021-06-03 15:09:34,737:INFO:master_model_container: 33
2021-06-03 15:09:34,737:INFO:display_container: 2
2021-06-03 15:09:34,738:INFO:ExtraTreesRegressor(bootstrap=False, ccp_alpha=0.0, criterion='mse',
                    max_depth=None, max_features='auto', max_leaf_nodes=None,
                    max_samples=None, min_impurity_decrease=0.0,
                    min_impurity_split=None, min_samples_leaf=1,
                    min_samples_split=2, min_weight_fraction_leaf=0.0,
                    n_estimators=100, n_jobs=-1, oob_score=False,
                    random_state=6658, verbose=0, warm_start=False)
2021-06-03 15:09:34,738:INFO:create_model() succesfully completed......................................
2021-06-03 15:09:34,807:INFO:SubProcess create_model() end ==================================
2021-06-03 15:09:34,807:INFO:Creating metrics dataframe
2021-06-03 15:09:34,831:INFO:Initializing AdaBoost Regressor
2021-06-03 15:09:34,831:INFO:Total runtime is 3.05523796081543 minutes
2021-06-03 15:09:34,839:INFO:SubProcess create_model() called ==================================
2021-06-03 15:09:34,839:INFO:Initializing create_model()
2021-06-03 15:09:34,839:INFO:create_model(estimator=ada, fold=KFold(n_splits=10, random_state=None, shuffle=False), round=4, cross_validation=True, predict=True, fit_kwargs={}, groups=None, refit=False, verbose=False, system=False, metrics=None, display=<pycaret.internal.Display.Display object at 0x00000223BD850670>, kwargs={})
2021-06-03 15:09:34,839:INFO:Checking exceptions
2021-06-03 15:09:34,839:INFO:Importing libraries
2021-06-03 15:09:34,840:INFO:Copying training dataset
2021-06-03 15:09:34,841:INFO:Defining folds
2021-06-03 15:09:34,842:INFO:Declaring metric variables
2021-06-03 15:09:34,850:INFO:Importing untrained model
2021-06-03 15:09:34,861:INFO:AdaBoost Regressor Imported succesfully
2021-06-03 15:09:34,883:INFO:Starting cross validation
2021-06-03 15:09:34,884:INFO:Cross validating with KFold(n_splits=10, random_state=None, shuffle=False), n_jobs=-1
2021-06-03 15:09:35,134:INFO:Calculating mean and std
2021-06-03 15:09:35,135:INFO:Creating metrics dataframe
2021-06-03 15:09:35,139:INFO:Uploading results into container
2021-06-03 15:09:35,139:INFO:Uploading model into container now
2021-06-03 15:09:35,139:INFO:create_model_container: 34
2021-06-03 15:09:35,139:INFO:master_model_container: 34
2021-06-03 15:09:35,139:INFO:display_container: 2
2021-06-03 15:09:35,140:INFO:AdaBoostRegressor(base_estimator=None, learning_rate=1.0, loss='linear',
                  n_estimators=50, random_state=6658)
2021-06-03 15:09:35,140:INFO:create_model() succesfully completed......................................
2021-06-03 15:09:35,208:INFO:SubProcess create_model() end ==================================
2021-06-03 15:09:35,208:INFO:Creating metrics dataframe
2021-06-03 15:09:35,231:INFO:Initializing Gradient Boosting Regressor
2021-06-03 15:09:35,231:INFO:Total runtime is 3.061911249160767 minutes
2021-06-03 15:09:35,239:INFO:SubProcess create_model() called ==================================
2021-06-03 15:09:35,239:INFO:Initializing create_model()
2021-06-03 15:09:35,239:INFO:create_model(estimator=gbr, fold=KFold(n_splits=10, random_state=None, shuffle=False), round=4, cross_validation=True, predict=True, fit_kwargs={}, groups=None, refit=False, verbose=False, system=False, metrics=None, display=<pycaret.internal.Display.Display object at 0x00000223BD850670>, kwargs={})
2021-06-03 15:09:35,239:INFO:Checking exceptions
2021-06-03 15:09:35,239:INFO:Importing libraries
2021-06-03 15:09:35,240:INFO:Copying training dataset
2021-06-03 15:09:35,241:INFO:Defining folds
2021-06-03 15:09:35,242:INFO:Declaring metric variables
2021-06-03 15:09:35,250:INFO:Importing untrained model
2021-06-03 15:09:35,260:INFO:Gradient Boosting Regressor Imported succesfully
2021-06-03 15:09:35,279:INFO:Starting cross validation
2021-06-03 15:09:35,280:INFO:Cross validating with KFold(n_splits=10, random_state=None, shuffle=False), n_jobs=-1
2021-06-03 15:09:37,543:INFO:Calculating mean and std
2021-06-03 15:09:37,545:INFO:Creating metrics dataframe
2021-06-03 15:09:37,548:INFO:Uploading results into container
2021-06-03 15:09:37,548:INFO:Uploading model into container now
2021-06-03 15:09:37,548:INFO:create_model_container: 35
2021-06-03 15:09:37,549:INFO:master_model_container: 35
2021-06-03 15:09:37,549:INFO:display_container: 2
2021-06-03 15:09:37,549:INFO:GradientBoostingRegressor(alpha=0.9, ccp_alpha=0.0, criterion='friedman_mse',
                          init=None, learning_rate=0.1, loss='ls', max_depth=3,
                          max_features=None, max_leaf_nodes=None,
                          min_impurity_decrease=0.0, min_impurity_split=None,
                          min_samples_leaf=1, min_samples_split=2,
                          min_weight_fraction_leaf=0.0, n_estimators=100,
                          n_iter_no_change=None, presort='deprecated',
                          random_state=6658, subsample=1.0, tol=0.0001,
                          validation_fraction=0.1, verbose=0, warm_start=False)
2021-06-03 15:09:37,549:INFO:create_model() succesfully completed......................................
2021-06-03 15:09:37,614:INFO:SubProcess create_model() end ==================================
2021-06-03 15:09:37,614:INFO:Creating metrics dataframe
2021-06-03 15:09:37,634:INFO:Initializing Extreme Gradient Boosting
2021-06-03 15:09:37,634:INFO:Total runtime is 3.101959117253622 minutes
2021-06-03 15:09:37,642:INFO:SubProcess create_model() called ==================================
2021-06-03 15:09:37,642:INFO:Initializing create_model()
2021-06-03 15:09:37,642:INFO:create_model(estimator=xgboost, fold=KFold(n_splits=10, random_state=None, shuffle=False), round=4, cross_validation=True, predict=True, fit_kwargs={}, groups=None, refit=False, verbose=False, system=False, metrics=None, display=<pycaret.internal.Display.Display object at 0x00000223BD850670>, kwargs={})
2021-06-03 15:09:37,642:INFO:Checking exceptions
2021-06-03 15:09:37,642:INFO:Importing libraries
2021-06-03 15:09:37,642:INFO:Copying training dataset
2021-06-03 15:09:37,644:INFO:Defining folds
2021-06-03 15:09:37,644:INFO:Declaring metric variables
2021-06-03 15:09:37,652:INFO:Importing untrained model
2021-06-03 15:09:37,672:INFO:Extreme Gradient Boosting Imported succesfully
2021-06-03 15:09:37,696:INFO:Starting cross validation
2021-06-03 15:09:37,698:INFO:Cross validating with KFold(n_splits=10, random_state=None, shuffle=False), n_jobs=-1
2021-06-03 15:09:44,722:INFO:Calculating mean and std
2021-06-03 15:09:44,723:INFO:Creating metrics dataframe
2021-06-03 15:09:44,729:INFO:Uploading results into container
2021-06-03 15:09:44,729:INFO:Uploading model into container now
2021-06-03 15:09:44,729:INFO:create_model_container: 36
2021-06-03 15:09:44,729:INFO:master_model_container: 36
2021-06-03 15:09:44,730:INFO:display_container: 2
2021-06-03 15:09:44,731:INFO:XGBRegressor(base_score=None, booster='gbtree', colsample_bylevel=None,
             colsample_bynode=None, colsample_bytree=None, gamma=None,
             gpu_id=None, importance_type='gain', interaction_constraints=None,
             learning_rate=None, max_delta_step=None, max_depth=None,
             min_child_weight=None, missing=nan, monotone_constraints=None,
             n_estimators=100, n_jobs=-1, num_parallel_tree=None,
             objective='reg:squarederror', random_state=6658, reg_alpha=None,
             reg_lambda=None, scale_pos_weight=None, subsample=None,
             tree_method='auto', validate_parameters=None, verbosity=0)
2021-06-03 15:09:44,731:INFO:create_model() succesfully completed......................................
2021-06-03 15:09:44,808:INFO:SubProcess create_model() end ==================================
2021-06-03 15:09:44,808:INFO:Creating metrics dataframe
2021-06-03 15:09:44,835:INFO:Initializing Light Gradient Boosting Machine
2021-06-03 15:09:44,835:INFO:Total runtime is 3.2219717661539717 minutes
2021-06-03 15:09:44,845:INFO:SubProcess create_model() called ==================================
2021-06-03 15:09:44,846:INFO:Initializing create_model()
2021-06-03 15:09:44,846:INFO:create_model(estimator=lightgbm, fold=KFold(n_splits=10, random_state=None, shuffle=False), round=4, cross_validation=True, predict=True, fit_kwargs={}, groups=None, refit=False, verbose=False, system=False, metrics=None, display=<pycaret.internal.Display.Display object at 0x00000223BD850670>, kwargs={})
2021-06-03 15:09:44,846:INFO:Checking exceptions
2021-06-03 15:09:44,846:INFO:Importing libraries
2021-06-03 15:09:44,846:INFO:Copying training dataset
2021-06-03 15:09:44,848:INFO:Defining folds
2021-06-03 15:09:44,848:INFO:Declaring metric variables
2021-06-03 15:09:44,858:INFO:Importing untrained model
2021-06-03 15:09:44,875:INFO:Light Gradient Boosting Machine Imported succesfully
2021-06-03 15:09:44,900:INFO:Starting cross validation
2021-06-03 15:09:44,900:INFO:Cross validating with KFold(n_splits=10, random_state=None, shuffle=False), n_jobs=-1
2021-06-03 15:09:46,758:INFO:Calculating mean and std
2021-06-03 15:09:46,759:INFO:Creating metrics dataframe
2021-06-03 15:09:46,765:INFO:Uploading results into container
2021-06-03 15:09:46,765:INFO:Uploading model into container now
2021-06-03 15:09:46,766:INFO:create_model_container: 37
2021-06-03 15:09:46,766:INFO:master_model_container: 37
2021-06-03 15:09:46,766:INFO:display_container: 2
2021-06-03 15:09:46,767:INFO:LGBMRegressor(boosting_type='gbdt', class_weight=None, colsample_bytree=1.0,
              importance_type='split', learning_rate=0.1, max_depth=-1,
              min_child_samples=20, min_child_weight=0.001, min_split_gain=0.0,
              n_estimators=100, n_jobs=-1, num_leaves=31, objective=None,
              random_state=6658, reg_alpha=0.0, reg_lambda=0.0, silent=True,
              subsample=1.0, subsample_for_bin=200000, subsample_freq=0)
2021-06-03 15:09:46,767:INFO:create_model() succesfully completed......................................
2021-06-03 15:09:46,856:WARNING:create_model() for LGBMRegressor(boosting_type='gbdt', class_weight=None, colsample_bytree=1.0,
              importance_type='split', learning_rate=0.1, max_depth=-1,
              min_child_samples=20, min_child_weight=0.001, min_split_gain=0.0,
              n_estimators=100, n_jobs=-1, num_leaves=31, objective=None,
              random_state=6658, reg_alpha=0.0, reg_lambda=0.0, silent=True,
              subsample=1.0, subsample_for_bin=200000, subsample_freq=0) raised an exception or returned all 0.0, trying without fit_kwargs:
2021-06-03 15:09:46,857:WARNING:Traceback (most recent call last):
  File "D:\Anaconda\lib\site-packages\pycaret\internal\tabular.py", line 2176, in compare_models
    assert np.sum(model_results.iloc[0]) != 0.0
AssertionError

2021-06-03 15:09:46,858:INFO:Initializing create_model()
2021-06-03 15:09:46,858:INFO:create_model(estimator=LGBMRegressor(boosting_type='gbdt', class_weight=None, colsample_bytree=1.0,
              importance_type='split', learning_rate=0.1, max_depth=-1,
              min_child_samples=20, min_child_weight=0.001, min_split_gain=0.0,
              n_estimators=100, n_jobs=-1, num_leaves=31, objective=None,
              random_state=6658, reg_alpha=0.0, reg_lambda=0.0, silent=True,
              subsample=1.0, subsample_for_bin=200000, subsample_freq=0), fold=KFold(n_splits=10, random_state=None, shuffle=False), round=4, cross_validation=True, predict=True, fit_kwargs=None, groups=None, refit=False, verbose=False, system=False, metrics=None, display=<pycaret.internal.Display.Display object at 0x00000223BD850670>, kwargs={})
2021-06-03 15:09:46,858:INFO:Checking exceptions
2021-06-03 15:09:46,858:INFO:Importing libraries
2021-06-03 15:09:46,858:INFO:Copying training dataset
2021-06-03 15:09:46,860:INFO:Defining folds
2021-06-03 15:09:46,860:INFO:Declaring metric variables
2021-06-03 15:09:46,870:INFO:Importing untrained model
2021-06-03 15:09:46,871:INFO:Declaring custom model
2021-06-03 15:09:46,883:INFO:Light Gradient Boosting Machine Imported succesfully
2021-06-03 15:09:46,908:INFO:Starting cross validation
2021-06-03 15:09:46,909:INFO:Cross validating with KFold(n_splits=10, random_state=None, shuffle=False), n_jobs=-1
2021-06-03 15:09:47,170:INFO:Calculating mean and std
2021-06-03 15:09:47,171:INFO:Creating metrics dataframe
2021-06-03 15:09:47,178:INFO:Uploading results into container
2021-06-03 15:09:47,178:INFO:Uploading model into container now
2021-06-03 15:09:47,178:INFO:create_model_container: 38
2021-06-03 15:09:47,178:INFO:master_model_container: 38
2021-06-03 15:09:47,178:INFO:display_container: 2
2021-06-03 15:09:47,179:INFO:LGBMRegressor(boosting_type='gbdt', class_weight=None, colsample_bytree=1.0,
              importance_type='split', learning_rate=0.1, max_depth=-1,
              min_child_samples=20, min_child_weight=0.001, min_split_gain=0.0,
              n_estimators=100, n_jobs=-1, num_leaves=31, objective=None,
              random_state=6658, reg_alpha=0.0, reg_lambda=0.0, silent=True,
              subsample=1.0, subsample_for_bin=200000, subsample_freq=0)
2021-06-03 15:09:47,179:INFO:create_model() succesfully completed......................................
2021-06-03 15:09:47,255:INFO:SubProcess create_model() end ==================================
2021-06-03 15:09:47,255:INFO:Creating metrics dataframe
2021-06-03 15:09:47,282:INFO:Initializing CatBoost Regressor
2021-06-03 15:09:47,282:INFO:Total runtime is 3.262762872378032 minutes
2021-06-03 15:09:47,293:INFO:SubProcess create_model() called ==================================
2021-06-03 15:09:47,294:INFO:Initializing create_model()
2021-06-03 15:09:47,294:INFO:create_model(estimator=catboost, fold=KFold(n_splits=10, random_state=None, shuffle=False), round=4, cross_validation=True, predict=True, fit_kwargs={}, groups=None, refit=False, verbose=False, system=False, metrics=None, display=<pycaret.internal.Display.Display object at 0x00000223BD850670>, kwargs={})
2021-06-03 15:09:47,294:INFO:Checking exceptions
2021-06-03 15:09:47,294:INFO:Importing libraries
2021-06-03 15:09:47,294:INFO:Copying training dataset
2021-06-03 15:09:47,297:INFO:Defining folds
2021-06-03 15:09:47,297:INFO:Declaring metric variables
2021-06-03 15:09:47,306:INFO:Importing untrained model
2021-06-03 15:09:47,323:INFO:CatBoost Regressor Imported succesfully
2021-06-03 15:09:47,354:INFO:Starting cross validation
2021-06-03 15:09:47,355:INFO:Cross validating with KFold(n_splits=10, random_state=None, shuffle=False), n_jobs=-1
2021-06-03 15:10:10,694:INFO:Calculating mean and std
2021-06-03 15:10:10,695:INFO:Creating metrics dataframe
2021-06-03 15:10:10,703:INFO:Uploading results into container
2021-06-03 15:10:10,704:INFO:Uploading model into container now
2021-06-03 15:10:10,704:INFO:create_model_container: 39
2021-06-03 15:10:10,704:INFO:master_model_container: 39
2021-06-03 15:10:10,704:INFO:display_container: 2
2021-06-03 15:10:10,704:INFO:<catboost.core.CatBoostRegressor object at 0x00000223BDD4C6D0>
2021-06-03 15:10:10,704:INFO:create_model() succesfully completed......................................
2021-06-03 15:10:10,785:INFO:SubProcess create_model() end ==================================
2021-06-03 15:10:10,786:INFO:Creating metrics dataframe
2021-06-03 15:10:10,869:INFO:Initializing create_model()
2021-06-03 15:10:10,870:INFO:create_model(estimator=LGBMRegressor(boosting_type='gbdt', class_weight=None, colsample_bytree=1.0,
              importance_type='split', learning_rate=0.1, max_depth=-1,
              min_child_samples=20, min_child_weight=0.001, min_split_gain=0.0,
              n_estimators=100, n_jobs=-1, num_leaves=31, objective=None,
              random_state=6658, reg_alpha=0.0, reg_lambda=0.0, silent=True,
              subsample=1.0, subsample_for_bin=200000, subsample_freq=0), fold=KFold(n_splits=10, random_state=None, shuffle=False), round=4, cross_validation=False, predict=False, fit_kwargs={}, groups=None, refit=True, verbose=False, system=False, metrics=None, display=None, kwargs={})
2021-06-03 15:10:10,870:INFO:Checking exceptions
2021-06-03 15:10:10,870:INFO:Importing libraries
2021-06-03 15:10:10,870:INFO:Copying training dataset
2021-06-03 15:10:10,872:INFO:Defining folds
2021-06-03 15:10:10,873:INFO:Declaring metric variables
2021-06-03 15:10:10,873:INFO:Importing untrained model
2021-06-03 15:10:10,873:INFO:Declaring custom model
2021-06-03 15:10:10,875:INFO:Light Gradient Boosting Machine Imported succesfully
2021-06-03 15:10:10,876:INFO:Cross validation set to False
2021-06-03 15:10:10,876:INFO:Fitting Model
2021-06-03 16:24:47,507:INFO:Initializing create_model()
2021-06-03 16:24:47,508:INFO:create_model(estimator=svm, fold=None, round=4, cross_validation=False, predict=True, fit_kwargs=None, groups=None, refit=True, verbose=True, system=True, metrics=None, display=None, kwargs={})
2021-06-03 16:24:47,508:INFO:Checking exceptions
2021-06-03 16:24:47,508:INFO:Preparing display monitor
2021-06-03 16:24:47,529:INFO:Importing libraries
2021-06-03 16:24:47,529:INFO:Copying training dataset
2021-06-03 16:24:47,532:INFO:Defining folds
2021-06-03 16:24:47,532:INFO:Declaring metric variables
2021-06-03 16:24:47,546:INFO:Importing untrained model
2021-06-03 16:24:47,556:INFO:Support Vector Regression Imported succesfully
2021-06-03 16:24:47,566:INFO:Cross validation set to False
2021-06-03 16:24:47,566:INFO:Fitting Model
2021-06-03 16:24:48,023:INFO:Initializing predict_model()
2021-06-03 16:24:48,024:INFO:predict_model(estimator=Pipeline(memory=None,
         steps=[('empty_step', 'passthrough'),
                ('actual_estimator',
                 SVR(C=1.0, cache_size=200, coef0=0.0, degree=3, epsilon=0.1,
                     gamma='scale', kernel='rbf', max_iter=-1, shrinking=True,
                     tol=0.001, verbose=False))],
         verbose=False), probability_threshold=None, encoded_labels=False, raw_score=False, round=4, verbose=False, ml_usecase=None, display=None)
2021-06-03 16:24:48,024:INFO:Checking exceptions
2021-06-03 16:24:48,024:INFO:Preloading libraries
2021-06-03 16:24:48,322:INFO:display_container: 2
2021-06-03 16:24:48,322:INFO:SVR(C=1.0, cache_size=200, coef0=0.0, degree=3, epsilon=0.1, gamma='scale',
    kernel='rbf', max_iter=-1, shrinking=True, tol=0.001, verbose=False)
2021-06-03 16:24:48,322:INFO:create_models() succesfully completed......................................
2021-06-03 16:25:45,458:INFO:PyCaret Supervised Module
2021-06-03 16:25:45,458:INFO:ML Usecase: regression
2021-06-03 16:25:45,458:INFO:version 2.3.0
2021-06-03 16:25:45,458:INFO:Initializing setup()
2021-06-03 16:25:45,458:INFO:setup(target=sentiment, ml_usecase=regression, available_plots={'parameter': 'Hyperparameters', 'residuals': 'Residuals', 'error': 'Prediction Error', 'cooks': 'Cooks Distance', 'rfe': 'Feature Selection', 'learning': 'Learning Curve', 'manifold': 'Manifold Learning', 'vc': 'Validation Curve', 'feature': 'Feature Importance', 'feature_all': 'Feature Importance (All)', 'tree': 'Decision Tree', 'residuals_interactive': 'Interactive Residuals'}, train_size=0.7, test_data=None, preprocess=True, imputation_type=simple, iterative_imputation_iters=5, categorical_features=None, categorical_imputation=constant, categorical_iterative_imputer=lightgbm, ordinal_features=None, high_cardinality_features=None, high_cardinality_method=frequency, numeric_features=None, numeric_imputation=mean, numeric_iterative_imputer=lightgbm, date_features=None, ignore_features=None, normalize=False, normalize_method=zscore, transformation=False, transformation_method=yeo-johnson, handle_unknown_categorical=True, unknown_categorical_method=least_frequent, pca=False, pca_method=linear, pca_components=None, ignore_low_variance=False, combine_rare_levels=False, rare_level_threshold=0.1, bin_numeric_features=None, remove_outliers=False, outliers_threshold=0.05, remove_multicollinearity=False, multicollinearity_threshold=0.9, remove_perfect_collinearity=True, create_clusters=False, cluster_iter=20, polynomial_features=False, polynomial_degree=2, trigonometry_features=False, polynomial_threshold=0.1, group_features=None, group_names=None, feature_selection=False, feature_selection_threshold=0.8, feature_selection_method=classic, feature_interaction=False, feature_ratio=False, interaction_threshold=0.01, fix_imbalance=False, fix_imbalance_method=None, transform_target=False, transform_target_method=box-cox, data_split_shuffle=True, data_split_stratify=False, fold_strategy=kfold, fold=10, fold_shuffle=False, fold_groups=None, n_jobs=-1, use_gpu=False, custom_pipeline=None, html=True, session_id=None, log_experiment=False, experiment_name=None, log_plots=False, log_profile=False, log_data=False, silent=False, verbose=True, profile=False, profile_kwargs=None, display=None)
2021-06-03 16:25:45,458:INFO:Checking environment
2021-06-03 16:25:45,458:INFO:python_version: 3.8.5
2021-06-03 16:25:45,459:INFO:python_build: ('default', 'Sep  3 2020 21:29:08')
2021-06-03 16:25:45,459:INFO:machine: AMD64
2021-06-03 16:25:45,459:INFO:platform: Windows-10-10.0.18362-SP0
2021-06-03 16:25:45,459:INFO:Memory: svmem(total=12761948160, available=6461329408, percent=49.4, used=6300618752, free=6461329408)
2021-06-03 16:25:45,459:INFO:Physical Core: 4
2021-06-03 16:25:45,459:INFO:Logical Core: 8
2021-06-03 16:25:45,459:INFO:Checking libraries
2021-06-03 16:25:45,460:INFO:pd==1.1.3
2021-06-03 16:25:45,460:INFO:numpy==1.19.5
2021-06-03 16:25:45,460:INFO:sklearn==0.23.2
2021-06-03 16:25:45,460:INFO:lightgbm==3.2.1
2021-06-03 16:25:45,460:INFO:catboost==0.25.1
2021-06-03 16:25:45,460:INFO:xgboost==1.3.3
2021-06-03 16:25:45,460:INFO:mlflow==1.15.0
2021-06-03 16:25:45,460:INFO:Checking Exceptions
2021-06-03 16:25:45,460:INFO:Declaring global variables
2021-06-03 16:25:45,460:INFO:USI: d3d1
2021-06-03 16:25:45,460:INFO:pycaret_globals: {'create_model_container', 'fold_generator', 'logging_param', 'USI', 'transform_target_method_param', '_all_models', '_all_models_internal', 'iterative_imputation_iters_param', 'imputation_classifier', '_all_metrics', 'target_param', 'fold_shuffle_param', 'experiment__', 'X', 'data_before_preprocess', '_ml_usecase', 'fold_param', 'y_test', 'y', 'n_jobs_param', 'exp_name_log', 'fold_groups_param', 'fix_imbalance_method_param', '_available_plots', 'y_train', 'prep_pipe', '_gpu_n_jobs_param', '_internal_pipeline', 'transform_target_param', 'pycaret_globals', 'imputation_regressor', 'X_test', 'display_container', 'seed', 'stratify_param', 'X_train', 'html_param', 'fix_imbalance_param', 'gpu_param', 'log_plots_param', 'master_model_container'}
2021-06-03 16:25:45,460:INFO:Preparing display monitor
2021-06-03 16:25:45,460:INFO:Preparing display monitor
2021-06-03 16:25:45,473:INFO:Importing libraries
2021-06-03 16:25:45,473:INFO:Copying data for preprocessing
2021-06-03 16:25:45,486:INFO:Declaring preprocessing parameters
2021-06-03 16:25:45,487:INFO:Creating preprocessing pipeline
2021-06-03 16:25:45,491:INFO:Preprocessing pipeline created successfully
2021-06-03 16:25:45,491:ERROR:(Process Exit): setup has been interupted with user command 'quit'. setup must rerun.
2021-06-03 16:25:45,491:INFO:Creating global containers
2021-06-03 16:25:45,491:INFO:Internal pipeline: Pipeline(memory=None, steps=[('empty_step', 'passthrough')], verbose=False)
2021-06-03 16:25:47,308:INFO:Creating grid variables
2021-06-03 16:25:47,323:INFO:create_model_container: 0
2021-06-03 16:25:47,323:INFO:master_model_container: 0
2021-06-03 16:25:47,324:INFO:display_container: 1
2021-06-03 16:25:47,329:INFO:Pipeline(memory=None,
         steps=[('dtypes',
                 DataTypes_Auto_infer(categorical_features=[],
                                      display_types=True, features_todrop=[],
                                      id_columns=[], ml_usecase='regression',
                                      numerical_features=[], target='sentiment',
                                      time_features=[])),
                ('imputer',
                 Simple_Imputer(categorical_strategy='not_available',
                                fill_value_categorical=None,
                                fill_value_numerical=None,
                                numeric_strate...
                ('scaling', 'passthrough'), ('P_transform', 'passthrough'),
                ('binn', 'passthrough'), ('rem_outliers', 'passthrough'),
                ('cluster_all', 'passthrough'),
                ('dummy', Dummify(target='sentiment')),
                ('fix_perfect', Remove_100(target='sentiment')),
                ('clean_names', Clean_Colum_Names()),
                ('feature_select', 'passthrough'), ('fix_multi', 'passthrough'),
                ('dfs', 'passthrough'), ('pca', 'passthrough')],
         verbose=False)
2021-06-03 16:25:47,329:INFO:setup() succesfully completed......................................
2021-06-03 16:25:47,403:INFO:Initializing create_model()
2021-06-03 16:25:47,404:INFO:create_model(estimator=svm, fold=None, round=4, cross_validation=False, predict=True, fit_kwargs=None, groups=None, refit=True, verbose=True, system=True, metrics=None, display=None, kwargs={})
2021-06-03 16:25:47,404:INFO:Checking exceptions
2021-06-03 16:25:47,404:INFO:Preparing display monitor
2021-06-03 16:25:47,427:INFO:Importing libraries
2021-06-03 16:25:47,427:INFO:Copying training dataset
2021-06-03 16:25:47,429:INFO:Defining folds
2021-06-03 16:25:47,430:INFO:Declaring metric variables
2021-06-03 16:25:47,442:INFO:Importing untrained model
2021-06-03 16:25:47,455:INFO:Support Vector Regression Imported succesfully
2021-06-03 16:25:47,470:INFO:Cross validation set to False
2021-06-03 16:25:47,470:INFO:Fitting Model
2021-06-03 16:25:47,935:INFO:Initializing predict_model()
2021-06-03 16:25:47,935:INFO:predict_model(estimator=Pipeline(memory=None,
         steps=[('empty_step', 'passthrough'),
                ('actual_estimator',
                 SVR(C=1.0, cache_size=200, coef0=0.0, degree=3, epsilon=0.1,
                     gamma='scale', kernel='rbf', max_iter=-1, shrinking=True,
                     tol=0.001, verbose=False))],
         verbose=False), probability_threshold=None, encoded_labels=False, raw_score=False, round=4, verbose=False, ml_usecase=None, display=None)
2021-06-03 16:25:47,935:INFO:Checking exceptions
2021-06-03 16:25:47,935:INFO:Preloading libraries
2021-06-03 16:25:48,198:INFO:display_container: 2
2021-06-03 16:25:48,199:INFO:SVR(C=1.0, cache_size=200, coef0=0.0, degree=3, epsilon=0.1, gamma='scale',
    kernel='rbf', max_iter=-1, shrinking=True, tol=0.001, verbose=False)
2021-06-03 16:25:48,199:INFO:create_models() succesfully completed......................................
2021-06-03 16:25:59,659:INFO:PyCaret Supervised Module
2021-06-03 16:25:59,659:INFO:ML Usecase: regression
2021-06-03 16:25:59,659:INFO:version 2.3.0
2021-06-03 16:25:59,659:INFO:Initializing setup()
2021-06-03 16:25:59,659:INFO:setup(target=sentiment, ml_usecase=regression, available_plots={'parameter': 'Hyperparameters', 'residuals': 'Residuals', 'error': 'Prediction Error', 'cooks': 'Cooks Distance', 'rfe': 'Feature Selection', 'learning': 'Learning Curve', 'manifold': 'Manifold Learning', 'vc': 'Validation Curve', 'feature': 'Feature Importance', 'feature_all': 'Feature Importance (All)', 'tree': 'Decision Tree', 'residuals_interactive': 'Interactive Residuals'}, train_size=0.7, test_data=None, preprocess=True, imputation_type=simple, iterative_imputation_iters=5, categorical_features=None, categorical_imputation=constant, categorical_iterative_imputer=lightgbm, ordinal_features=None, high_cardinality_features=None, high_cardinality_method=frequency, numeric_features=None, numeric_imputation=mean, numeric_iterative_imputer=lightgbm, date_features=None, ignore_features=None, normalize=False, normalize_method=zscore, transformation=False, transformation_method=yeo-johnson, handle_unknown_categorical=True, unknown_categorical_method=least_frequent, pca=False, pca_method=linear, pca_components=None, ignore_low_variance=False, combine_rare_levels=False, rare_level_threshold=0.1, bin_numeric_features=None, remove_outliers=False, outliers_threshold=0.05, remove_multicollinearity=False, multicollinearity_threshold=0.9, remove_perfect_collinearity=True, create_clusters=False, cluster_iter=20, polynomial_features=False, polynomial_degree=2, trigonometry_features=False, polynomial_threshold=0.1, group_features=None, group_names=None, feature_selection=False, feature_selection_threshold=0.8, feature_selection_method=classic, feature_interaction=False, feature_ratio=False, interaction_threshold=0.01, fix_imbalance=False, fix_imbalance_method=None, transform_target=False, transform_target_method=box-cox, data_split_shuffle=True, data_split_stratify=False, fold_strategy=kfold, fold=10, fold_shuffle=False, fold_groups=None, n_jobs=-1, use_gpu=False, custom_pipeline=None, html=True, session_id=None, log_experiment=False, experiment_name=None, log_plots=False, log_profile=False, log_data=False, silent=False, verbose=True, profile=False, profile_kwargs=None, display=None)
2021-06-03 16:25:59,659:INFO:Checking environment
2021-06-03 16:25:59,659:INFO:python_version: 3.8.5
2021-06-03 16:25:59,659:INFO:python_build: ('default', 'Sep  3 2020 21:29:08')
2021-06-03 16:25:59,659:INFO:machine: AMD64
2021-06-03 16:25:59,659:INFO:platform: Windows-10-10.0.18362-SP0
2021-06-03 16:25:59,660:INFO:Memory: svmem(total=12761948160, available=6434164736, percent=49.6, used=6327783424, free=6434164736)
2021-06-03 16:25:59,660:INFO:Physical Core: 4
2021-06-03 16:25:59,660:INFO:Logical Core: 8
2021-06-03 16:25:59,660:INFO:Checking libraries
2021-06-03 16:25:59,660:INFO:pd==1.1.3
2021-06-03 16:25:59,660:INFO:numpy==1.19.5
2021-06-03 16:25:59,660:INFO:sklearn==0.23.2
2021-06-03 16:25:59,660:INFO:lightgbm==3.2.1
2021-06-03 16:25:59,660:INFO:catboost==0.25.1
2021-06-03 16:25:59,661:INFO:xgboost==1.3.3
2021-06-03 16:25:59,661:INFO:mlflow==1.15.0
2021-06-03 16:25:59,661:INFO:Checking Exceptions
2021-06-03 16:25:59,661:INFO:Declaring global variables
2021-06-03 16:25:59,661:INFO:USI: 3edd
2021-06-03 16:25:59,661:INFO:pycaret_globals: {'create_model_container', 'fold_generator', 'logging_param', 'USI', 'transform_target_method_param', '_all_models', '_all_models_internal', 'iterative_imputation_iters_param', 'imputation_classifier', '_all_metrics', 'target_param', 'fold_shuffle_param', 'experiment__', 'X', 'data_before_preprocess', '_ml_usecase', 'fold_param', 'y_test', 'y', 'n_jobs_param', 'exp_name_log', 'fold_groups_param', 'fix_imbalance_method_param', '_available_plots', 'y_train', 'prep_pipe', '_gpu_n_jobs_param', '_internal_pipeline', 'transform_target_param', 'pycaret_globals', 'imputation_regressor', 'X_test', 'display_container', 'seed', 'stratify_param', 'X_train', 'html_param', 'fix_imbalance_param', 'gpu_param', 'log_plots_param', 'master_model_container'}
2021-06-03 16:25:59,661:INFO:Preparing display monitor
2021-06-03 16:25:59,661:INFO:Preparing display monitor
2021-06-03 16:25:59,676:INFO:Importing libraries
2021-06-03 16:25:59,676:INFO:Copying data for preprocessing
2021-06-03 16:25:59,686:INFO:Declaring preprocessing parameters
2021-06-03 16:25:59,687:INFO:Creating preprocessing pipeline
2021-06-03 16:25:59,689:INFO:Preprocessing pipeline created successfully
2021-06-03 16:25:59,689:ERROR:(Process Exit): setup has been interupted with user command 'quit'. setup must rerun.
2021-06-03 16:25:59,690:INFO:Creating global containers
2021-06-03 16:25:59,690:INFO:Internal pipeline: Pipeline(memory=None, steps=[('empty_step', 'passthrough')], verbose=False)
2021-06-03 16:26:01,344:INFO:Creating grid variables
2021-06-03 16:26:01,358:INFO:create_model_container: 0
2021-06-03 16:26:01,358:INFO:master_model_container: 0
2021-06-03 16:26:01,358:INFO:display_container: 1
2021-06-03 16:26:01,363:INFO:Pipeline(memory=None,
         steps=[('dtypes',
                 DataTypes_Auto_infer(categorical_features=[],
                                      display_types=True, features_todrop=[],
                                      id_columns=[], ml_usecase='regression',
                                      numerical_features=[], target='sentiment',
                                      time_features=[])),
                ('imputer',
                 Simple_Imputer(categorical_strategy='not_available',
                                fill_value_categorical=None,
                                fill_value_numerical=None,
                                numeric_strate...
                ('scaling', 'passthrough'), ('P_transform', 'passthrough'),
                ('binn', 'passthrough'), ('rem_outliers', 'passthrough'),
                ('cluster_all', 'passthrough'),
                ('dummy', Dummify(target='sentiment')),
                ('fix_perfect', Remove_100(target='sentiment')),
                ('clean_names', Clean_Colum_Names()),
                ('feature_select', 'passthrough'), ('fix_multi', 'passthrough'),
                ('dfs', 'passthrough'), ('pca', 'passthrough')],
         verbose=False)
2021-06-03 16:26:01,363:INFO:setup() succesfully completed......................................
2021-06-03 16:26:27,435:INFO:Initializing compare_models()
2021-06-03 16:26:27,435:INFO:compare_models(include=None, fold=None, round=4, cross_validation=True, sort=R2, n_select=1, budget_time=None, turbo=True, errors=ignore, fit_kwargs=None, groups=None, verbose=True, display=None, exclude=None)
2021-06-03 16:26:27,435:INFO:Checking exceptions
2021-06-03 16:26:27,435:INFO:Preparing display monitor
2021-06-03 16:26:27,435:INFO:Preparing display monitor
2021-06-03 16:26:27,465:INFO:Initializing Linear Regression
2021-06-03 16:26:27,465:INFO:Total runtime is 0.0 minutes
2021-06-03 16:26:27,477:INFO:SubProcess create_model() called ==================================
2021-06-03 16:26:27,478:INFO:Initializing create_model()
2021-06-03 16:26:27,478:INFO:create_model(estimator=lr, fold=KFold(n_splits=10, random_state=None, shuffle=False), round=4, cross_validation=True, predict=True, fit_kwargs={}, groups=None, refit=False, verbose=False, system=False, metrics=None, display=<pycaret.internal.Display.Display object at 0x00000223BDD25F70>, kwargs={})
2021-06-03 16:26:27,478:INFO:Checking exceptions
2021-06-03 16:26:27,478:INFO:Importing libraries
2021-06-03 16:26:27,478:INFO:Copying training dataset
2021-06-03 16:26:27,481:INFO:Defining folds
2021-06-03 16:26:27,482:INFO:Declaring metric variables
2021-06-03 16:26:27,490:INFO:Importing untrained model
2021-06-03 16:26:27,501:INFO:Linear Regression Imported succesfully
2021-06-03 16:26:27,522:INFO:Starting cross validation
2021-06-03 16:26:27,523:INFO:Cross validating with KFold(n_splits=10, random_state=None, shuffle=False), n_jobs=-1
2021-06-03 16:26:41,644:INFO:Calculating mean and std
2021-06-03 16:26:41,645:INFO:Creating metrics dataframe
2021-06-03 16:26:41,649:INFO:Uploading results into container
2021-06-03 16:26:41,649:INFO:Uploading model into container now
2021-06-03 16:26:41,649:INFO:create_model_container: 1
2021-06-03 16:26:41,649:INFO:master_model_container: 1
2021-06-03 16:26:41,649:INFO:display_container: 2
2021-06-03 16:26:41,649:INFO:LinearRegression(copy_X=True, fit_intercept=True, n_jobs=-1, normalize=False)
2021-06-03 16:26:41,650:INFO:create_model() succesfully completed......................................
2021-06-03 16:26:41,718:INFO:SubProcess create_model() end ==================================
2021-06-03 16:26:41,718:INFO:Creating metrics dataframe
2021-06-03 16:26:41,732:INFO:Initializing Lasso Regression
2021-06-03 16:26:41,732:INFO:Total runtime is 0.23778276046117147 minutes
2021-06-03 16:26:41,739:INFO:SubProcess create_model() called ==================================
2021-06-03 16:26:41,740:INFO:Initializing create_model()
2021-06-03 16:26:41,740:INFO:create_model(estimator=lasso, fold=KFold(n_splits=10, random_state=None, shuffle=False), round=4, cross_validation=True, predict=True, fit_kwargs={}, groups=None, refit=False, verbose=False, system=False, metrics=None, display=<pycaret.internal.Display.Display object at 0x00000223BDD25F70>, kwargs={})
2021-06-03 16:26:41,740:INFO:Checking exceptions
2021-06-03 16:26:41,740:INFO:Importing libraries
2021-06-03 16:26:41,741:INFO:Copying training dataset
2021-06-03 16:26:41,742:INFO:Defining folds
2021-06-03 16:26:41,743:INFO:Declaring metric variables
2021-06-03 16:26:41,754:INFO:Importing untrained model
2021-06-03 16:26:41,767:INFO:Lasso Regression Imported succesfully
2021-06-03 16:26:41,788:INFO:Starting cross validation
2021-06-03 16:26:41,788:INFO:Cross validating with KFold(n_splits=10, random_state=None, shuffle=False), n_jobs=-1
2021-06-03 16:26:42,002:INFO:Calculating mean and std
2021-06-03 16:26:42,003:INFO:Creating metrics dataframe
2021-06-03 16:26:42,006:INFO:Uploading results into container
2021-06-03 16:26:42,007:INFO:Uploading model into container now
2021-06-03 16:26:42,007:INFO:create_model_container: 2
2021-06-03 16:26:42,007:INFO:master_model_container: 2
2021-06-03 16:26:42,007:INFO:display_container: 2
2021-06-03 16:26:42,007:INFO:Lasso(alpha=1.0, copy_X=True, fit_intercept=True, max_iter=1000,
      normalize=False, positive=False, precompute=False, random_state=5914,
      selection='cyclic', tol=0.0001, warm_start=False)
2021-06-03 16:26:42,007:INFO:create_model() succesfully completed......................................
2021-06-03 16:26:42,072:INFO:SubProcess create_model() end ==================================
2021-06-03 16:26:42,072:INFO:Creating metrics dataframe
2021-06-03 16:26:42,088:INFO:Initializing Ridge Regression
2021-06-03 16:26:42,089:INFO:Total runtime is 0.24372004667917888 minutes
2021-06-03 16:26:42,099:INFO:SubProcess create_model() called ==================================
2021-06-03 16:26:42,099:INFO:Initializing create_model()
2021-06-03 16:26:42,099:INFO:create_model(estimator=ridge, fold=KFold(n_splits=10, random_state=None, shuffle=False), round=4, cross_validation=True, predict=True, fit_kwargs={}, groups=None, refit=False, verbose=False, system=False, metrics=None, display=<pycaret.internal.Display.Display object at 0x00000223BDD25F70>, kwargs={})
2021-06-03 16:26:42,099:INFO:Checking exceptions
2021-06-03 16:26:42,099:INFO:Importing libraries
2021-06-03 16:26:42,100:INFO:Copying training dataset
2021-06-03 16:26:42,101:INFO:Defining folds
2021-06-03 16:26:42,102:INFO:Declaring metric variables
2021-06-03 16:26:42,109:INFO:Importing untrained model
2021-06-03 16:26:42,118:INFO:Ridge Regression Imported succesfully
2021-06-03 16:26:42,138:INFO:Starting cross validation
2021-06-03 16:26:42,139:INFO:Cross validating with KFold(n_splits=10, random_state=None, shuffle=False), n_jobs=-1
2021-06-03 16:26:42,380:INFO:Calculating mean and std
2021-06-03 16:26:42,381:INFO:Creating metrics dataframe
2021-06-03 16:26:42,385:INFO:Uploading results into container
2021-06-03 16:26:42,385:INFO:Uploading model into container now
2021-06-03 16:26:42,385:INFO:create_model_container: 3
2021-06-03 16:26:42,385:INFO:master_model_container: 3
2021-06-03 16:26:42,385:INFO:display_container: 2
2021-06-03 16:26:42,386:INFO:Ridge(alpha=1.0, copy_X=True, fit_intercept=True, max_iter=None,
      normalize=False, random_state=5914, solver='auto', tol=0.001)
2021-06-03 16:26:42,386:INFO:create_model() succesfully completed......................................
2021-06-03 16:26:42,457:INFO:SubProcess create_model() end ==================================
2021-06-03 16:26:42,457:INFO:Creating metrics dataframe
2021-06-03 16:26:42,475:INFO:Initializing Elastic Net
2021-06-03 16:26:42,475:INFO:Total runtime is 0.2501611073811849 minutes
2021-06-03 16:26:42,484:INFO:SubProcess create_model() called ==================================
2021-06-03 16:26:42,485:INFO:Initializing create_model()
2021-06-03 16:26:42,485:INFO:create_model(estimator=en, fold=KFold(n_splits=10, random_state=None, shuffle=False), round=4, cross_validation=True, predict=True, fit_kwargs={}, groups=None, refit=False, verbose=False, system=False, metrics=None, display=<pycaret.internal.Display.Display object at 0x00000223BDD25F70>, kwargs={})
2021-06-03 16:26:42,485:INFO:Checking exceptions
2021-06-03 16:26:42,485:INFO:Importing libraries
2021-06-03 16:26:42,485:INFO:Copying training dataset
2021-06-03 16:26:42,487:INFO:Defining folds
2021-06-03 16:26:42,487:INFO:Declaring metric variables
2021-06-03 16:26:42,497:INFO:Importing untrained model
2021-06-03 16:26:42,506:INFO:Elastic Net Imported succesfully
2021-06-03 16:26:42,534:INFO:Starting cross validation
2021-06-03 16:26:42,534:INFO:Cross validating with KFold(n_splits=10, random_state=None, shuffle=False), n_jobs=-1
2021-06-03 16:26:42,746:INFO:Calculating mean and std
2021-06-03 16:26:42,747:INFO:Creating metrics dataframe
2021-06-03 16:26:42,751:INFO:Uploading results into container
2021-06-03 16:26:42,751:INFO:Uploading model into container now
2021-06-03 16:26:42,751:INFO:create_model_container: 4
2021-06-03 16:26:42,751:INFO:master_model_container: 4
2021-06-03 16:26:42,751:INFO:display_container: 2
2021-06-03 16:26:42,752:INFO:ElasticNet(alpha=1.0, copy_X=True, fit_intercept=True, l1_ratio=0.5,
           max_iter=1000, normalize=False, positive=False, precompute=False,
           random_state=5914, selection='cyclic', tol=0.0001, warm_start=False)
2021-06-03 16:26:42,752:INFO:create_model() succesfully completed......................................
2021-06-03 16:26:42,820:INFO:SubProcess create_model() end ==================================
2021-06-03 16:26:42,820:INFO:Creating metrics dataframe
2021-06-03 16:26:42,837:INFO:Initializing Least Angle Regression
2021-06-03 16:26:42,837:INFO:Total runtime is 0.2561866879463196 minutes
2021-06-03 16:26:42,846:INFO:SubProcess create_model() called ==================================
2021-06-03 16:26:42,846:INFO:Initializing create_model()
2021-06-03 16:26:42,846:INFO:create_model(estimator=lar, fold=KFold(n_splits=10, random_state=None, shuffle=False), round=4, cross_validation=True, predict=True, fit_kwargs={}, groups=None, refit=False, verbose=False, system=False, metrics=None, display=<pycaret.internal.Display.Display object at 0x00000223BDD25F70>, kwargs={})
2021-06-03 16:26:42,846:INFO:Checking exceptions
2021-06-03 16:26:42,847:INFO:Importing libraries
2021-06-03 16:26:42,847:INFO:Copying training dataset
2021-06-03 16:26:42,848:INFO:Defining folds
2021-06-03 16:26:42,848:INFO:Declaring metric variables
2021-06-03 16:26:42,858:INFO:Importing untrained model
2021-06-03 16:26:42,869:INFO:Least Angle Regression Imported succesfully
2021-06-03 16:26:42,896:INFO:Starting cross validation
2021-06-03 16:26:42,897:INFO:Cross validating with KFold(n_splits=10, random_state=None, shuffle=False), n_jobs=-1
2021-06-03 16:26:44,229:INFO:Calculating mean and std
2021-06-03 16:26:44,230:INFO:Creating metrics dataframe
2021-06-03 16:26:44,234:INFO:Uploading results into container
2021-06-03 16:26:44,234:INFO:Uploading model into container now
2021-06-03 16:26:44,234:INFO:create_model_container: 5
2021-06-03 16:26:44,234:INFO:master_model_container: 5
2021-06-03 16:26:44,234:INFO:display_container: 2
2021-06-03 16:26:44,234:INFO:Lars(copy_X=True, eps=2.220446049250313e-16, fit_intercept=True, fit_path=True,
     jitter=None, n_nonzero_coefs=500, normalize=True, precompute='auto',
     random_state=5914, verbose=False)
2021-06-03 16:26:44,234:INFO:create_model() succesfully completed......................................
2021-06-03 16:26:44,303:INFO:SubProcess create_model() end ==================================
2021-06-03 16:26:44,303:INFO:Creating metrics dataframe
2021-06-03 16:26:44,323:INFO:Initializing Lasso Least Angle Regression
2021-06-03 16:26:44,323:INFO:Total runtime is 0.2809613227844239 minutes
2021-06-03 16:26:44,333:INFO:SubProcess create_model() called ==================================
2021-06-03 16:26:44,333:INFO:Initializing create_model()
2021-06-03 16:26:44,333:INFO:create_model(estimator=llar, fold=KFold(n_splits=10, random_state=None, shuffle=False), round=4, cross_validation=True, predict=True, fit_kwargs={}, groups=None, refit=False, verbose=False, system=False, metrics=None, display=<pycaret.internal.Display.Display object at 0x00000223BDD25F70>, kwargs={})
2021-06-03 16:26:44,333:INFO:Checking exceptions
2021-06-03 16:26:44,334:INFO:Importing libraries
2021-06-03 16:26:44,334:INFO:Copying training dataset
2021-06-03 16:26:44,336:INFO:Defining folds
2021-06-03 16:26:44,336:INFO:Declaring metric variables
2021-06-03 16:26:44,347:INFO:Importing untrained model
2021-06-03 16:26:44,358:INFO:Lasso Least Angle Regression Imported succesfully
2021-06-03 16:26:44,380:INFO:Starting cross validation
2021-06-03 16:26:44,380:INFO:Cross validating with KFold(n_splits=10, random_state=None, shuffle=False), n_jobs=-1
2021-06-03 16:26:44,600:INFO:Calculating mean and std
2021-06-03 16:26:44,601:INFO:Creating metrics dataframe
2021-06-03 16:26:44,605:INFO:Uploading results into container
2021-06-03 16:26:44,605:INFO:Uploading model into container now
2021-06-03 16:26:44,605:INFO:create_model_container: 6
2021-06-03 16:26:44,605:INFO:master_model_container: 6
2021-06-03 16:26:44,605:INFO:display_container: 2
2021-06-03 16:26:44,605:INFO:LassoLars(alpha=1.0, copy_X=True, eps=2.220446049250313e-16, fit_intercept=True,
          fit_path=True, jitter=None, max_iter=500, normalize=True,
          positive=False, precompute='auto', random_state=5914, verbose=False)
2021-06-03 16:26:44,605:INFO:create_model() succesfully completed......................................
2021-06-03 16:26:44,674:INFO:SubProcess create_model() end ==================================
2021-06-03 16:26:44,674:INFO:Creating metrics dataframe
2021-06-03 16:26:44,693:INFO:Initializing Orthogonal Matching Pursuit
2021-06-03 16:26:44,693:INFO:Total runtime is 0.2871215701103211 minutes
2021-06-03 16:26:44,701:INFO:SubProcess create_model() called ==================================
2021-06-03 16:26:44,702:INFO:Initializing create_model()
2021-06-03 16:26:44,702:INFO:create_model(estimator=omp, fold=KFold(n_splits=10, random_state=None, shuffle=False), round=4, cross_validation=True, predict=True, fit_kwargs={}, groups=None, refit=False, verbose=False, system=False, metrics=None, display=<pycaret.internal.Display.Display object at 0x00000223BDD25F70>, kwargs={})
2021-06-03 16:26:44,702:INFO:Checking exceptions
2021-06-03 16:26:44,702:INFO:Importing libraries
2021-06-03 16:26:44,702:INFO:Copying training dataset
2021-06-03 16:26:44,704:INFO:Defining folds
2021-06-03 16:26:44,704:INFO:Declaring metric variables
2021-06-03 16:26:44,715:INFO:Importing untrained model
2021-06-03 16:26:44,725:INFO:Orthogonal Matching Pursuit Imported succesfully
2021-06-03 16:26:44,745:INFO:Starting cross validation
2021-06-03 16:26:44,746:INFO:Cross validating with KFold(n_splits=10, random_state=None, shuffle=False), n_jobs=-1
2021-06-03 16:26:44,987:INFO:Calculating mean and std
2021-06-03 16:26:44,988:INFO:Creating metrics dataframe
2021-06-03 16:26:44,992:INFO:Uploading results into container
2021-06-03 16:26:44,992:INFO:Uploading model into container now
2021-06-03 16:26:44,992:INFO:create_model_container: 7
2021-06-03 16:26:44,992:INFO:master_model_container: 7
2021-06-03 16:26:44,993:INFO:display_container: 2
2021-06-03 16:26:44,993:INFO:OrthogonalMatchingPursuit(fit_intercept=True, n_nonzero_coefs=None,
                          normalize=True, precompute='auto', tol=None)
2021-06-03 16:26:44,993:INFO:create_model() succesfully completed......................................
2021-06-03 16:26:45,061:INFO:SubProcess create_model() end ==================================
2021-06-03 16:26:45,061:INFO:Creating metrics dataframe
2021-06-03 16:26:45,079:INFO:Initializing Bayesian Ridge
2021-06-03 16:26:45,080:INFO:Total runtime is 0.2935733795166016 minutes
2021-06-03 16:26:45,089:INFO:SubProcess create_model() called ==================================
2021-06-03 16:26:45,089:INFO:Initializing create_model()
2021-06-03 16:26:45,089:INFO:create_model(estimator=br, fold=KFold(n_splits=10, random_state=None, shuffle=False), round=4, cross_validation=True, predict=True, fit_kwargs={}, groups=None, refit=False, verbose=False, system=False, metrics=None, display=<pycaret.internal.Display.Display object at 0x00000223BDD25F70>, kwargs={})
2021-06-03 16:26:45,089:INFO:Checking exceptions
2021-06-03 16:26:45,089:INFO:Importing libraries
2021-06-03 16:26:45,089:INFO:Copying training dataset
2021-06-03 16:26:45,091:INFO:Defining folds
2021-06-03 16:26:45,091:INFO:Declaring metric variables
2021-06-03 16:26:45,100:INFO:Importing untrained model
2021-06-03 16:26:45,110:INFO:Bayesian Ridge Imported succesfully
2021-06-03 16:26:45,134:INFO:Starting cross validation
2021-06-03 16:26:45,135:INFO:Cross validating with KFold(n_splits=10, random_state=None, shuffle=False), n_jobs=-1
2021-06-03 16:27:11,819:INFO:Calculating mean and std
2021-06-03 16:27:11,820:INFO:Creating metrics dataframe
2021-06-03 16:27:11,824:INFO:Uploading results into container
2021-06-03 16:27:11,824:INFO:Uploading model into container now
2021-06-03 16:27:11,824:INFO:create_model_container: 8
2021-06-03 16:27:11,824:INFO:master_model_container: 8
2021-06-03 16:27:11,824:INFO:display_container: 2
2021-06-03 16:27:11,825:INFO:BayesianRidge(alpha_1=1e-06, alpha_2=1e-06, alpha_init=None,
              compute_score=False, copy_X=True, fit_intercept=True,
              lambda_1=1e-06, lambda_2=1e-06, lambda_init=None, n_iter=300,
              normalize=False, tol=0.001, verbose=False)
2021-06-03 16:27:11,825:INFO:create_model() succesfully completed......................................
2021-06-03 16:27:11,894:INFO:SubProcess create_model() end ==================================
2021-06-03 16:27:11,895:INFO:Creating metrics dataframe
2021-06-03 16:27:11,915:INFO:Initializing Passive Aggressive Regressor
2021-06-03 16:27:11,915:INFO:Total runtime is 0.7408278425534567 minutes
2021-06-03 16:27:11,924:INFO:SubProcess create_model() called ==================================
2021-06-03 16:27:11,924:INFO:Initializing create_model()
2021-06-03 16:27:11,924:INFO:create_model(estimator=par, fold=KFold(n_splits=10, random_state=None, shuffle=False), round=4, cross_validation=True, predict=True, fit_kwargs={}, groups=None, refit=False, verbose=False, system=False, metrics=None, display=<pycaret.internal.Display.Display object at 0x00000223BDD25F70>, kwargs={})
2021-06-03 16:27:11,924:INFO:Checking exceptions
2021-06-03 16:27:11,925:INFO:Importing libraries
2021-06-03 16:27:11,925:INFO:Copying training dataset
2021-06-03 16:27:11,927:INFO:Defining folds
2021-06-03 16:27:11,927:INFO:Declaring metric variables
2021-06-03 16:27:11,937:INFO:Importing untrained model
2021-06-03 16:27:11,948:INFO:Passive Aggressive Regressor Imported succesfully
2021-06-03 16:27:11,970:INFO:Starting cross validation
2021-06-03 16:27:11,971:INFO:Cross validating with KFold(n_splits=10, random_state=None, shuffle=False), n_jobs=-1
2021-06-03 16:27:12,248:INFO:Calculating mean and std
2021-06-03 16:27:12,249:INFO:Creating metrics dataframe
2021-06-03 16:27:12,254:INFO:Uploading results into container
2021-06-03 16:27:12,254:INFO:Uploading model into container now
2021-06-03 16:27:12,254:INFO:create_model_container: 9
2021-06-03 16:27:12,254:INFO:master_model_container: 9
2021-06-03 16:27:12,254:INFO:display_container: 2
2021-06-03 16:27:12,254:INFO:PassiveAggressiveRegressor(C=1.0, average=False, early_stopping=False,
                           epsilon=0.1, fit_intercept=True,
                           loss='epsilon_insensitive', max_iter=1000,
                           n_iter_no_change=5, random_state=5914, shuffle=True,
                           tol=0.001, validation_fraction=0.1, verbose=0,
                           warm_start=False)
2021-06-03 16:27:12,254:INFO:create_model() succesfully completed......................................
2021-06-03 16:27:12,325:INFO:SubProcess create_model() end ==================================
2021-06-03 16:27:12,325:INFO:Creating metrics dataframe
2021-06-03 16:27:12,346:INFO:Initializing Huber Regressor
2021-06-03 16:27:12,346:INFO:Total runtime is 0.7480020046234132 minutes
2021-06-03 16:27:12,355:INFO:SubProcess create_model() called ==================================
2021-06-03 16:27:12,355:INFO:Initializing create_model()
2021-06-03 16:27:12,355:INFO:create_model(estimator=huber, fold=KFold(n_splits=10, random_state=None, shuffle=False), round=4, cross_validation=True, predict=True, fit_kwargs={}, groups=None, refit=False, verbose=False, system=False, metrics=None, display=<pycaret.internal.Display.Display object at 0x00000223BDD25F70>, kwargs={})
2021-06-03 16:27:12,356:INFO:Checking exceptions
2021-06-03 16:27:12,356:INFO:Importing libraries
2021-06-03 16:27:12,356:INFO:Copying training dataset
2021-06-03 16:27:12,358:INFO:Defining folds
2021-06-03 16:27:12,358:INFO:Declaring metric variables
2021-06-03 16:27:12,367:INFO:Importing untrained model
2021-06-03 16:27:12,377:INFO:Huber Regressor Imported succesfully
2021-06-03 16:27:12,401:INFO:Starting cross validation
2021-06-03 16:27:12,401:INFO:Cross validating with KFold(n_splits=10, random_state=None, shuffle=False), n_jobs=-1
2021-06-03 16:27:16,292:INFO:Calculating mean and std
2021-06-03 16:27:16,293:INFO:Creating metrics dataframe
2021-06-03 16:27:16,297:INFO:Uploading results into container
2021-06-03 16:27:16,298:INFO:Uploading model into container now
2021-06-03 16:27:16,298:INFO:create_model_container: 10
2021-06-03 16:27:16,298:INFO:master_model_container: 10
2021-06-03 16:27:16,298:INFO:display_container: 2
2021-06-03 16:27:16,298:INFO:HuberRegressor(alpha=0.0001, epsilon=1.35, fit_intercept=True, max_iter=100,
               tol=1e-05, warm_start=False)
2021-06-03 16:27:16,298:INFO:create_model() succesfully completed......................................
2021-06-03 16:27:16,375:INFO:SubProcess create_model() end ==================================
2021-06-03 16:27:16,375:INFO:Creating metrics dataframe
2021-06-03 16:27:16,398:INFO:Initializing K Neighbors Regressor
2021-06-03 16:27:16,398:INFO:Total runtime is 0.8155393958091737 minutes
2021-06-03 16:27:16,408:INFO:SubProcess create_model() called ==================================
2021-06-03 16:27:16,409:INFO:Initializing create_model()
2021-06-03 16:27:16,409:INFO:create_model(estimator=knn, fold=KFold(n_splits=10, random_state=None, shuffle=False), round=4, cross_validation=True, predict=True, fit_kwargs={}, groups=None, refit=False, verbose=False, system=False, metrics=None, display=<pycaret.internal.Display.Display object at 0x00000223BDD25F70>, kwargs={})
2021-06-03 16:27:16,409:INFO:Checking exceptions
2021-06-03 16:27:16,409:INFO:Importing libraries
2021-06-03 16:27:16,409:INFO:Copying training dataset
2021-06-03 16:27:16,411:INFO:Defining folds
2021-06-03 16:27:16,411:INFO:Declaring metric variables
2021-06-03 16:27:16,425:INFO:Importing untrained model
2021-06-03 16:27:16,436:INFO:K Neighbors Regressor Imported succesfully
2021-06-03 16:27:16,458:INFO:Starting cross validation
2021-06-03 16:27:16,458:INFO:Cross validating with KFold(n_splits=10, random_state=None, shuffle=False), n_jobs=-1
2021-06-03 16:27:17,236:WARNING:create_model() for knn raised an exception or returned all 0.0, trying without fit_kwargs:
2021-06-03 16:27:17,239:WARNING:joblib.externals.loky.process_executor._RemoteTraceback: 
"""
Traceback (most recent call last):
  File "D:\Anaconda\lib\site-packages\sklearn\metrics\_scorer.py", line 56, in _cached_call
    return cache[method]
KeyError: 'predict'

During handling of the above exception, another exception occurred:

Traceback (most recent call last):
  File "D:\Anaconda\lib\site-packages\joblib\externals\loky\process_executor.py", line 431, in _process_worker
    r = call_item()
  File "D:\Anaconda\lib\site-packages\joblib\externals\loky\process_executor.py", line 285, in __call__
    return self.fn(*self.args, **self.kwargs)
  File "D:\Anaconda\lib\site-packages\joblib\_parallel_backends.py", line 595, in __call__
    return self.func(*args, **kwargs)
  File "D:\Anaconda\lib\site-packages\joblib\parallel.py", line 262, in __call__
    return [func(*args, **kwargs)
  File "D:\Anaconda\lib\site-packages\joblib\parallel.py", line 262, in <listcomp>
    return [func(*args, **kwargs)
  File "D:\Anaconda\lib\site-packages\sklearn\model_selection\_validation.py", line 560, in _fit_and_score
    test_scores = _score(estimator, X_test, y_test, scorer)
  File "D:\Anaconda\lib\site-packages\sklearn\model_selection\_validation.py", line 607, in _score
    scores = scorer(estimator, X_test, y_test)
  File "D:\Anaconda\lib\site-packages\sklearn\metrics\_scorer.py", line 87, in __call__
    score = scorer._score(cached_call, estimator,
  File "D:\Anaconda\lib\site-packages\sklearn\metrics\_scorer.py", line 206, in _score
    y_pred = method_caller(estimator, "predict", X)
  File "D:\Anaconda\lib\site-packages\sklearn\metrics\_scorer.py", line 58, in _cached_call
    result = getattr(estimator, method)(*args, **kwargs)
  File "D:\Anaconda\lib\site-packages\pycaret\internal\pipeline.py", line 114, in predict
    result = super().predict(X, **predict_params)
  File "D:\Anaconda\lib\site-packages\sklearn\utils\metaestimators.py", line 119, in <lambda>
    out = lambda *args, **kwargs: self.fn(obj, *args, **kwargs)
  File "D:\Anaconda\lib\site-packages\sklearn\pipeline.py", line 408, in predict
    return self.steps[-1][-1].predict(Xt, **predict_params)
  File "D:\Anaconda\lib\site-packages\sklearn\neighbors\_regression.py", line 185, in predict
    y_pred = np.mean(_y[neigh_ind], axis=1)
  File "<__array_function__ internals>", line 5, in mean
  File "D:\Anaconda\lib\site-packages\numpy\core\fromnumeric.py", line 3372, in mean
    return _methods._mean(a, axis=axis, dtype=dtype,
  File "D:\Anaconda\lib\site-packages\numpy\core\_methods.py", line 162, in _mean
    ret = um.true_divide(
TypeError: unsupported operand type(s) for /: 'str' and 'int'
"""

The above exception was the direct cause of the following exception:

Traceback (most recent call last):
  File "D:\Anaconda\lib\site-packages\pycaret\internal\tabular.py", line 2163, in compare_models
    model, model_fit_time = create_model_supervised(
  File "D:\Anaconda\lib\site-packages\pycaret\internal\tabular.py", line 3112, in create_model_supervised
    scores = cross_validate(
  File "D:\Anaconda\lib\site-packages\sklearn\utils\validation.py", line 72, in inner_f
    return f(**kwargs)
  File "D:\Anaconda\lib\site-packages\sklearn\model_selection\_validation.py", line 242, in cross_validate
    scores = parallel(
  File "D:\Anaconda\lib\site-packages\joblib\parallel.py", line 1061, in __call__
    self.retrieve()
  File "D:\Anaconda\lib\site-packages\joblib\parallel.py", line 940, in retrieve
    self._output.extend(job.get(timeout=self.timeout))
  File "D:\Anaconda\lib\site-packages\joblib\_parallel_backends.py", line 542, in wrap_future_result
    return future.result(timeout=timeout)
  File "D:\Anaconda\lib\concurrent\futures\_base.py", line 439, in result
    return self.__get_result()
  File "D:\Anaconda\lib\concurrent\futures\_base.py", line 388, in __get_result
    raise self._exception
TypeError: unsupported operand type(s) for /: 'str' and 'int'

2021-06-03 16:27:17,240:INFO:Initializing create_model()
2021-06-03 16:27:17,240:INFO:create_model(estimator=knn, fold=KFold(n_splits=10, random_state=None, shuffle=False), round=4, cross_validation=True, predict=True, fit_kwargs=None, groups=None, refit=False, verbose=False, system=False, metrics=None, display=<pycaret.internal.Display.Display object at 0x00000223BDD25F70>, kwargs={})
2021-06-03 16:27:17,240:INFO:Checking exceptions
2021-06-03 16:27:17,240:INFO:Importing libraries
2021-06-03 16:27:17,241:INFO:Copying training dataset
2021-06-03 16:27:17,246:INFO:Defining folds
2021-06-03 16:27:17,246:INFO:Declaring metric variables
2021-06-03 16:27:17,262:INFO:Importing untrained model
2021-06-03 16:27:17,275:INFO:K Neighbors Regressor Imported succesfully
2021-06-03 16:27:17,305:INFO:Starting cross validation
2021-06-03 16:27:17,306:INFO:Cross validating with KFold(n_splits=10, random_state=None, shuffle=False), n_jobs=-1
2021-06-03 16:27:37,007:ERROR:create_model() for knn raised an exception:
2021-06-03 16:27:37,011:ERROR:joblib.externals.loky.process_executor._RemoteTraceback: 
"""
Traceback (most recent call last):
  File "D:\Anaconda\lib\site-packages\sklearn\metrics\_scorer.py", line 56, in _cached_call
    return cache[method]
KeyError: 'predict'

During handling of the above exception, another exception occurred:

Traceback (most recent call last):
  File "D:\Anaconda\lib\site-packages\joblib\externals\loky\process_executor.py", line 431, in _process_worker
    r = call_item()
  File "D:\Anaconda\lib\site-packages\joblib\externals\loky\process_executor.py", line 285, in __call__
    return self.fn(*self.args, **self.kwargs)
  File "D:\Anaconda\lib\site-packages\joblib\_parallel_backends.py", line 595, in __call__
    return self.func(*args, **kwargs)
  File "D:\Anaconda\lib\site-packages\joblib\parallel.py", line 262, in __call__
    return [func(*args, **kwargs)
  File "D:\Anaconda\lib\site-packages\joblib\parallel.py", line 262, in <listcomp>
    return [func(*args, **kwargs)
  File "D:\Anaconda\lib\site-packages\sklearn\model_selection\_validation.py", line 560, in _fit_and_score
    test_scores = _score(estimator, X_test, y_test, scorer)
  File "D:\Anaconda\lib\site-packages\sklearn\model_selection\_validation.py", line 607, in _score
    scores = scorer(estimator, X_test, y_test)
  File "D:\Anaconda\lib\site-packages\sklearn\metrics\_scorer.py", line 87, in __call__
    score = scorer._score(cached_call, estimator,
  File "D:\Anaconda\lib\site-packages\sklearn\metrics\_scorer.py", line 206, in _score
    y_pred = method_caller(estimator, "predict", X)
  File "D:\Anaconda\lib\site-packages\sklearn\metrics\_scorer.py", line 58, in _cached_call
    result = getattr(estimator, method)(*args, **kwargs)
  File "D:\Anaconda\lib\site-packages\pycaret\internal\pipeline.py", line 114, in predict
    result = super().predict(X, **predict_params)
  File "D:\Anaconda\lib\site-packages\sklearn\utils\metaestimators.py", line 119, in <lambda>
    out = lambda *args, **kwargs: self.fn(obj, *args, **kwargs)
  File "D:\Anaconda\lib\site-packages\sklearn\pipeline.py", line 408, in predict
    return self.steps[-1][-1].predict(Xt, **predict_params)
  File "D:\Anaconda\lib\site-packages\sklearn\neighbors\_regression.py", line 185, in predict
    y_pred = np.mean(_y[neigh_ind], axis=1)
  File "<__array_function__ internals>", line 5, in mean
  File "D:\Anaconda\lib\site-packages\numpy\core\fromnumeric.py", line 3372, in mean
    return _methods._mean(a, axis=axis, dtype=dtype,
  File "D:\Anaconda\lib\site-packages\numpy\core\_methods.py", line 162, in _mean
    ret = um.true_divide(
TypeError: unsupported operand type(s) for /: 'str' and 'int'
"""

The above exception was the direct cause of the following exception:

Traceback (most recent call last):
  File "D:\Anaconda\lib\site-packages\pycaret\internal\tabular.py", line 2183, in compare_models
    model, model_fit_time = create_model_supervised(
  File "D:\Anaconda\lib\site-packages\pycaret\internal\tabular.py", line 3112, in create_model_supervised
    scores = cross_validate(
  File "D:\Anaconda\lib\site-packages\sklearn\utils\validation.py", line 72, in inner_f
    return f(**kwargs)
  File "D:\Anaconda\lib\site-packages\sklearn\model_selection\_validation.py", line 242, in cross_validate
    scores = parallel(
  File "D:\Anaconda\lib\site-packages\joblib\parallel.py", line 1061, in __call__
    self.retrieve()
  File "D:\Anaconda\lib\site-packages\joblib\parallel.py", line 940, in retrieve
    self._output.extend(job.get(timeout=self.timeout))
  File "D:\Anaconda\lib\site-packages\joblib\_parallel_backends.py", line 542, in wrap_future_result
    return future.result(timeout=timeout)
  File "D:\Anaconda\lib\concurrent\futures\_base.py", line 439, in result
    return self.__get_result()
  File "D:\Anaconda\lib\concurrent\futures\_base.py", line 388, in __get_result
    raise self._exception
TypeError: unsupported operand type(s) for /: 'str' and 'int'

2021-06-03 16:27:37,011:INFO:Initializing Decision Tree Regressor
2021-06-03 16:27:37,011:INFO:Total runtime is 1.1591013352076214 minutes
2021-06-03 16:27:37,023:INFO:SubProcess create_model() called ==================================
2021-06-03 16:27:37,024:INFO:Initializing create_model()
2021-06-03 16:27:37,024:INFO:create_model(estimator=dt, fold=KFold(n_splits=10, random_state=None, shuffle=False), round=4, cross_validation=True, predict=True, fit_kwargs={}, groups=None, refit=False, verbose=False, system=False, metrics=None, display=<pycaret.internal.Display.Display object at 0x00000223BDD25F70>, kwargs={})
2021-06-03 16:27:37,024:INFO:Checking exceptions
2021-06-03 16:27:37,025:INFO:Importing libraries
2021-06-03 16:27:37,025:INFO:Copying training dataset
2021-06-03 16:27:37,028:INFO:Defining folds
2021-06-03 16:27:37,029:INFO:Declaring metric variables
2021-06-03 16:27:37,039:INFO:Importing untrained model
2021-06-03 16:27:37,053:INFO:Decision Tree Regressor Imported succesfully
2021-06-03 16:27:37,079:INFO:Starting cross validation
2021-06-03 16:27:37,080:INFO:Cross validating with KFold(n_splits=10, random_state=None, shuffle=False), n_jobs=-1
2021-06-03 16:27:54,750:INFO:Calculating mean and std
2021-06-03 16:27:54,751:INFO:Creating metrics dataframe
2021-06-03 16:27:54,755:INFO:Uploading results into container
2021-06-03 16:27:54,755:INFO:Uploading model into container now
2021-06-03 16:27:54,755:INFO:create_model_container: 11
2021-06-03 16:27:54,755:INFO:master_model_container: 11
2021-06-03 16:27:54,755:INFO:display_container: 2
2021-06-03 16:27:54,755:INFO:DecisionTreeRegressor(ccp_alpha=0.0, criterion='mse', max_depth=None,
                      max_features=None, max_leaf_nodes=None,
                      min_impurity_decrease=0.0, min_impurity_split=None,
                      min_samples_leaf=1, min_samples_split=2,
                      min_weight_fraction_leaf=0.0, presort='deprecated',
                      random_state=5914, splitter='best')
2021-06-03 16:27:54,756:INFO:create_model() succesfully completed......................................
2021-06-03 16:27:54,833:INFO:SubProcess create_model() end ==================================
2021-06-03 16:27:54,833:INFO:Creating metrics dataframe
2021-06-03 16:27:54,858:INFO:Initializing Random Forest Regressor
2021-06-03 16:27:54,858:INFO:Total runtime is 1.4565381765365601 minutes
2021-06-03 16:27:54,869:INFO:SubProcess create_model() called ==================================
2021-06-03 16:27:54,869:INFO:Initializing create_model()
2021-06-03 16:27:54,869:INFO:create_model(estimator=rf, fold=KFold(n_splits=10, random_state=None, shuffle=False), round=4, cross_validation=True, predict=True, fit_kwargs={}, groups=None, refit=False, verbose=False, system=False, metrics=None, display=<pycaret.internal.Display.Display object at 0x00000223BDD25F70>, kwargs={})
2021-06-03 16:27:54,869:INFO:Checking exceptions
2021-06-03 16:27:54,869:INFO:Importing libraries
2021-06-03 16:27:54,869:INFO:Copying training dataset
2021-06-03 16:27:54,872:INFO:Defining folds
2021-06-03 16:27:54,873:INFO:Declaring metric variables
2021-06-03 16:27:54,883:INFO:Importing untrained model
2021-06-03 16:27:54,896:INFO:Random Forest Regressor Imported succesfully
2021-06-03 16:27:54,936:INFO:Starting cross validation
2021-06-03 16:27:54,937:INFO:Cross validating with KFold(n_splits=10, random_state=None, shuffle=False), n_jobs=-1
2021-06-03 16:28:24,476:INFO:Calculating mean and std
2021-06-03 16:28:24,477:INFO:Creating metrics dataframe
2021-06-03 16:28:24,481:INFO:Uploading results into container
2021-06-03 16:28:24,481:INFO:Uploading model into container now
2021-06-03 16:28:24,481:INFO:create_model_container: 12
2021-06-03 16:28:24,481:INFO:master_model_container: 12
2021-06-03 16:28:24,481:INFO:display_container: 2
2021-06-03 16:28:24,482:INFO:RandomForestRegressor(bootstrap=True, ccp_alpha=0.0, criterion='mse',
                      max_depth=None, max_features='auto', max_leaf_nodes=None,
                      max_samples=None, min_impurity_decrease=0.0,
                      min_impurity_split=None, min_samples_leaf=1,
                      min_samples_split=2, min_weight_fraction_leaf=0.0,
                      n_estimators=100, n_jobs=-1, oob_score=False,
                      random_state=5914, verbose=0, warm_start=False)
2021-06-03 16:28:24,482:INFO:create_model() succesfully completed......................................
2021-06-03 16:28:24,551:INFO:SubProcess create_model() end ==================================
2021-06-03 16:28:24,551:INFO:Creating metrics dataframe
2021-06-03 16:28:24,574:INFO:Initializing Extra Trees Regressor
2021-06-03 16:28:24,574:INFO:Total runtime is 1.9518061319986981 minutes
2021-06-03 16:28:24,583:INFO:SubProcess create_model() called ==================================
2021-06-03 16:28:24,583:INFO:Initializing create_model()
2021-06-03 16:28:24,583:INFO:create_model(estimator=et, fold=KFold(n_splits=10, random_state=None, shuffle=False), round=4, cross_validation=True, predict=True, fit_kwargs={}, groups=None, refit=False, verbose=False, system=False, metrics=None, display=<pycaret.internal.Display.Display object at 0x00000223BDD25F70>, kwargs={})
2021-06-03 16:28:24,583:INFO:Checking exceptions
2021-06-03 16:28:24,584:INFO:Importing libraries
2021-06-03 16:28:24,584:INFO:Copying training dataset
2021-06-03 16:28:24,585:INFO:Defining folds
2021-06-03 16:28:24,586:INFO:Declaring metric variables
2021-06-03 16:28:24,594:INFO:Importing untrained model
2021-06-03 16:28:24,606:INFO:Extra Trees Regressor Imported succesfully
2021-06-03 16:28:24,626:INFO:Starting cross validation
2021-06-03 16:28:24,626:INFO:Cross validating with KFold(n_splits=10, random_state=None, shuffle=False), n_jobs=-1
2021-06-03 16:29:56,428:INFO:Calculating mean and std
2021-06-03 16:29:56,430:INFO:Creating metrics dataframe
2021-06-03 16:29:56,439:INFO:Uploading results into container
2021-06-03 16:29:56,439:INFO:Uploading model into container now
2021-06-03 16:29:56,440:INFO:create_model_container: 13
2021-06-03 16:29:56,440:INFO:master_model_container: 13
2021-06-03 16:29:56,440:INFO:display_container: 2
2021-06-03 16:29:56,441:INFO:ExtraTreesRegressor(bootstrap=False, ccp_alpha=0.0, criterion='mse',
                    max_depth=None, max_features='auto', max_leaf_nodes=None,
                    max_samples=None, min_impurity_decrease=0.0,
                    min_impurity_split=None, min_samples_leaf=1,
                    min_samples_split=2, min_weight_fraction_leaf=0.0,
                    n_estimators=100, n_jobs=-1, oob_score=False,
                    random_state=5914, verbose=0, warm_start=False)
2021-06-03 16:29:56,442:INFO:create_model() succesfully completed......................................
2021-06-03 16:29:56,572:INFO:SubProcess create_model() end ==================================
2021-06-03 16:29:56,572:INFO:Creating metrics dataframe
2021-06-03 16:29:56,615:INFO:Initializing AdaBoost Regressor
2021-06-03 16:29:56,615:INFO:Total runtime is 3.4858255465825403 minutes
2021-06-03 16:29:56,636:INFO:SubProcess create_model() called ==================================
2021-06-03 16:29:56,637:INFO:Initializing create_model()
2021-06-03 16:29:56,637:INFO:create_model(estimator=ada, fold=KFold(n_splits=10, random_state=None, shuffle=False), round=4, cross_validation=True, predict=True, fit_kwargs={}, groups=None, refit=False, verbose=False, system=False, metrics=None, display=<pycaret.internal.Display.Display object at 0x00000223BDD25F70>, kwargs={})
2021-06-03 16:29:56,637:INFO:Checking exceptions
2021-06-03 16:29:56,637:INFO:Importing libraries
2021-06-03 16:29:56,637:INFO:Copying training dataset
2021-06-03 16:29:56,641:INFO:Defining folds
2021-06-03 16:29:56,641:INFO:Declaring metric variables
2021-06-03 16:29:56,663:INFO:Importing untrained model
2021-06-03 16:29:56,686:INFO:AdaBoost Regressor Imported succesfully
2021-06-03 16:29:56,730:INFO:Starting cross validation
2021-06-03 16:29:56,732:INFO:Cross validating with KFold(n_splits=10, random_state=None, shuffle=False), n_jobs=-1
2021-06-03 16:29:57,078:INFO:Calculating mean and std
2021-06-03 16:29:57,079:INFO:Creating metrics dataframe
2021-06-03 16:29:57,085:INFO:Uploading results into container
2021-06-03 16:29:57,085:INFO:Uploading model into container now
2021-06-03 16:29:57,086:INFO:create_model_container: 14
2021-06-03 16:29:57,086:INFO:master_model_container: 14
2021-06-03 16:29:57,086:INFO:display_container: 2
2021-06-03 16:29:57,087:INFO:AdaBoostRegressor(base_estimator=None, learning_rate=1.0, loss='linear',
                  n_estimators=50, random_state=5914)
2021-06-03 16:29:57,087:INFO:create_model() succesfully completed......................................
2021-06-03 16:29:57,185:INFO:SubProcess create_model() end ==================================
2021-06-03 16:29:57,186:INFO:Creating metrics dataframe
2021-06-03 16:29:57,219:INFO:Initializing Gradient Boosting Regressor
2021-06-03 16:29:57,219:INFO:Total runtime is 3.495899077256521 minutes
2021-06-03 16:29:57,236:INFO:SubProcess create_model() called ==================================
2021-06-03 16:29:57,237:INFO:Initializing create_model()
2021-06-03 16:29:57,237:INFO:create_model(estimator=gbr, fold=KFold(n_splits=10, random_state=None, shuffle=False), round=4, cross_validation=True, predict=True, fit_kwargs={}, groups=None, refit=False, verbose=False, system=False, metrics=None, display=<pycaret.internal.Display.Display object at 0x00000223BDD25F70>, kwargs={})
2021-06-03 16:29:57,237:INFO:Checking exceptions
2021-06-03 16:29:57,237:INFO:Importing libraries
2021-06-03 16:29:57,237:INFO:Copying training dataset
2021-06-03 16:29:57,240:INFO:Defining folds
2021-06-03 16:29:57,241:INFO:Declaring metric variables
2021-06-03 16:29:57,262:INFO:Importing untrained model
2021-06-03 16:29:57,278:INFO:Gradient Boosting Regressor Imported succesfully
2021-06-03 16:29:57,317:INFO:Starting cross validation
2021-06-03 16:29:57,319:INFO:Cross validating with KFold(n_splits=10, random_state=None, shuffle=False), n_jobs=-1
2021-06-03 16:30:00,037:INFO:Calculating mean and std
2021-06-03 16:30:00,038:INFO:Creating metrics dataframe
2021-06-03 16:30:00,043:INFO:Uploading results into container
2021-06-03 16:30:00,044:INFO:Uploading model into container now
2021-06-03 16:30:00,044:INFO:create_model_container: 15
2021-06-03 16:30:00,044:INFO:master_model_container: 15
2021-06-03 16:30:00,044:INFO:display_container: 2
2021-06-03 16:30:00,046:INFO:GradientBoostingRegressor(alpha=0.9, ccp_alpha=0.0, criterion='friedman_mse',
                          init=None, learning_rate=0.1, loss='ls', max_depth=3,
                          max_features=None, max_leaf_nodes=None,
                          min_impurity_decrease=0.0, min_impurity_split=None,
                          min_samples_leaf=1, min_samples_split=2,
                          min_weight_fraction_leaf=0.0, n_estimators=100,
                          n_iter_no_change=None, presort='deprecated',
                          random_state=5914, subsample=1.0, tol=0.0001,
                          validation_fraction=0.1, verbose=0, warm_start=False)
2021-06-03 16:30:00,046:INFO:create_model() succesfully completed......................................
2021-06-03 16:30:00,136:INFO:SubProcess create_model() end ==================================
2021-06-03 16:30:00,137:INFO:Creating metrics dataframe
2021-06-03 16:30:00,165:INFO:Initializing Extreme Gradient Boosting
2021-06-03 16:30:00,165:INFO:Total runtime is 3.5450011491775517 minutes
2021-06-03 16:30:00,180:INFO:SubProcess create_model() called ==================================
2021-06-03 16:30:00,181:INFO:Initializing create_model()
2021-06-03 16:30:00,181:INFO:create_model(estimator=xgboost, fold=KFold(n_splits=10, random_state=None, shuffle=False), round=4, cross_validation=True, predict=True, fit_kwargs={}, groups=None, refit=False, verbose=False, system=False, metrics=None, display=<pycaret.internal.Display.Display object at 0x00000223BDD25F70>, kwargs={})
2021-06-03 16:30:00,181:INFO:Checking exceptions
2021-06-03 16:30:00,181:INFO:Importing libraries
2021-06-03 16:30:00,181:INFO:Copying training dataset
2021-06-03 16:30:00,184:INFO:Defining folds
2021-06-03 16:30:00,185:INFO:Declaring metric variables
2021-06-03 16:30:00,198:INFO:Importing untrained model
2021-06-03 16:30:00,214:INFO:Extreme Gradient Boosting Imported succesfully
2021-06-03 16:30:00,238:INFO:Starting cross validation
2021-06-03 16:30:00,241:INFO:Cross validating with KFold(n_splits=10, random_state=None, shuffle=False), n_jobs=-1
2021-06-03 16:30:08,080:INFO:Calculating mean and std
2021-06-03 16:30:08,082:INFO:Creating metrics dataframe
2021-06-03 16:30:08,089:INFO:Uploading results into container
2021-06-03 16:30:08,090:INFO:Uploading model into container now
2021-06-03 16:30:08,090:INFO:create_model_container: 16
2021-06-03 16:30:08,090:INFO:master_model_container: 16
2021-06-03 16:30:08,090:INFO:display_container: 2
2021-06-03 16:30:08,091:INFO:XGBRegressor(base_score=None, booster='gbtree', colsample_bylevel=None,
             colsample_bynode=None, colsample_bytree=None, gamma=None,
             gpu_id=None, importance_type='gain', interaction_constraints=None,
             learning_rate=None, max_delta_step=None, max_depth=None,
             min_child_weight=None, missing=nan, monotone_constraints=None,
             n_estimators=100, n_jobs=-1, num_parallel_tree=None,
             objective='reg:squarederror', random_state=5914, reg_alpha=None,
             reg_lambda=None, scale_pos_weight=None, subsample=None,
             tree_method='auto', validate_parameters=None, verbosity=0)
2021-06-03 16:30:08,091:INFO:create_model() succesfully completed......................................
2021-06-03 16:30:08,183:INFO:SubProcess create_model() end ==================================
2021-06-03 16:30:08,183:INFO:Creating metrics dataframe
2021-06-03 16:30:08,223:INFO:Initializing Light Gradient Boosting Machine
2021-06-03 16:30:08,224:INFO:Total runtime is 3.679308966795604 minutes
2021-06-03 16:30:08,242:INFO:SubProcess create_model() called ==================================
2021-06-03 16:30:08,242:INFO:Initializing create_model()
2021-06-03 16:30:08,242:INFO:create_model(estimator=lightgbm, fold=KFold(n_splits=10, random_state=None, shuffle=False), round=4, cross_validation=True, predict=True, fit_kwargs={}, groups=None, refit=False, verbose=False, system=False, metrics=None, display=<pycaret.internal.Display.Display object at 0x00000223BDD25F70>, kwargs={})
2021-06-03 16:30:08,242:INFO:Checking exceptions
2021-06-03 16:30:08,242:INFO:Importing libraries
2021-06-03 16:30:08,243:INFO:Copying training dataset
2021-06-03 16:30:08,246:INFO:Defining folds
2021-06-03 16:30:08,246:INFO:Declaring metric variables
2021-06-03 16:30:08,269:INFO:Importing untrained model
2021-06-03 16:30:08,292:INFO:Light Gradient Boosting Machine Imported succesfully
2021-06-03 16:30:08,342:INFO:Starting cross validation
2021-06-03 16:30:08,343:INFO:Cross validating with KFold(n_splits=10, random_state=None, shuffle=False), n_jobs=-1
2021-06-03 16:30:10,469:INFO:Calculating mean and std
2021-06-03 16:30:10,471:INFO:Creating metrics dataframe
2021-06-03 16:30:10,477:INFO:Uploading results into container
2021-06-03 16:30:10,477:INFO:Uploading model into container now
2021-06-03 16:30:10,477:INFO:create_model_container: 17
2021-06-03 16:30:10,477:INFO:master_model_container: 17
2021-06-03 16:30:10,477:INFO:display_container: 2
2021-06-03 16:30:10,479:INFO:LGBMRegressor(boosting_type='gbdt', class_weight=None, colsample_bytree=1.0,
              importance_type='split', learning_rate=0.1, max_depth=-1,
              min_child_samples=20, min_child_weight=0.001, min_split_gain=0.0,
              n_estimators=100, n_jobs=-1, num_leaves=31, objective=None,
              random_state=5914, reg_alpha=0.0, reg_lambda=0.0, silent=True,
              subsample=1.0, subsample_for_bin=200000, subsample_freq=0)
2021-06-03 16:30:10,479:INFO:create_model() succesfully completed......................................
2021-06-03 16:30:10,579:WARNING:create_model() for LGBMRegressor(boosting_type='gbdt', class_weight=None, colsample_bytree=1.0,
              importance_type='split', learning_rate=0.1, max_depth=-1,
              min_child_samples=20, min_child_weight=0.001, min_split_gain=0.0,
              n_estimators=100, n_jobs=-1, num_leaves=31, objective=None,
              random_state=5914, reg_alpha=0.0, reg_lambda=0.0, silent=True,
              subsample=1.0, subsample_for_bin=200000, subsample_freq=0) raised an exception or returned all 0.0, trying without fit_kwargs:
2021-06-03 16:30:10,580:WARNING:Traceback (most recent call last):
  File "D:\Anaconda\lib\site-packages\pycaret\internal\tabular.py", line 2176, in compare_models
    assert np.sum(model_results.iloc[0]) != 0.0
AssertionError

2021-06-03 16:30:10,581:INFO:Initializing create_model()
2021-06-03 16:30:10,581:INFO:create_model(estimator=LGBMRegressor(boosting_type='gbdt', class_weight=None, colsample_bytree=1.0,
              importance_type='split', learning_rate=0.1, max_depth=-1,
              min_child_samples=20, min_child_weight=0.001, min_split_gain=0.0,
              n_estimators=100, n_jobs=-1, num_leaves=31, objective=None,
              random_state=5914, reg_alpha=0.0, reg_lambda=0.0, silent=True,
              subsample=1.0, subsample_for_bin=200000, subsample_freq=0), fold=KFold(n_splits=10, random_state=None, shuffle=False), round=4, cross_validation=True, predict=True, fit_kwargs=None, groups=None, refit=False, verbose=False, system=False, metrics=None, display=<pycaret.internal.Display.Display object at 0x00000223BDD25F70>, kwargs={})
2021-06-03 16:30:10,581:INFO:Checking exceptions
2021-06-03 16:30:10,581:INFO:Importing libraries
2021-06-03 16:30:10,581:INFO:Copying training dataset
2021-06-03 16:30:10,584:INFO:Defining folds
2021-06-03 16:30:10,584:INFO:Declaring metric variables
2021-06-03 16:30:10,600:INFO:Importing untrained model
2021-06-03 16:30:10,600:INFO:Declaring custom model
2021-06-03 16:30:10,623:INFO:Light Gradient Boosting Machine Imported succesfully
2021-06-03 16:30:10,658:INFO:Starting cross validation
2021-06-03 16:30:10,659:INFO:Cross validating with KFold(n_splits=10, random_state=None, shuffle=False), n_jobs=-1
2021-06-03 16:30:10,960:INFO:Calculating mean and std
2021-06-03 16:30:10,962:INFO:Creating metrics dataframe
2021-06-03 16:30:10,969:INFO:Uploading results into container
2021-06-03 16:30:10,969:INFO:Uploading model into container now
2021-06-03 16:30:10,969:INFO:create_model_container: 18
2021-06-03 16:30:10,970:INFO:master_model_container: 18
2021-06-03 16:30:10,970:INFO:display_container: 2
2021-06-03 16:30:10,971:INFO:LGBMRegressor(boosting_type='gbdt', class_weight=None, colsample_bytree=1.0,
              importance_type='split', learning_rate=0.1, max_depth=-1,
              min_child_samples=20, min_child_weight=0.001, min_split_gain=0.0,
              n_estimators=100, n_jobs=-1, num_leaves=31, objective=None,
              random_state=5914, reg_alpha=0.0, reg_lambda=0.0, silent=True,
              subsample=1.0, subsample_for_bin=200000, subsample_freq=0)
2021-06-03 16:30:10,971:INFO:create_model() succesfully completed......................................
2021-06-03 16:30:11,055:INFO:SubProcess create_model() end ==================================
2021-06-03 16:30:11,055:INFO:Creating metrics dataframe
2021-06-03 16:30:11,092:INFO:Initializing CatBoost Regressor
2021-06-03 16:30:11,092:INFO:Total runtime is 3.727114907900493 minutes
2021-06-03 16:30:11,107:INFO:SubProcess create_model() called ==================================
2021-06-03 16:30:11,108:INFO:Initializing create_model()
2021-06-03 16:30:11,108:INFO:create_model(estimator=catboost, fold=KFold(n_splits=10, random_state=None, shuffle=False), round=4, cross_validation=True, predict=True, fit_kwargs={}, groups=None, refit=False, verbose=False, system=False, metrics=None, display=<pycaret.internal.Display.Display object at 0x00000223BDD25F70>, kwargs={})
2021-06-03 16:30:11,108:INFO:Checking exceptions
2021-06-03 16:30:11,108:INFO:Importing libraries
2021-06-03 16:30:11,108:INFO:Copying training dataset
2021-06-03 16:30:11,111:INFO:Defining folds
2021-06-03 16:30:11,111:INFO:Declaring metric variables
2021-06-03 16:30:11,123:INFO:Importing untrained model
2021-06-03 16:30:11,140:INFO:CatBoost Regressor Imported succesfully
2021-06-03 16:30:11,175:INFO:Starting cross validation
2021-06-03 16:30:11,177:INFO:Cross validating with KFold(n_splits=10, random_state=None, shuffle=False), n_jobs=-1
2021-06-03 16:30:33,154:INFO:Calculating mean and std
2021-06-03 16:30:33,154:INFO:Creating metrics dataframe
2021-06-03 16:30:33,158:INFO:Uploading results into container
2021-06-03 16:30:33,158:INFO:Uploading model into container now
2021-06-03 16:30:33,158:INFO:create_model_container: 19
2021-06-03 16:30:33,158:INFO:master_model_container: 19
2021-06-03 16:30:33,158:INFO:display_container: 2
2021-06-03 16:30:33,158:INFO:<catboost.core.CatBoostRegressor object at 0x00000223BDCB3310>
2021-06-03 16:30:33,159:INFO:create_model() succesfully completed......................................
2021-06-03 16:30:33,238:INFO:SubProcess create_model() end ==================================
2021-06-03 16:30:33,239:INFO:Creating metrics dataframe
2021-06-03 16:30:33,295:INFO:Initializing create_model()
2021-06-03 16:30:33,296:INFO:create_model(estimator=LGBMRegressor(boosting_type='gbdt', class_weight=None, colsample_bytree=1.0,
              importance_type='split', learning_rate=0.1, max_depth=-1,
              min_child_samples=20, min_child_weight=0.001, min_split_gain=0.0,
              n_estimators=100, n_jobs=-1, num_leaves=31, objective=None,
              random_state=5914, reg_alpha=0.0, reg_lambda=0.0, silent=True,
              subsample=1.0, subsample_for_bin=200000, subsample_freq=0), fold=KFold(n_splits=10, random_state=None, shuffle=False), round=4, cross_validation=False, predict=False, fit_kwargs={}, groups=None, refit=True, verbose=False, system=False, metrics=None, display=None, kwargs={})
2021-06-03 16:30:33,296:INFO:Checking exceptions
2021-06-03 16:30:33,296:INFO:Importing libraries
2021-06-03 16:30:33,296:INFO:Copying training dataset
2021-06-03 16:30:33,298:INFO:Defining folds
2021-06-03 16:30:33,298:INFO:Declaring metric variables
2021-06-03 16:30:33,299:INFO:Importing untrained model
2021-06-03 16:30:33,299:INFO:Declaring custom model
2021-06-03 16:30:33,301:INFO:Light Gradient Boosting Machine Imported succesfully
2021-06-03 16:30:33,302:INFO:Cross validation set to False
2021-06-03 16:30:33,302:INFO:Fitting Model
2021-06-04 11:48:06,319:INFO:PyCaret Supervised Module
2021-06-04 11:48:06,320:INFO:ML Usecase: regression
2021-06-04 11:48:06,320:INFO:version 2.3.0
2021-06-04 11:48:06,320:INFO:Initializing setup()
2021-06-04 11:48:06,320:INFO:setup(target=sentiment, ml_usecase=regression, available_plots={'parameter': 'Hyperparameters', 'residuals': 'Residuals', 'error': 'Prediction Error', 'cooks': 'Cooks Distance', 'rfe': 'Feature Selection', 'learning': 'Learning Curve', 'manifold': 'Manifold Learning', 'vc': 'Validation Curve', 'feature': 'Feature Importance', 'feature_all': 'Feature Importance (All)', 'tree': 'Decision Tree', 'residuals_interactive': 'Interactive Residuals'}, train_size=0.7, test_data=None, preprocess=True, imputation_type=simple, iterative_imputation_iters=5, categorical_features=None, categorical_imputation=constant, categorical_iterative_imputer=lightgbm, ordinal_features=None, high_cardinality_features=None, high_cardinality_method=frequency, numeric_features=None, numeric_imputation=mean, numeric_iterative_imputer=lightgbm, date_features=None, ignore_features=None, normalize=False, normalize_method=zscore, transformation=False, transformation_method=yeo-johnson, handle_unknown_categorical=True, unknown_categorical_method=least_frequent, pca=False, pca_method=linear, pca_components=None, ignore_low_variance=False, combine_rare_levels=False, rare_level_threshold=0.1, bin_numeric_features=None, remove_outliers=False, outliers_threshold=0.05, remove_multicollinearity=False, multicollinearity_threshold=0.9, remove_perfect_collinearity=True, create_clusters=False, cluster_iter=20, polynomial_features=False, polynomial_degree=2, trigonometry_features=False, polynomial_threshold=0.1, group_features=None, group_names=None, feature_selection=False, feature_selection_threshold=0.8, feature_selection_method=classic, feature_interaction=False, feature_ratio=False, interaction_threshold=0.01, fix_imbalance=False, fix_imbalance_method=None, transform_target=False, transform_target_method=box-cox, data_split_shuffle=True, data_split_stratify=False, fold_strategy=kfold, fold=10, fold_shuffle=False, fold_groups=None, n_jobs=-1, use_gpu=False, custom_pipeline=None, html=True, session_id=None, log_experiment=False, experiment_name=None, log_plots=False, log_profile=False, log_data=False, silent=False, verbose=True, profile=False, profile_kwargs=None, display=None)
2021-06-04 11:48:06,320:INFO:Checking environment
2021-06-04 11:48:06,320:INFO:python_version: 3.8.5
2021-06-04 11:48:06,320:INFO:python_build: ('default', 'Sep  3 2020 21:29:08')
2021-06-04 11:48:06,320:INFO:machine: AMD64
2021-06-04 11:48:06,321:INFO:platform: Windows-10-10.0.18362-SP0
2021-06-04 11:48:06,321:INFO:Memory: svmem(total=12761948160, available=6266425344, percent=50.9, used=6495522816, free=6266425344)
2021-06-04 11:48:06,321:INFO:Physical Core: 4
2021-06-04 11:48:06,321:INFO:Logical Core: 8
2021-06-04 11:48:06,321:INFO:Checking libraries
2021-06-04 11:48:06,321:INFO:pd==1.1.3
2021-06-04 11:48:06,322:INFO:numpy==1.19.5
2021-06-04 11:48:06,322:INFO:sklearn==0.23.2
2021-06-04 11:48:06,322:INFO:lightgbm==3.2.1
2021-06-04 11:48:08,650:INFO:catboost==0.25.1
2021-06-04 11:48:09,105:INFO:xgboost==1.3.3
2021-06-04 11:48:10,730:INFO:mlflow==1.15.0
2021-06-04 11:48:10,730:INFO:Checking Exceptions
2021-06-04 11:48:10,730:INFO:Declaring global variables
2021-06-04 11:48:10,730:INFO:USI: d785
2021-06-04 11:48:10,731:INFO:pycaret_globals: {'X', 'create_model_container', 'stratify_param', 'transform_target_param', '_internal_pipeline', 'fix_imbalance_param', 'X_test', 'gpu_param', 'USI', 'y', 'iterative_imputation_iters_param', '_ml_usecase', '_all_metrics', 'display_container', 'pycaret_globals', 'target_param', 'html_param', 'transform_target_method_param', 'X_train', 'data_before_preprocess', 'n_jobs_param', 'imputation_regressor', 'experiment__', '_all_models_internal', 'fold_groups_param', 'fold_param', '_available_plots', 'seed', 'logging_param', '_all_models', 'fix_imbalance_method_param', 'imputation_classifier', 'exp_name_log', 'log_plots_param', 'y_test', 'fold_shuffle_param', 'y_train', '_gpu_n_jobs_param', 'prep_pipe', 'master_model_container', 'fold_generator'}
2021-06-04 11:48:10,731:INFO:Preparing display monitor
2021-06-04 11:48:10,731:INFO:Preparing display monitor
2021-06-04 11:48:10,742:INFO:Importing libraries
2021-06-04 11:48:10,742:INFO:Copying data for preprocessing
2021-06-04 11:48:10,750:INFO:Declaring preprocessing parameters
2021-06-04 11:48:10,751:INFO:Creating preprocessing pipeline
2021-06-04 11:48:10,754:INFO:Preprocessing pipeline created successfully
2021-06-04 11:48:10,755:ERROR:(Process Exit): setup has been interupted with user command 'quit'. setup must rerun.
2021-06-04 11:48:10,755:INFO:Creating global containers
2021-06-04 11:48:10,755:INFO:Internal pipeline: Pipeline(memory=None, steps=[('empty_step', 'passthrough')], verbose=False)
2021-06-04 11:48:13,236:INFO:Creating grid variables
2021-06-04 11:48:13,291:INFO:create_model_container: 0
2021-06-04 11:48:13,291:INFO:master_model_container: 0
2021-06-04 11:48:13,291:INFO:display_container: 1
2021-06-04 11:48:13,296:INFO:Pipeline(memory=None,
         steps=[('dtypes',
                 DataTypes_Auto_infer(categorical_features=[],
                                      display_types=True, features_todrop=[],
                                      id_columns=[], ml_usecase='regression',
                                      numerical_features=[], target='sentiment',
                                      time_features=[])),
                ('imputer',
                 Simple_Imputer(categorical_strategy='not_available',
                                fill_value_categorical=None,
                                fill_value_numerical=None,
                                numeric_strate...
                ('scaling', 'passthrough'), ('P_transform', 'passthrough'),
                ('binn', 'passthrough'), ('rem_outliers', 'passthrough'),
                ('cluster_all', 'passthrough'),
                ('dummy', Dummify(target='sentiment')),
                ('fix_perfect', Remove_100(target='sentiment')),
                ('clean_names', Clean_Colum_Names()),
                ('feature_select', 'passthrough'), ('fix_multi', 'passthrough'),
                ('dfs', 'passthrough'), ('pca', 'passthrough')],
         verbose=False)
2021-06-04 11:48:13,296:INFO:setup() succesfully completed......................................
